[Qibo 0.2.7|INFO|2024-06-05 17:00:54]: Using qibojit (numba) backend on /CPU:0
Timesteps/1000: 0.001
Reward: 2.1428
Test set Fidelity: 0.8558 std: 0.0428
Saving new best model at 1 timesteps.
Saving new best model in simulation/experiments/1q/model_5.
Timesteps/1000: 5.0
Reward: 2.1818
Test set Fidelity: 0.8565 std: 0.0415
Saving new best model at 5000 timesteps.
Saving new best model in simulation/experiments/1q/model_5.
Timesteps/1000: 10.0
Reward: 2.3208
Test set Fidelity: 0.8603 std: 0.0379
Saving new best model at 10000 timesteps.
Saving new best model in simulation/experiments/1q/model_5.
Timesteps/1000: 15.0
Reward: 2.3901
Test set Fidelity: 0.8622 std: 0.0360
Saving new best model at 15000 timesteps.
Saving new best model in simulation/experiments/1q/model_5.
Timesteps/1000: 20.0
Reward: 2.5506
Test set Fidelity: 0.8663 std: 0.0329
Saving new best model at 20000 timesteps.
Saving new best model in simulation/experiments/1q/model_5.
Timesteps/1000: 25.0
Reward: 2.3885
Test set Fidelity: 0.8627 std: 0.0362
Timesteps/1000: 30.0
Reward: 2.4000
Test set Fidelity: 0.8627 std: 0.0352
Timesteps/1000: 35.0
Reward: 2.5884
Test set Fidelity: 0.8993 std: 0.0326
Saving new best model at 35000 timesteps.
Saving new best model in simulation/experiments/1q/model_5.
Timesteps/1000: 40.0
Reward: 2.7391
Test set Fidelity: 0.9153 std: 0.0275
Saving new best model at 40000 timesteps.
Saving new best model in simulation/experiments/1q/model_5.
Timesteps/1000: 45.0
Reward: 2.5891
Test set Fidelity: 0.8896 std: 0.0309
Timesteps/1000: 50.0
Reward: 2.6969
Test set Fidelity: 0.8822 std: 0.0276
Timesteps/1000: 55.0
Reward: 3.2576
Test set Fidelity: 0.9270 std: 0.0188
Saving new best model at 55000 timesteps.
Saving new best model in simulation/experiments/1q/model_5.
Timesteps/1000: 60.0
Reward: 3.0417
Test set Fidelity: 0.9141 std: 0.0203
Timesteps/1000: 65.0
Reward: 3.0461
Test set Fidelity: 0.9131 std: 0.0194
Timesteps/1000: 70.0
Reward: 2.9356
Test set Fidelity: 0.9039 std: 0.0199
Timesteps/1000: 75.0
Reward: 2.9357
Test set Fidelity: 0.8989 std: 0.0255
Timesteps/1000: 80.0
Reward: 2.8868
Test set Fidelity: 0.8736 std: 0.0265
Timesteps/1000: 85.0
Reward: 2.8687
Test set Fidelity: 0.8728 std: 0.0267
Timesteps/1000: 90.0
Reward: 3.0471
Test set Fidelity: 0.9101 std: 0.0189
Timesteps/1000: 95.0
Reward: 3.8976
Test set Fidelity: 0.9449 std: 0.0154
Saving new best model at 95000 timesteps.
Saving new best model in simulation/experiments/1q/model_5.
Timesteps/1000: 100.0
Reward: 4.1909
Test set Fidelity: 0.9504 std: 0.0149
Saving new best model at 100000 timesteps.
Saving new best model in simulation/experiments/1q/model_5.
Timesteps/1000: 105.0
Reward: 3.8484
Test set Fidelity: 0.9434 std: 0.0154
Timesteps/1000: 110.0
Reward: 4.5859
Test set Fidelity: 0.9567 std: 0.0136
Saving new best model at 110000 timesteps.
Saving new best model in simulation/experiments/1q/model_5.
Timesteps/1000: 115.0
Reward: 10.0912
Test set Fidelity: 0.9812 std: 0.0085
Saving new best model at 115000 timesteps.
Saving new best model in simulation/experiments/1q/model_5.
Timesteps/1000: 120.0
Reward: 7.6124
Test set Fidelity: 0.9744 std: 0.0105
Timesteps/1000: 125.0
Reward: 9.5909
Test set Fidelity: 0.9798 std: 0.0090
Timesteps/1000: 130.0
Reward: 9.4946
Test set Fidelity: 0.9801 std: 0.0091
Timesteps/1000: 135.0
Reward: 11.4873
Test set Fidelity: 0.9833 std: 0.0082
Saving new best model at 135000 timesteps.
Saving new best model in simulation/experiments/1q/model_5.
Timesteps/1000: 140.0
Reward: 10.5792
Test set Fidelity: 0.9820 std: 0.0085
Timesteps/1000: 145.0
Reward: 10.6732
Test set Fidelity: 0.9825 std: 0.0084
Timesteps/1000: 150.0
Reward: 11.6882
Test set Fidelity: 0.9831 std: 0.0084
Timesteps/1000: 155.0
Reward: 9.2897
Test set Fidelity: 0.9798 std: 0.0093
Timesteps/1000: 160.0
Reward: 8.1390
Test set Fidelity: 0.9763 std: 0.0106
Timesteps/1000: 165.0
Reward: 9.6692
Test set Fidelity: 0.9789 std: 0.0103
Timesteps/1000: 170.0
Reward: 8.9051
Test set Fidelity: 0.9770 std: 0.0110
Timesteps/1000: 175.0
Reward: 10.2157
Test set Fidelity: 0.9781 std: 0.0109
Timesteps/1000: 180.0
Reward: 10.7385
Test set Fidelity: 0.9801 std: 0.0096
Timesteps/1000: 185.0
Reward: 10.3385
Test set Fidelity: 0.9773 std: 0.0116
Timesteps/1000: 190.0
Reward: 10.0113
Test set Fidelity: 0.9764 std: 0.0120
Timesteps/1000: 195.0
Reward: 8.7955
Test set Fidelity: 0.9730 std: 0.0129
Timesteps/1000: 200.0
Reward: 9.7203
Test set Fidelity: 0.9757 std: 0.0118
Timesteps/1000: 205.0
Reward: 7.6043
Test set Fidelity: 0.9669 std: 0.0165
Timesteps/1000: 210.0
Reward: 8.0359
Test set Fidelity: 0.9692 std: 0.0146
Timesteps/1000: 215.0
Reward: 5.5816
Test set Fidelity: 0.9579 std: 0.0192
Timesteps/1000: 220.0
Reward: 6.0432
Test set Fidelity: 0.9630 std: 0.0163
Timesteps/1000: 225.0
Reward: 5.9665
Test set Fidelity: 0.9620 std: 0.0182
Timesteps/1000: 230.0
Reward: 6.1543
Test set Fidelity: 0.9641 std: 0.0169
Timesteps/1000: 235.0
Reward: 14.1852
Test set Fidelity: 0.9752 std: 0.0128
Timesteps/1000: 240.0
Reward: 8.4976
Test set Fidelity: 0.9717 std: 0.0143
Timesteps/1000: 245.0
Reward: 9.3541
Test set Fidelity: 0.9725 std: 0.0133
Timesteps/1000: 250.0
Reward: 47.3449
Test set Fidelity: 0.9792 std: 0.0103
Timesteps/1000: 255.0
Reward: 18.2499
Test set Fidelity: 0.9834 std: 0.0086
Saving new best model at 255000 timesteps.
Saving new best model in simulation/experiments/1q/model_5.
Timesteps/1000: 260.0
Reward: 24.7005
Test set Fidelity: 0.9803 std: 0.0102
Timesteps/1000: 265.0
Reward: 23.3779
Test set Fidelity: 0.9830 std: 0.0083
Timesteps/1000: 270.0
Reward: 18.5688
Test set Fidelity: 0.9849 std: 0.0076
Saving new best model at 270000 timesteps.
Saving new best model in simulation/experiments/1q/model_5.
Timesteps/1000: 275.0
Reward: 21.5366
Test set Fidelity: 0.9854 std: 0.0074
Saving new best model at 275000 timesteps.
Saving new best model in simulation/experiments/1q/model_5.
Timesteps/1000: 280.0
Reward: 26.4826
Test set Fidelity: 0.9759 std: 0.0126
Timesteps/1000: 285.0
Reward: 27.3189
Test set Fidelity: 0.9779 std: 0.0113
Timesteps/1000: 290.0
Reward: 10.3521
Test set Fidelity: 0.9738 std: 0.0122
Timesteps/1000: 295.0
Reward: 11.9563
Test set Fidelity: 0.9762 std: 0.0110
Timesteps/1000: 300.0
Reward: 7.8102
Test set Fidelity: 0.9710 std: 0.0117
Timesteps/1000: 305.0
Reward: 20.0515
Test set Fidelity: 0.9862 std: 0.0070
Saving new best model at 305000 timesteps.
Saving new best model in simulation/experiments/1q/model_5.
Timesteps/1000: 310.0
Reward: 47.6338
Test set Fidelity: 0.9831 std: 0.0080
Timesteps/1000: 315.0
Reward: 27.0055
Test set Fidelity: 0.9864 std: 0.0074
Saving new best model at 315000 timesteps.
Saving new best model in simulation/experiments/1q/model_5.
Timesteps/1000: 320.0
Reward: 22.8954
Test set Fidelity: 0.9860 std: 0.0073
Timesteps/1000: 325.0
Reward: 19.6526
Test set Fidelity: 0.9849 std: 0.0075
Timesteps/1000: 330.0
Reward: 27.4256
Test set Fidelity: 0.9872 std: 0.0070
Saving new best model at 330000 timesteps.
Saving new best model in simulation/experiments/1q/model_5.
Timesteps/1000: 335.0
Reward: 25.3895
Test set Fidelity: 0.9858 std: 0.0075
Timesteps/1000: 340.0
Reward: 19.1331
Test set Fidelity: 0.9845 std: 0.0075
Timesteps/1000: 345.0
Reward: 21.9748
Test set Fidelity: 0.9862 std: 0.0073
Timesteps/1000: 350.0
Reward: 22.5941
Test set Fidelity: 0.9871 std: 0.0073
Timesteps/1000: 355.0
Reward: 25.4902
Test set Fidelity: 0.9871 std: 0.0070
Timesteps/1000: 360.0
Reward: 27.7752
Test set Fidelity: 0.9880 std: 0.0065
Saving new best model at 360000 timesteps.
Saving new best model in simulation/experiments/1q/model_5.
Timesteps/1000: 365.0
Reward: 32.2019
Test set Fidelity: 0.9896 std: 0.0058
Saving new best model at 365000 timesteps.
Saving new best model in simulation/experiments/1q/model_5.
Timesteps/1000: 370.0
Reward: 33.5669
Test set Fidelity: 0.9898 std: 0.0055
Saving new best model at 370000 timesteps.
Saving new best model in simulation/experiments/1q/model_5.
Timesteps/1000: 375.0
Reward: 32.0784
Test set Fidelity: 0.9907 std: 0.0057
Saving new best model at 375000 timesteps.
Saving new best model in simulation/experiments/1q/model_5.
Timesteps/1000: 380.0
Reward: 31.1185
Test set Fidelity: 0.9901 std: 0.0060
Timesteps/1000: 385.0
Reward: 25.4534
Test set Fidelity: 0.9887 std: 0.0066
Timesteps/1000: 390.0
Reward: 28.6353
Test set Fidelity: 0.9888 std: 0.0066
Timesteps/1000: 395.0
Reward: 30.0496
Test set Fidelity: 0.9888 std: 0.0062
Timesteps/1000: 400.0
Reward: 30.4846
Test set Fidelity: 0.9893 std: 0.0061
Timesteps/1000: 405.0
Reward: 25.2715
Test set Fidelity: 0.9885 std: 0.0064
Timesteps/1000: 410.0
Reward: 21.8417
Test set Fidelity: 0.9882 std: 0.0064
Timesteps/1000: 415.0
Reward: 11.8245
Test set Fidelity: 0.9824 std: 0.0082
Timesteps/1000: 420.0
Reward: 31.8009
Test set Fidelity: 0.9892 std: 0.0060
Timesteps/1000: 425.0
Reward: 28.7653
Test set Fidelity: 0.9900 std: 0.0058
Timesteps/1000: 430.0
Reward: 21.5752
Test set Fidelity: 0.9889 std: 0.0060
Timesteps/1000: 435.0
Reward: 45.9914
Test set Fidelity: 0.9907 std: 0.0054
Timesteps/1000: 440.0
Reward: 35.0019
Test set Fidelity: 0.9913 std: 0.0051
Saving new best model at 440000 timesteps.
Saving new best model in simulation/experiments/1q/model_5.
Timesteps/1000: 445.0
Reward: 30.5936
Test set Fidelity: 0.9897 std: 0.0056
Timesteps/1000: 450.0
Reward: 30.2878
Test set Fidelity: 0.9904 std: 0.0053
Timesteps/1000: 455.0
Reward: 37.4057
Test set Fidelity: 0.9908 std: 0.0051
Timesteps/1000: 460.0
Reward: 20.4363
Test set Fidelity: 0.9880 std: 0.0059
Timesteps/1000: 465.0
Reward: 22.9935
Test set Fidelity: 0.9885 std: 0.0057
Timesteps/1000: 470.0
Reward: 23.8028
Test set Fidelity: 0.9893 std: 0.0053
Timesteps/1000: 475.0
Reward: 28.8404
Test set Fidelity: 0.9889 std: 0.0056
Timesteps/1000: 480.0
Reward: 35.4662
Test set Fidelity: 0.9895 std: 0.0056
Timesteps/1000: 485.0
Reward: 29.7320
Test set Fidelity: 0.9892 std: 0.0055
Timesteps/1000: 490.0
Reward: 50.5086
Test set Fidelity: 0.9906 std: 0.0050
Timesteps/1000: 495.0
Reward: 23.5891
Test set Fidelity: 0.9901 std: 0.0048
Timesteps/1000: 500.0
Reward: 31.0126
Test set Fidelity: 0.9912 std: 0.0045
Timesteps/1000: 505.0
Reward: 33.7451
Test set Fidelity: 0.9911 std: 0.0045
Timesteps/1000: 510.0
Reward: 26.6024
Test set Fidelity: 0.9905 std: 0.0046
Timesteps/1000: 515.0
Reward: 30.7064
Test set Fidelity: 0.9915 std: 0.0041
Saving new best model at 515000 timesteps.
Saving new best model in simulation/experiments/1q/model_5.
Timesteps/1000: 520.0
Reward: 28.8171
Test set Fidelity: 0.9919 std: 0.0039
Saving new best model at 520000 timesteps.
Saving new best model in simulation/experiments/1q/model_5.
Timesteps/1000: 525.0
Reward: 28.2962
Test set Fidelity: 0.9923 std: 0.0038
Saving new best model at 525000 timesteps.
Saving new best model in simulation/experiments/1q/model_5.
Timesteps/1000: 530.0
Reward: 31.4858
Test set Fidelity: 0.9926 std: 0.0039
Saving new best model at 530000 timesteps.
Saving new best model in simulation/experiments/1q/model_5.
Timesteps/1000: 535.0
Reward: 28.9416
Test set Fidelity: 0.9921 std: 0.0043
Timesteps/1000: 540.0
Reward: 30.3036
Test set Fidelity: 0.9917 std: 0.0045
Timesteps/1000: 545.0
Reward: 30.5871
Test set Fidelity: 0.9915 std: 0.0048
Timesteps/1000: 550.0
Reward: 31.1124
Test set Fidelity: 0.9926 std: 0.0044
Saving new best model at 550000 timesteps.
Saving new best model in simulation/experiments/1q/model_5.
Timesteps/1000: 555.0
Reward: 34.2314
Test set Fidelity: 0.9921 std: 0.0048
Timesteps/1000: 560.0
Reward: 27.3895
Test set Fidelity: 0.9911 std: 0.0051
Timesteps/1000: 565.0
Reward: 31.9053
Test set Fidelity: 0.9916 std: 0.0049
Timesteps/1000: 570.0
Reward: 36.7660
Test set Fidelity: 0.9921 std: 0.0047
Timesteps/1000: 575.0
Reward: 36.3630
Test set Fidelity: 0.9917 std: 0.0049
Timesteps/1000: 580.0
Reward: 40.0266
Test set Fidelity: 0.9919 std: 0.0050
Timesteps/1000: 585.0
Reward: 52.6733
Test set Fidelity: 0.9924 std: 0.0049
Timesteps/1000: 590.0
Reward: 54.4663
Test set Fidelity: 0.9925 std: 0.0047
Timesteps/1000: 595.0
Reward: 56.9768
Test set Fidelity: 0.9932 std: 0.0045
Saving new best model at 595000 timesteps.
Saving new best model in simulation/experiments/1q/model_5.
Timesteps/1000: 600.0
Reward: 51.6666
Test set Fidelity: 0.9935 std: 0.0044
Saving new best model at 600000 timesteps.
Saving new best model in simulation/experiments/1q/model_5.
Timesteps/1000: 605.0
Reward: 47.8572
Test set Fidelity: 0.9936 std: 0.0043
Saving new best model at 605000 timesteps.
Saving new best model in simulation/experiments/1q/model_5.
Timesteps/1000: 610.0
Reward: 48.4597
Test set Fidelity: 0.9933 std: 0.0044
Timesteps/1000: 615.0
Reward: 41.5219
Test set Fidelity: 0.9928 std: 0.0045
Timesteps/1000: 620.0
Reward: 45.2111
Test set Fidelity: 0.9932 std: 0.0043
Timesteps/1000: 625.0
Reward: 43.3865
Test set Fidelity: 0.9931 std: 0.0043
Timesteps/1000: 630.0
Reward: 43.9884
Test set Fidelity: 0.9929 std: 0.0042
Timesteps/1000: 635.0
Reward: 36.8237
Test set Fidelity: 0.9923 std: 0.0047
Timesteps/1000: 640.0
Reward: 45.9454
Test set Fidelity: 0.9935 std: 0.0043
Timesteps/1000: 645.0
Reward: 46.6330
Test set Fidelity: 0.9928 std: 0.0044
Timesteps/1000: 650.0
Reward: 36.9069
Test set Fidelity: 0.9925 std: 0.0045
Timesteps/1000: 655.0
Reward: 44.0674
Test set Fidelity: 0.9931 std: 0.0044
Timesteps/1000: 660.0
Reward: 65.2279
Test set Fidelity: 0.9935 std: 0.0043
Timesteps/1000: 665.0
Reward: 72.9766
Test set Fidelity: 0.9939 std: 0.0040
Saving new best model at 665000 timesteps.
Saving new best model in simulation/experiments/1q/model_5.
Timesteps/1000: 670.0
Reward: 52.0624
Test set Fidelity: 0.9931 std: 0.0044
Timesteps/1000: 675.0
Reward: 155.3882
Test set Fidelity: 0.9939 std: 0.0040
Timesteps/1000: 680.0
Reward: 67.8790
Test set Fidelity: 0.9939 std: 0.0040
Saving new best model at 680000 timesteps.
Saving new best model in simulation/experiments/1q/model_5.
Timesteps/1000: 685.0
Reward: 104.5747
Test set Fidelity: 0.9930 std: 0.0046
Timesteps/1000: 690.0
Reward: 86.7167
Test set Fidelity: 0.9934 std: 0.0044
Timesteps/1000: 695.0
Reward: 63.7380
Test set Fidelity: 0.9933 std: 0.0043
Timesteps/1000: 700.0
Reward: 63.7600
Test set Fidelity: 0.9935 std: 0.0045
Timesteps/1000: 705.0
Reward: 63.0921
Test set Fidelity: 0.9925 std: 0.0049
Timesteps/1000: 710.0
Reward: 46.1185
Test set Fidelity: 0.9920 std: 0.0051
Timesteps/1000: 715.0
Reward: 62.1962
Test set Fidelity: 0.9914 std: 0.0056
Timesteps/1000: 720.0
Reward: 56.5644
Test set Fidelity: 0.9931 std: 0.0043
Timesteps/1000: 725.0
Reward: 61.5901
Test set Fidelity: 0.9921 std: 0.0050
Timesteps/1000: 730.0
Reward: 54.3156
Test set Fidelity: 0.9924 std: 0.0046
Timesteps/1000: 735.0
Reward: 52.2119
Test set Fidelity: 0.9923 std: 0.0048
Timesteps/1000: 740.0
Reward: 42.7987
Test set Fidelity: 0.9927 std: 0.0047
Timesteps/1000: 745.0
Reward: 58.3833
Test set Fidelity: 0.9935 std: 0.0039
Timesteps/1000: 750.0
Reward: 61.7577
Test set Fidelity: 0.9935 std: 0.0042
Timesteps/1000: 755.0
Reward: 57.0793
Test set Fidelity: 0.9936 std: 0.0041
Timesteps/1000: 760.0
Reward: 77.9021
Test set Fidelity: 0.9935 std: 0.0043
Timesteps/1000: 765.0
Reward: 65.0791
Test set Fidelity: 0.9938 std: 0.0039
Timesteps/1000: 770.0
Reward: 99.6635
Test set Fidelity: 0.9940 std: 0.0040
Saving new best model at 770000 timesteps.
Saving new best model in simulation/experiments/1q/model_5.
Timesteps/1000: 775.0
Reward: 47.5678
Test set Fidelity: 0.9931 std: 0.0046
Timesteps/1000: 780.0
Reward: 55.4471
Test set Fidelity: 0.9937 std: 0.0042
Timesteps/1000: 785.0
Reward: 46.5664
Test set Fidelity: 0.9934 std: 0.0045
Timesteps/1000: 790.0
Reward: 55.4847
Test set Fidelity: 0.9933 std: 0.0046
Timesteps/1000: 795.0
Reward: 38.3170
Test set Fidelity: 0.9934 std: 0.0046
Timesteps/1000: 800.0
Reward: 61.6189
Test set Fidelity: 0.9938 std: 0.0042
Timesteps/1000: 805.0
Reward: 43.0542
Test set Fidelity: 0.9928 std: 0.0050
Timesteps/1000: 810.0
Reward: 55.8801
Test set Fidelity: 0.9927 std: 0.0052
Timesteps/1000: 815.0
Reward: 77.9934
Test set Fidelity: 0.9938 std: 0.0042
Timesteps/1000: 820.0
Reward: 93.3106
Test set Fidelity: 0.9940 std: 0.0041
Timesteps/1000: 825.0
Reward: 61.3495
Test set Fidelity: 0.9939 std: 0.0042
Timesteps/1000: 830.0
Reward: 44.4236
Test set Fidelity: 0.9937 std: 0.0045
Timesteps/1000: 835.0
Reward: 66.1887
Test set Fidelity: 0.9941 std: 0.0041
Saving new best model at 835000 timesteps.
Saving new best model in simulation/experiments/1q/model_5.
Timesteps/1000: 840.0
Reward: 36.7104
Test set Fidelity: 0.9936 std: 0.0046
Timesteps/1000: 845.0
Reward: 50.3449
Test set Fidelity: 0.9940 std: 0.0044
Timesteps/1000: 850.0
Reward: 74.2163
Test set Fidelity: 0.9941 std: 0.0042
Timesteps/1000: 855.0
Reward: 58.2415
Test set Fidelity: 0.9940 std: 0.0043
Timesteps/1000: 860.0
Reward: 95.4635
Test set Fidelity: 0.9942 std: 0.0041
Saving new best model at 860000 timesteps.
Saving new best model in simulation/experiments/1q/model_5.
Timesteps/1000: 865.0
Reward: 97.2715
Test set Fidelity: 0.9942 std: 0.0043
Timesteps/1000: 870.0
Reward: 50.4039
Test set Fidelity: 0.9940 std: 0.0043
Timesteps/1000: 875.0
Reward: 51.1829
Test set Fidelity: 0.9938 std: 0.0044
Timesteps/1000: 880.0
Reward: 43.8896
Test set Fidelity: 0.9937 std: 0.0044
Timesteps/1000: 885.0
Reward: 50.1944
Test set Fidelity: 0.9936 std: 0.0047
Timesteps/1000: 890.0
Reward: 41.5036
Test set Fidelity: 0.9933 std: 0.0048
Timesteps/1000: 895.0
Reward: 43.7148
Test set Fidelity: 0.9938 std: 0.0045
Timesteps/1000: 900.0
Reward: 49.1138
Test set Fidelity: 0.9938 std: 0.0046
Timesteps/1000: 905.0
Reward: 73.3307
Test set Fidelity: 0.9940 std: 0.0044
Timesteps/1000: 910.0
Reward: 48.8465
Test set Fidelity: 0.9941 std: 0.0045
Timesteps/1000: 915.0
Reward: 59.2084
Test set Fidelity: 0.9940 std: 0.0045
Timesteps/1000: 920.0
Reward: 40.8894
Test set Fidelity: 0.9932 std: 0.0049
Timesteps/1000: 925.0
Reward: 45.0582
Test set Fidelity: 0.9929 std: 0.0052
Timesteps/1000: 930.0
Reward: 41.3235
Test set Fidelity: 0.9935 std: 0.0048
Timesteps/1000: 935.0
Reward: 49.3711
Test set Fidelity: 0.9939 std: 0.0045
Timesteps/1000: 940.0
Reward: 50.4345
Test set Fidelity: 0.9937 std: 0.0046
Timesteps/1000: 945.0
Reward: 57.4684
Test set Fidelity: 0.9936 std: 0.0049
Timesteps/1000: 950.0
Reward: 53.4702
Test set Fidelity: 0.9933 std: 0.0052
Timesteps/1000: 955.0
Reward: 55.4133
Test set Fidelity: 0.9937 std: 0.0049
Timesteps/1000: 960.0
Reward: 89.9841
Test set Fidelity: 0.9940 std: 0.0046
Timesteps/1000: 965.0
Reward: 47.7647
Test set Fidelity: 0.9938 std: 0.0049
Timesteps/1000: 970.0
Reward: 46.1545
Test set Fidelity: 0.9936 std: 0.0050
Timesteps/1000: 975.0
Reward: 38.3764
Test set Fidelity: 0.9932 std: 0.0054
Timesteps/1000: 980.0
Reward: 42.3870
Test set Fidelity: 0.9935 std: 0.0053
Timesteps/1000: 985.0
Reward: 52.3732
Test set Fidelity: 0.9937 std: 0.0051
Timesteps/1000: 990.0
Reward: 39.7813
Test set Fidelity: 0.9936 std: 0.0051
Timesteps/1000: 995.0
Reward: 41.7459
Test set Fidelity: 0.9938 std: 0.0049
Timesteps/1000: 1000.0
Reward: 46.7231
Test set Fidelity: 0.9940 std: 0.0047
 100% ━━━━━━━━━━━━━━━━━━━━ 1,000,000/1,000,000  [ 0:26:27 < 0:00:00 , 644 it/s ]
