[Qibo 0.2.7|INFO|2024-06-05 17:00:15]: Using qibojit (numba) backend on /CPU:0
Timesteps/1000: 0.001
Reward: 2.1574
Test set Fidelity: 0.8707 std: 0.0404
Saving new best model at 1 timesteps.
Saving new best model in simulation/experiments/1q/model_5.
Timesteps/1000: 5.0
Reward: 2.1401
Test set Fidelity: 0.8552 std: 0.0430
Timesteps/1000: 10.0
Reward: 2.2019
Test set Fidelity: 0.8570 std: 0.0411
Timesteps/1000: 15.0
Reward: 2.2318
Test set Fidelity: 0.8579 std: 0.0402
Timesteps/1000: 20.0
Reward: 2.1429
Test set Fidelity: 0.8553 std: 0.0428
Timesteps/1000: 25.0
Reward: 2.2154
Test set Fidelity: 0.8574 std: 0.0409
Timesteps/1000: 30.0
Reward: 2.3362
Test set Fidelity: 0.8604 std: 0.0382
Timesteps/1000: 35.0
Reward: 2.2952
Test set Fidelity: 0.8593 std: 0.0395
Timesteps/1000: 40.0
Reward: 2.3503
Test set Fidelity: 0.8639 std: 0.0359
Timesteps/1000: 45.0
Reward: 2.3886
Test set Fidelity: 0.8619 std: 0.0369
Timesteps/1000: 50.0
Reward: 2.3403
Test set Fidelity: 0.8615 std: 0.0371
Timesteps/1000: 55.0
Reward: 2.3092
Test set Fidelity: 0.8601 std: 0.0383
Timesteps/1000: 60.0
Reward: 2.4192
Test set Fidelity: 0.8629 std: 0.0357
Timesteps/1000: 65.0
Reward: 2.4696
Test set Fidelity: 0.8640 std: 0.0348
Timesteps/1000: 70.0
Reward: 2.5824
Test set Fidelity: 0.8666 std: 0.0325
Timesteps/1000: 75.0
Reward: 2.8069
Test set Fidelity: 0.8991 std: 0.0344
Saving new best model at 75000 timesteps.
Saving new best model in simulation/experiments/1q/model_5.
Timesteps/1000: 80.0
Reward: 2.9163
Test set Fidelity: 0.9060 std: 0.0324
Saving new best model at 80000 timesteps.
Saving new best model in simulation/experiments/1q/model_5.
Timesteps/1000: 85.0
Reward: 2.7592
Test set Fidelity: 0.8862 std: 0.0298
Timesteps/1000: 90.0
Reward: 2.9461
Test set Fidelity: 0.9102 std: 0.0285
Saving new best model at 90000 timesteps.
Saving new best model in simulation/experiments/1q/model_5.
Timesteps/1000: 95.0
Reward: 2.8253
Test set Fidelity: 0.9026 std: 0.0296
Timesteps/1000: 100.0
Reward: 2.8973
Test set Fidelity: 0.9099 std: 0.0263
Timesteps/1000: 105.0
Reward: 3.4216
Test set Fidelity: 0.9336 std: 0.0232
Saving new best model at 105000 timesteps.
Saving new best model in simulation/experiments/1q/model_5.
Timesteps/1000: 110.0
Reward: 3.2100
Test set Fidelity: 0.9254 std: 0.0207
Timesteps/1000: 115.0
Reward: 3.6879
Test set Fidelity: 0.9420 std: 0.0177
Saving new best model at 115000 timesteps.
Saving new best model in simulation/experiments/1q/model_5.
Timesteps/1000: 120.0
Reward: 3.5511
Test set Fidelity: 0.9380 std: 0.0193
Timesteps/1000: 125.0
Reward: 3.3249
Test set Fidelity: 0.9300 std: 0.0190
Timesteps/1000: 130.0
Reward: 3.2960
Test set Fidelity: 0.9222 std: 0.0203
Timesteps/1000: 135.0
Reward: 3.1567
Test set Fidelity: 0.9110 std: 0.0215
Timesteps/1000: 140.0
Reward: 3.1889
Test set Fidelity: 0.9137 std: 0.0218
Timesteps/1000: 145.0
Reward: 3.3370
Test set Fidelity: 0.9254 std: 0.0237
Timesteps/1000: 150.0
Reward: 3.6587
Test set Fidelity: 0.9385 std: 0.0196
Timesteps/1000: 155.0
Reward: 3.3440
Test set Fidelity: 0.9346 std: 0.0225
Timesteps/1000: 160.0
Reward: 3.5187
Test set Fidelity: 0.9386 std: 0.0258
Timesteps/1000: 165.0
Reward: 3.4502
Test set Fidelity: 0.9329 std: 0.0269
Timesteps/1000: 170.0
Reward: 3.5496
Test set Fidelity: 0.9383 std: 0.0251
Timesteps/1000: 175.0
Reward: 6.4160
Test set Fidelity: 0.9664 std: 0.0174
Saving new best model at 175000 timesteps.
Saving new best model in simulation/experiments/1q/model_5.
Timesteps/1000: 180.0
Reward: 6.5384
Test set Fidelity: 0.9673 std: 0.0163
Saving new best model at 180000 timesteps.
Saving new best model in simulation/experiments/1q/model_5.
Timesteps/1000: 185.0
Reward: 5.7933
Test set Fidelity: 0.9656 std: 0.0162
Timesteps/1000: 190.0
Reward: 6.6111
Test set Fidelity: 0.9696 std: 0.0143
Saving new best model at 190000 timesteps.
Saving new best model in simulation/experiments/1q/model_5.
Timesteps/1000: 195.0
Reward: 5.0421
Test set Fidelity: 0.9644 std: 0.0172
Timesteps/1000: 200.0
Reward: 4.7411
Test set Fidelity: 0.9598 std: 0.0172
Timesteps/1000: 205.0
Reward: 3.7699
Test set Fidelity: 0.9525 std: 0.0188
Timesteps/1000: 210.0
Reward: 4.3616
Test set Fidelity: 0.9556 std: 0.0173
Timesteps/1000: 215.0
Reward: 3.8839
Test set Fidelity: 0.9464 std: 0.0201
Timesteps/1000: 220.0
Reward: 4.1774
Test set Fidelity: 0.9508 std: 0.0210
Timesteps/1000: 225.0
Reward: 7.5564
Test set Fidelity: 0.9712 std: 0.0155
Saving new best model at 225000 timesteps.
Saving new best model in simulation/experiments/1q/model_5.
Timesteps/1000: 230.0
Reward: 8.5375
Test set Fidelity: 0.9721 std: 0.0150
Saving new best model at 230000 timesteps.
Saving new best model in simulation/experiments/1q/model_5.
Timesteps/1000: 235.0
Reward: 5.4773
Test set Fidelity: 0.9641 std: 0.0156
Timesteps/1000: 240.0
Reward: 4.8370
Test set Fidelity: 0.9587 std: 0.0164
Timesteps/1000: 245.0
Reward: 6.7301
Test set Fidelity: 0.9706 std: 0.0133
Timesteps/1000: 250.0
Reward: 6.3555
Test set Fidelity: 0.9689 std: 0.0135
Timesteps/1000: 255.0
Reward: 6.6168
Test set Fidelity: 0.9706 std: 0.0130
Timesteps/1000: 260.0
Reward: 3.9736
Test set Fidelity: 0.9568 std: 0.0161
Timesteps/1000: 265.0
Reward: 4.2567
Test set Fidelity: 0.9533 std: 0.0166
Timesteps/1000: 270.0
Reward: 5.2510
Test set Fidelity: 0.9632 std: 0.0144
Timesteps/1000: 275.0
Reward: 6.3006
Test set Fidelity: 0.9685 std: 0.0131
Timesteps/1000: 280.0
Reward: 11.6950
Test set Fidelity: 0.9797 std: 0.0101
Saving new best model at 280000 timesteps.
Saving new best model in simulation/experiments/1q/model_5.
Timesteps/1000: 285.0
Reward: 5665.9004
Test set Fidelity: 0.9842 std: 0.0090
Saving new best model at 285000 timesteps.
Saving new best model in simulation/experiments/1q/model_5.
Timesteps/1000: 290.0
Reward: 13.3017
Test set Fidelity: 0.9801 std: 0.0099
Timesteps/1000: 295.0
Reward: 9.1992
Test set Fidelity: 0.9762 std: 0.0107
Timesteps/1000: 300.0
Reward: 15.1142
Test set Fidelity: 0.9816 std: 0.0094
Timesteps/1000: 305.0
Reward: 12.6817
Test set Fidelity: 0.9825 std: 0.0089
Timesteps/1000: 310.0
Reward: 10.8368
Test set Fidelity: 0.9805 std: 0.0094
Timesteps/1000: 315.0
Reward: 17.7852
Test set Fidelity: 0.9836 std: 0.0090
Timesteps/1000: 320.0
Reward: 17.1476
Test set Fidelity: 0.9834 std: 0.0090
Timesteps/1000: 325.0
Reward: 8.4022
Test set Fidelity: 0.9758 std: 0.0109
Timesteps/1000: 330.0
Reward: 9.5903
Test set Fidelity: 0.9780 std: 0.0105
Timesteps/1000: 335.0
Reward: 16.2103
Test set Fidelity: 0.9832 std: 0.0093
Timesteps/1000: 340.0
Reward: 10.2936
Test set Fidelity: 0.9788 std: 0.0112
Timesteps/1000: 345.0
Reward: 16.7617
Test set Fidelity: 0.9842 std: 0.0087
Saving new best model at 345000 timesteps.
Saving new best model in simulation/experiments/1q/model_5.
Timesteps/1000: 350.0
Reward: 15.2727
Test set Fidelity: 0.9817 std: 0.0095
Timesteps/1000: 355.0
Reward: 18.7559
Test set Fidelity: 0.9836 std: 0.0093
Timesteps/1000: 360.0
Reward: 13.9324
Test set Fidelity: 0.9827 std: 0.0090
Timesteps/1000: 365.0
Reward: 15.2697
Test set Fidelity: 0.9841 std: 0.0082
Timesteps/1000: 370.0
Reward: 9.5799
Test set Fidelity: 0.9791 std: 0.0095
Timesteps/1000: 375.0
Reward: 6.7675
Test set Fidelity: 0.9720 std: 0.0112
Timesteps/1000: 380.0
Reward: 7.1939
Test set Fidelity: 0.9733 std: 0.0110
Timesteps/1000: 385.0
Reward: 8.6246
Test set Fidelity: 0.9762 std: 0.0106
Timesteps/1000: 390.0
Reward: 11.3009
Test set Fidelity: 0.9812 std: 0.0092
Timesteps/1000: 395.0
Reward: 16.4172
Test set Fidelity: 0.9861 std: 0.0077
Saving new best model at 395000 timesteps.
Saving new best model in simulation/experiments/1q/model_5.
Timesteps/1000: 400.0
Reward: 13.6765
Test set Fidelity: 0.9842 std: 0.0080
Timesteps/1000: 405.0
Reward: 12.8351
Test set Fidelity: 0.9841 std: 0.0078
Timesteps/1000: 410.0
Reward: 12.0601
Test set Fidelity: 0.9834 std: 0.0083
Timesteps/1000: 415.0
Reward: 13.3648
Test set Fidelity: 0.9840 std: 0.0079
Timesteps/1000: 420.0
Reward: 19.3788
Test set Fidelity: 0.9869 std: 0.0071
Saving new best model at 420000 timesteps.
Saving new best model in simulation/experiments/1q/model_5.
Timesteps/1000: 425.0
Reward: 19.6848
Test set Fidelity: 0.9869 std: 0.0071
Timesteps/1000: 430.0
Reward: 27.7327
Test set Fidelity: 0.9876 std: 0.0071
Saving new best model at 430000 timesteps.
Saving new best model in simulation/experiments/1q/model_5.
Timesteps/1000: 435.0
Reward: 13.2082
Test set Fidelity: 0.9814 std: 0.0089
Timesteps/1000: 440.0
Reward: 14.5812
Test set Fidelity: 0.9822 std: 0.0087
Timesteps/1000: 445.0
Reward: 15.2893
Test set Fidelity: 0.9836 std: 0.0085
Timesteps/1000: 450.0
Reward: 13.2084
Test set Fidelity: 0.9820 std: 0.0087
Timesteps/1000: 455.0
Reward: 21.2710
Test set Fidelity: 0.9858 std: 0.0077
Timesteps/1000: 460.0
Reward: 25.6855
Test set Fidelity: 0.9867 std: 0.0075
Timesteps/1000: 465.0
Reward: 16.8698
Test set Fidelity: 0.9843 std: 0.0087
Timesteps/1000: 470.0
Reward: 14.6777
Test set Fidelity: 0.9834 std: 0.0089
Timesteps/1000: 475.0
Reward: 8.6445
Test set Fidelity: 0.9769 std: 0.0110
Timesteps/1000: 480.0
Reward: 9.5231
Test set Fidelity: 0.9793 std: 0.0103
Timesteps/1000: 485.0
Reward: 15.5116
Test set Fidelity: 0.9839 std: 0.0097
Timesteps/1000: 490.0
Reward: 14.4405
Test set Fidelity: 0.9834 std: 0.0097
Timesteps/1000: 495.0
Reward: 17.8685
Test set Fidelity: 0.9846 std: 0.0092
Timesteps/1000: 500.0
Reward: 16.2539
Test set Fidelity: 0.9847 std: 0.0089
Timesteps/1000: 505.0
Reward: 26.2611
Test set Fidelity: 0.9856 std: 0.0088
Timesteps/1000: 510.0
Reward: 24.4199
Test set Fidelity: 0.9862 std: 0.0086
Timesteps/1000: 515.0
Reward: 27.3072
Test set Fidelity: 0.9861 std: 0.0087
Timesteps/1000: 520.0
Reward: 25.1403
Test set Fidelity: 0.9854 std: 0.0090
Timesteps/1000: 525.0
Reward: 23.6312
Test set Fidelity: 0.9840 std: 0.0095
Timesteps/1000: 530.0
Reward: 23.3404
Test set Fidelity: 0.9851 std: 0.0091
Timesteps/1000: 535.0
Reward: 20.0574
Test set Fidelity: 0.9839 std: 0.0094
Timesteps/1000: 540.0
Reward: 18.5533
Test set Fidelity: 0.9842 std: 0.0097
Timesteps/1000: 545.0
Reward: 19.1572
Test set Fidelity: 0.9861 std: 0.0084
Timesteps/1000: 550.0
Reward: 21.8918
Test set Fidelity: 0.9863 std: 0.0083
Timesteps/1000: 555.0
Reward: 23.9248
Test set Fidelity: 0.9854 std: 0.0085
Timesteps/1000: 560.0
Reward: 34.0852
Test set Fidelity: 0.9849 std: 0.0087
Timesteps/1000: 565.0
Reward: 23.2351
Test set Fidelity: 0.9843 std: 0.0093
Timesteps/1000: 570.0
Reward: 42.1005
Test set Fidelity: 0.9850 std: 0.0090
Timesteps/1000: 575.0
Reward: 22.1298
Test set Fidelity: 0.9861 std: 0.0085
Timesteps/1000: 580.0
Reward: 16.9798
Test set Fidelity: 0.9856 std: 0.0088
Timesteps/1000: 585.0
Reward: 17.6729
Test set Fidelity: 0.9855 std: 0.0089
Timesteps/1000: 590.0
Reward: 17.1221
Test set Fidelity: 0.9846 std: 0.0096
Timesteps/1000: 595.0
Reward: 204.6925
Test set Fidelity: 0.9824 std: 0.0108
Timesteps/1000: 600.0
Reward: 51.9804
Test set Fidelity: 0.9851 std: 0.0090
Timesteps/1000: 605.0
Reward: 26.9027
Test set Fidelity: 0.9876 std: 0.0077
Saving new best model at 605000 timesteps.
Saving new best model in simulation/experiments/1q/model_5.
Timesteps/1000: 610.0
Reward: 28.1669
Test set Fidelity: 0.9877 std: 0.0075
Saving new best model at 610000 timesteps.
Saving new best model in simulation/experiments/1q/model_5.
Timesteps/1000: 615.0
Reward: 26.5602
Test set Fidelity: 0.9880 std: 0.0073
Saving new best model at 615000 timesteps.
Saving new best model in simulation/experiments/1q/model_5.
Timesteps/1000: 620.0
Reward: 31.5928
Test set Fidelity: 0.9857 std: 0.0085
Timesteps/1000: 625.0
Reward: 33.0309
Test set Fidelity: 0.9861 std: 0.0083
Timesteps/1000: 630.0
Reward: 23.8897
Test set Fidelity: 0.9867 std: 0.0082
Timesteps/1000: 635.0
Reward: 31.1481
Test set Fidelity: 0.9890 std: 0.0068
Saving new best model at 635000 timesteps.
Saving new best model in simulation/experiments/1q/model_5.
Timesteps/1000: 640.0
Reward: 32.9820
Test set Fidelity: 0.9897 std: 0.0063
Saving new best model at 640000 timesteps.
Saving new best model in simulation/experiments/1q/model_5.
Timesteps/1000: 645.0
Reward: 30.0822
Test set Fidelity: 0.9901 std: 0.0064
Saving new best model at 645000 timesteps.
Saving new best model in simulation/experiments/1q/model_5.
Timesteps/1000: 650.0
Reward: 31.6640
Test set Fidelity: 0.9906 std: 0.0060
Saving new best model at 650000 timesteps.
Saving new best model in simulation/experiments/1q/model_5.
Timesteps/1000: 655.0
Reward: 26.9596
Test set Fidelity: 0.9899 std: 0.0064
Timesteps/1000: 660.0
Reward: 28.8159
Test set Fidelity: 0.9906 std: 0.0064
Timesteps/1000: 665.0
Reward: 27.5455
Test set Fidelity: 0.9907 std: 0.0063
Saving new best model at 665000 timesteps.
Saving new best model in simulation/experiments/1q/model_5.
Timesteps/1000: 670.0
Reward: 22.9189
Test set Fidelity: 0.9899 std: 0.0069
Timesteps/1000: 675.0
Reward: 30.3649
Test set Fidelity: 0.9915 std: 0.0059
Saving new best model at 675000 timesteps.
Saving new best model in simulation/experiments/1q/model_5.
Timesteps/1000: 680.0
Reward: 22.3360
Test set Fidelity: 0.9898 std: 0.0070
Timesteps/1000: 685.0
Reward: 21.9084
Test set Fidelity: 0.9905 std: 0.0064
Timesteps/1000: 690.0
Reward: 20.7653
Test set Fidelity: 0.9901 std: 0.0067
Timesteps/1000: 695.0
Reward: 19.2177
Test set Fidelity: 0.9892 std: 0.0078
Timesteps/1000: 700.0
Reward: 24.6959
Test set Fidelity: 0.9905 std: 0.0068
Timesteps/1000: 705.0
Reward: 24.7763
Test set Fidelity: 0.9903 std: 0.0068
Timesteps/1000: 710.0
Reward: 23.2777
Test set Fidelity: 0.9896 std: 0.0077
Timesteps/1000: 715.0
Reward: 22.3148
Test set Fidelity: 0.9885 std: 0.0085
Timesteps/1000: 720.0
Reward: 20.2576
Test set Fidelity: 0.9890 std: 0.0080
Timesteps/1000: 725.0
Reward: 18.1359
Test set Fidelity: 0.9877 std: 0.0089
Timesteps/1000: 730.0
Reward: 21.8373
Test set Fidelity: 0.9882 std: 0.0084
Timesteps/1000: 735.0
Reward: 17.5975
Test set Fidelity: 0.9878 std: 0.0086
Timesteps/1000: 740.0
Reward: 20.4436
Test set Fidelity: 0.9891 std: 0.0076
Timesteps/1000: 745.0
Reward: 23.3030
Test set Fidelity: 0.9901 std: 0.0066
Timesteps/1000: 750.0
Reward: 40.3874
Test set Fidelity: 0.9914 std: 0.0058
Timesteps/1000: 755.0
Reward: 30.7456
Test set Fidelity: 0.9908 std: 0.0067
Timesteps/1000: 760.0
Reward: 42.3563
Test set Fidelity: 0.9912 std: 0.0063
Timesteps/1000: 765.0
Reward: 43.0200
Test set Fidelity: 0.9909 std: 0.0063
Timesteps/1000: 770.0
Reward: 47.3328
Test set Fidelity: 0.9908 std: 0.0065
Timesteps/1000: 775.0
Reward: 50.2594
Test set Fidelity: 0.9912 std: 0.0063
Timesteps/1000: 780.0
Reward: 141.7532
Test set Fidelity: 0.9908 std: 0.0063
Timesteps/1000: 785.0
Reward: 58.0993
Test set Fidelity: 0.9904 std: 0.0065
Timesteps/1000: 790.0
Reward: 64.5452
Test set Fidelity: 0.9908 std: 0.0062
Timesteps/1000: 795.0
Reward: 58.7726
Test set Fidelity: 0.9910 std: 0.0060
Timesteps/1000: 800.0
Reward: 85.6365
Test set Fidelity: 0.9903 std: 0.0063
Timesteps/1000: 805.0
Reward: 59.4043
Test set Fidelity: 0.9898 std: 0.0068
Timesteps/1000: 810.0
Reward: 57.3507
Test set Fidelity: 0.9901 std: 0.0067
Timesteps/1000: 815.0
Reward: 52.4549
Test set Fidelity: 0.9904 std: 0.0067
Timesteps/1000: 820.0
Reward: 34.0687
Test set Fidelity: 0.9901 std: 0.0071
Timesteps/1000: 825.0
Reward: 40.5775
Test set Fidelity: 0.9903 std: 0.0069
Timesteps/1000: 830.0
Reward: 44.3833
Test set Fidelity: 0.9906 std: 0.0069
Timesteps/1000: 835.0
Reward: 47.5477
Test set Fidelity: 0.9905 std: 0.0068
Timesteps/1000: 840.0
Reward: 52.9594
Test set Fidelity: 0.9905 std: 0.0066
Timesteps/1000: 845.0
Reward: 39.8710
Test set Fidelity: 0.9905 std: 0.0067
Timesteps/1000: 850.0
Reward: 45.5661
Test set Fidelity: 0.9909 std: 0.0064
Timesteps/1000: 855.0
Reward: 51.7945
Test set Fidelity: 0.9901 std: 0.0066
Timesteps/1000: 860.0
Reward: 68.8823
Test set Fidelity: 0.9900 std: 0.0065
Timesteps/1000: 865.0
Reward: 96.3456
Test set Fidelity: 0.9905 std: 0.0063
Timesteps/1000: 870.0
Reward: 78.8136
Test set Fidelity: 0.9906 std: 0.0064
Timesteps/1000: 875.0
Reward: 137.0465
Test set Fidelity: 0.9907 std: 0.0063
Timesteps/1000: 880.0
Reward: 44.7124
Test set Fidelity: 0.9905 std: 0.0066
Timesteps/1000: 885.0
Reward: 46.0261
Test set Fidelity: 0.9908 std: 0.0069
Timesteps/1000: 890.0
Reward: 49.8078
Test set Fidelity: 0.9909 std: 0.0068
Timesteps/1000: 895.0
Reward: 62.4718
Test set Fidelity: 0.9912 std: 0.0069
Timesteps/1000: 900.0
Reward: 58.9360
Test set Fidelity: 0.9909 std: 0.0070
Timesteps/1000: 905.0
Reward: 50.7888
Test set Fidelity: 0.9911 std: 0.0068
Timesteps/1000: 910.0
Reward: 183.7157
Test set Fidelity: 0.9913 std: 0.0066
Timesteps/1000: 915.0
Reward: 43.6943
Test set Fidelity: 0.9907 std: 0.0071
Timesteps/1000: 920.0
Reward: 75.7191
Test set Fidelity: 0.9910 std: 0.0068
Timesteps/1000: 925.0
Reward: 164.7616
Test set Fidelity: 0.9911 std: 0.0066
Timesteps/1000: 930.0
Reward: 79.5602
Test set Fidelity: 0.9908 std: 0.0066
Timesteps/1000: 935.0
Reward: 62.6470
Test set Fidelity: 0.9908 std: 0.0067
Timesteps/1000: 940.0
Reward: 49.9854
Test set Fidelity: 0.9907 std: 0.0068
Timesteps/1000: 945.0
Reward: 40.4737
Test set Fidelity: 0.9903 std: 0.0074
Timesteps/1000: 950.0
Reward: 41.0777
Test set Fidelity: 0.9904 std: 0.0070
Timesteps/1000: 955.0
Reward: 38.9547
Test set Fidelity: 0.9903 std: 0.0070
Timesteps/1000: 960.0
Reward: 47.1055
Test set Fidelity: 0.9902 std: 0.0070
Timesteps/1000: 965.0
Reward: 50.7968
Test set Fidelity: 0.9899 std: 0.0076
Timesteps/1000: 970.0
Reward: 47.4657
Test set Fidelity: 0.9903 std: 0.0076
Timesteps/1000: 975.0
Reward: 42.7789
Test set Fidelity: 0.9901 std: 0.0079
Timesteps/1000: 980.0
Reward: 49.2310
Test set Fidelity: 0.9897 std: 0.0083
Timesteps/1000: 985.0
Reward: 59.5156
Test set Fidelity: 0.9895 std: 0.0085
Timesteps/1000: 990.0
Reward: 43.3474
Test set Fidelity: 0.9901 std: 0.0076
Timesteps/1000: 995.0
Reward: 46.6376
Test set Fidelity: 0.9901 std: 0.0077
Timesteps/1000: 1000.0
Reward: 47.0800
Test set Fidelity: 0.9901 std: 0.0076
 100% ━━━━━━━━━━━━━━━━━━━━ 1,000,000/1,000,000  [ 0:26:33 < 0:00:00 , 683 it/s ]
