[Qibo 0.2.7|INFO|2024-06-05 17:00:15]: Using qibojit (numba) backend on /CPU:0
Timesteps/1000: 0.001
Reward: 2.1859
Test set Fidelity: 0.8779 std: 0.0410
Saving new best model at 1 timesteps.
Saving new best model in simulation/experiments/1q/model_5.
Timesteps/1000: 5.0
Reward: 2.1995
Test set Fidelity: 0.8574 std: 0.0411
Timesteps/1000: 10.0
Reward: 2.2496
Test set Fidelity: 0.8584 std: 0.0398
Timesteps/1000: 15.0
Reward: 2.3791
Test set Fidelity: 0.8622 std: 0.0371
Timesteps/1000: 20.0
Reward: 2.4795
Test set Fidelity: 0.8651 std: 0.0354
Timesteps/1000: 25.0
Reward: 2.3539
Test set Fidelity: 0.8617 std: 0.0374
Timesteps/1000: 30.0
Reward: 2.4572
Test set Fidelity: 0.8649 std: 0.0359
Timesteps/1000: 35.0
Reward: 2.5311
Test set Fidelity: 0.8661 std: 0.0337
Timesteps/1000: 40.0
Reward: 2.4709
Test set Fidelity: 0.8652 std: 0.0350
Timesteps/1000: 45.0
Reward: 2.3964
Test set Fidelity: 0.8645 std: 0.0362
Timesteps/1000: 50.0
Reward: 2.4968
Test set Fidelity: 0.8666 std: 0.0348
Timesteps/1000: 55.0
Reward: 2.4994
Test set Fidelity: 0.8666 std: 0.0348
Timesteps/1000: 60.0
Reward: 2.4763
Test set Fidelity: 0.8668 std: 0.0355
Timesteps/1000: 65.0
Reward: 2.6562
Test set Fidelity: 0.8706 std: 0.0326
Timesteps/1000: 70.0
Reward: 2.5981
Test set Fidelity: 0.8694 std: 0.0334
Timesteps/1000: 75.0
Reward: 2.6149
Test set Fidelity: 0.8700 std: 0.0331
Timesteps/1000: 80.0
Reward: 2.6312
Test set Fidelity: 0.8701 std: 0.0329
Timesteps/1000: 85.0
Reward: 2.6274
Test set Fidelity: 0.8705 std: 0.0329
Timesteps/1000: 90.0
Reward: 2.6815
Test set Fidelity: 0.8770 std: 0.0334
Timesteps/1000: 95.0
Reward: 4.3759
Test set Fidelity: 0.9573 std: 0.0202
Saving new best model at 95000 timesteps.
Saving new best model in simulation/experiments/1q/model_5.
Timesteps/1000: 100.0
Reward: 4.6311
Test set Fidelity: 0.9594 std: 0.0204
Saving new best model at 100000 timesteps.
Saving new best model in simulation/experiments/1q/model_5.
Timesteps/1000: 105.0
Reward: 3.2537
Test set Fidelity: 0.9396 std: 0.0226
Timesteps/1000: 110.0
Reward: 3.4436
Test set Fidelity: 0.9404 std: 0.0233
Timesteps/1000: 115.0
Reward: 5.9965
Test set Fidelity: 0.9677 std: 0.0168
Saving new best model at 115000 timesteps.
Saving new best model in simulation/experiments/1q/model_5.
Timesteps/1000: 120.0
Reward: 4.3270
Test set Fidelity: 0.9547 std: 0.0162
Timesteps/1000: 125.0
Reward: 7.9931
Test set Fidelity: 0.9741 std: 0.0135
Saving new best model at 125000 timesteps.
Saving new best model in simulation/experiments/1q/model_5.
Timesteps/1000: 130.0
Reward: 6.3645
Test set Fidelity: 0.9692 std: 0.0145
Timesteps/1000: 135.0
Reward: 5.5669
Test set Fidelity: 0.9653 std: 0.0145
Timesteps/1000: 140.0
Reward: 4.9570
Test set Fidelity: 0.9605 std: 0.0153
Timesteps/1000: 145.0
Reward: 5.4105
Test set Fidelity: 0.9650 std: 0.0133
Timesteps/1000: 150.0
Reward: 4.0313
Test set Fidelity: 0.9517 std: 0.0152
Timesteps/1000: 155.0
Reward: 5.4756
Test set Fidelity: 0.9680 std: 0.0130
Timesteps/1000: 160.0
Reward: 5.4720
Test set Fidelity: 0.9675 std: 0.0127
Timesteps/1000: 165.0
Reward: 6.5101
Test set Fidelity: 0.9719 std: 0.0124
Timesteps/1000: 170.0
Reward: 4.5916
Test set Fidelity: 0.9589 std: 0.0137
Timesteps/1000: 175.0
Reward: 4.1050
Test set Fidelity: 0.9559 std: 0.0144
Timesteps/1000: 180.0
Reward: 4.6677
Test set Fidelity: 0.9628 std: 0.0133
Timesteps/1000: 185.0
Reward: 5.8152
Test set Fidelity: 0.9694 std: 0.0118
Timesteps/1000: 190.0
Reward: 5.8770
Test set Fidelity: 0.9696 std: 0.0118
Timesteps/1000: 195.0
Reward: 6.1273
Test set Fidelity: 0.9706 std: 0.0116
Timesteps/1000: 200.0
Reward: 5.9270
Test set Fidelity: 0.9709 std: 0.0119
Timesteps/1000: 205.0
Reward: 7.6140
Test set Fidelity: 0.9783 std: 0.0103
Saving new best model at 205000 timesteps.
Saving new best model in simulation/experiments/1q/model_5.
Timesteps/1000: 210.0
Reward: 7.4724
Test set Fidelity: 0.9780 std: 0.0101
Timesteps/1000: 215.0
Reward: 7.4375
Test set Fidelity: 0.9773 std: 0.0100
Timesteps/1000: 220.0
Reward: 7.2180
Test set Fidelity: 0.9747 std: 0.0104
Timesteps/1000: 225.0
Reward: 8.7307
Test set Fidelity: 0.9792 std: 0.0091
Saving new best model at 225000 timesteps.
Saving new best model in simulation/experiments/1q/model_5.
Timesteps/1000: 230.0
Reward: 9.5685
Test set Fidelity: 0.9804 std: 0.0088
Saving new best model at 230000 timesteps.
Saving new best model in simulation/experiments/1q/model_5.
Timesteps/1000: 235.0
Reward: 12.6483
Test set Fidelity: 0.9828 std: 0.0082
Saving new best model at 235000 timesteps.
Saving new best model in simulation/experiments/1q/model_5.
Timesteps/1000: 240.0
Reward: 14.9327
Test set Fidelity: 0.9845 std: 0.0078
Saving new best model at 240000 timesteps.
Saving new best model in simulation/experiments/1q/model_5.
Timesteps/1000: 245.0
Reward: 13.9139
Test set Fidelity: 0.9840 std: 0.0080
Timesteps/1000: 250.0
Reward: 6.3794
Test set Fidelity: 0.9714 std: 0.0102
Timesteps/1000: 255.0
Reward: 8.7905
Test set Fidelity: 0.9791 std: 0.0085
Timesteps/1000: 260.0
Reward: 9.2403
Test set Fidelity: 0.9799 std: 0.0085
Timesteps/1000: 265.0
Reward: 11.8260
Test set Fidelity: 0.9832 std: 0.0083
Timesteps/1000: 270.0
Reward: 12.6469
Test set Fidelity: 0.9845 std: 0.0080
Saving new best model at 270000 timesteps.
Saving new best model in simulation/experiments/1q/model_5.
Timesteps/1000: 275.0
Reward: 14.1067
Test set Fidelity: 0.9849 std: 0.0081
Saving new best model at 275000 timesteps.
Saving new best model in simulation/experiments/1q/model_5.
Timesteps/1000: 280.0
Reward: 11.2467
Test set Fidelity: 0.9828 std: 0.0084
Timesteps/1000: 285.0
Reward: 16.4171
Test set Fidelity: 0.9866 std: 0.0069
Saving new best model at 285000 timesteps.
Saving new best model in simulation/experiments/1q/model_5.
Timesteps/1000: 290.0
Reward: 13.3942
Test set Fidelity: 0.9853 std: 0.0070
Timesteps/1000: 295.0
Reward: 12.3111
Test set Fidelity: 0.9832 std: 0.0079
Timesteps/1000: 300.0
Reward: 14.4537
Test set Fidelity: 0.9851 std: 0.0071
Timesteps/1000: 305.0
Reward: 15.5314
Test set Fidelity: 0.9862 std: 0.0071
Timesteps/1000: 310.0
Reward: 15.5153
Test set Fidelity: 0.9854 std: 0.0069
Timesteps/1000: 315.0
Reward: 58.3799
Test set Fidelity: 0.9902 std: 0.0059
Saving new best model at 315000 timesteps.
Saving new best model in simulation/experiments/1q/model_5.
Timesteps/1000: 320.0
Reward: 23.7430
Test set Fidelity: 0.9886 std: 0.0063
Timesteps/1000: 325.0
Reward: 19.7474
Test set Fidelity: 0.9878 std: 0.0063
Timesteps/1000: 330.0
Reward: 14.6663
Test set Fidelity: 0.9859 std: 0.0071
Timesteps/1000: 335.0
Reward: 39.7150
Test set Fidelity: 0.9906 std: 0.0064
Saving new best model at 335000 timesteps.
Saving new best model in simulation/experiments/1q/model_5.
Timesteps/1000: 340.0
Reward: 22.6253
Test set Fidelity: 0.9889 std: 0.0066
Timesteps/1000: 345.0
Reward: 19.1276
Test set Fidelity: 0.9877 std: 0.0065
Timesteps/1000: 350.0
Reward: 11.7068
Test set Fidelity: 0.9840 std: 0.0072
Timesteps/1000: 355.0
Reward: 22.5700
Test set Fidelity: 0.9889 std: 0.0059
Timesteps/1000: 360.0
Reward: 18.7205
Test set Fidelity: 0.9883 std: 0.0062
Timesteps/1000: 365.0
Reward: 23.1426
Test set Fidelity: 0.9886 std: 0.0060
Timesteps/1000: 370.0
Reward: 17.9303
Test set Fidelity: 0.9869 std: 0.0061
Timesteps/1000: 375.0
Reward: 14.8816
Test set Fidelity: 0.9849 std: 0.0067
Timesteps/1000: 380.0
Reward: 10.4717
Test set Fidelity: 0.9808 std: 0.0080
Timesteps/1000: 385.0
Reward: 9.2527
Test set Fidelity: 0.9786 std: 0.0085
Timesteps/1000: 390.0
Reward: 7.6430
Test set Fidelity: 0.9753 std: 0.0093
Timesteps/1000: 395.0
Reward: 7.6421
Test set Fidelity: 0.9748 std: 0.0100
Timesteps/1000: 400.0
Reward: 9.1912
Test set Fidelity: 0.9775 std: 0.0092
Timesteps/1000: 405.0
Reward: 13.2154
Test set Fidelity: 0.9836 std: 0.0072
Timesteps/1000: 410.0
Reward: 15.7007
Test set Fidelity: 0.9852 std: 0.0067
Timesteps/1000: 415.0
Reward: 14.9553
Test set Fidelity: 0.9849 std: 0.0068
Timesteps/1000: 420.0
Reward: 13.3143
Test set Fidelity: 0.9839 std: 0.0072
Timesteps/1000: 425.0
Reward: 14.3635
Test set Fidelity: 0.9832 std: 0.0084
Timesteps/1000: 430.0
Reward: 15.4723
Test set Fidelity: 0.9860 std: 0.0072
Timesteps/1000: 435.0
Reward: 23.8509
Test set Fidelity: 0.9871 std: 0.0070
Timesteps/1000: 440.0
Reward: 35.0304
Test set Fidelity: 0.9913 std: 0.0056
Saving new best model at 440000 timesteps.
Saving new best model in simulation/experiments/1q/model_5.
Timesteps/1000: 445.0
Reward: 40.1499
Test set Fidelity: 0.9903 std: 0.0060
Timesteps/1000: 450.0
Reward: 32.6654
Test set Fidelity: 0.9915 std: 0.0058
Saving new best model at 450000 timesteps.
Saving new best model in simulation/experiments/1q/model_5.
Timesteps/1000: 455.0
Reward: 108.5752
Test set Fidelity: 0.9902 std: 0.0064
Timesteps/1000: 460.0
Reward: 48.5850
Test set Fidelity: 0.9882 std: 0.0071
Timesteps/1000: 465.0
Reward: 19.2135
Test set Fidelity: 0.9867 std: 0.0078
Timesteps/1000: 470.0
Reward: 43.7994
Test set Fidelity: 0.9902 std: 0.0066
Timesteps/1000: 475.0
Reward: 31.6569
Test set Fidelity: 0.9876 std: 0.0073
Timesteps/1000: 480.0
Reward: 336.4697
Test set Fidelity: 0.9883 std: 0.0069
Timesteps/1000: 485.0
Reward: 6492.4731
Test set Fidelity: 0.9877 std: 0.0073
Timesteps/1000: 490.0
Reward: 25.0130
Test set Fidelity: 0.9888 std: 0.0069
Timesteps/1000: 495.0
Reward: 24.3241
Test set Fidelity: 0.9899 std: 0.0066
Timesteps/1000: 500.0
Reward: 33.9008
Test set Fidelity: 0.9916 std: 0.0060
Saving new best model at 500000 timesteps.
Saving new best model in simulation/experiments/1q/model_5.
Timesteps/1000: 505.0
Reward: 35.5739
Test set Fidelity: 0.9914 std: 0.0059
Timesteps/1000: 510.0
Reward: 32.1814
Test set Fidelity: 0.9915 std: 0.0058
Timesteps/1000: 515.0
Reward: 27.7670
Test set Fidelity: 0.9912 std: 0.0061
Timesteps/1000: 520.0
Reward: 26.9933
Test set Fidelity: 0.9911 std: 0.0060
Timesteps/1000: 525.0
Reward: 20.3845
Test set Fidelity: 0.9875 std: 0.0077
Timesteps/1000: 530.0
Reward: 21.2487
Test set Fidelity: 0.9881 std: 0.0073
Timesteps/1000: 535.0
Reward: 31.7052
Test set Fidelity: 0.9902 std: 0.0061
Timesteps/1000: 540.0
Reward: 20.5941
Test set Fidelity: 0.9860 std: 0.0084
Timesteps/1000: 545.0
Reward: 29.0957
Test set Fidelity: 0.9892 std: 0.0066
Timesteps/1000: 550.0
Reward: 21.3417
Test set Fidelity: 0.9862 std: 0.0074
Timesteps/1000: 555.0
Reward: 32.7358
Test set Fidelity: 0.9901 std: 0.0058
Timesteps/1000: 560.0
Reward: 29.5660
Test set Fidelity: 0.9900 std: 0.0059
Timesteps/1000: 565.0
Reward: 24.6142
Test set Fidelity: 0.9896 std: 0.0059
Timesteps/1000: 570.0
Reward: 16.3647
Test set Fidelity: 0.9850 std: 0.0080
Timesteps/1000: 575.0
Reward: 15.1353
Test set Fidelity: 0.9854 std: 0.0073
Timesteps/1000: 580.0
Reward: 24.9147
Test set Fidelity: 0.9897 std: 0.0058
Timesteps/1000: 585.0
Reward: 31.4136
Test set Fidelity: 0.9910 std: 0.0057
Timesteps/1000: 590.0
Reward: 17.6933
Test set Fidelity: 0.9879 std: 0.0065
Timesteps/1000: 595.0
Reward: 35.1224
Test set Fidelity: 0.9917 std: 0.0058
Saving new best model at 595000 timesteps.
Saving new best model in simulation/experiments/1q/model_5.
Timesteps/1000: 600.0
Reward: 15.9631
Test set Fidelity: 0.9868 std: 0.0067
Timesteps/1000: 605.0
Reward: 12.8888
Test set Fidelity: 0.9830 std: 0.0082
Timesteps/1000: 610.0
Reward: 16.6442
Test set Fidelity: 0.9857 std: 0.0073
Timesteps/1000: 615.0
Reward: 24.8889
Test set Fidelity: 0.9904 std: 0.0059
Timesteps/1000: 620.0
Reward: 31.1916
Test set Fidelity: 0.9915 std: 0.0055
Timesteps/1000: 625.0
Reward: 30.3597
Test set Fidelity: 0.9913 std: 0.0058
Timesteps/1000: 630.0
Reward: 32.7492
Test set Fidelity: 0.9918 std: 0.0055
Saving new best model at 630000 timesteps.
Saving new best model in simulation/experiments/1q/model_5.
Timesteps/1000: 635.0
Reward: 36.2865
Test set Fidelity: 0.9920 std: 0.0052
Saving new best model at 635000 timesteps.
Saving new best model in simulation/experiments/1q/model_5.
Timesteps/1000: 640.0
Reward: 45.7791
Test set Fidelity: 0.9913 std: 0.0054
Timesteps/1000: 645.0
Reward: 50.5360
Test set Fidelity: 0.9908 std: 0.0056
Timesteps/1000: 650.0
Reward: 60.6518
Test set Fidelity: 0.9912 std: 0.0053
Timesteps/1000: 655.0
Reward: 34.3108
Test set Fidelity: 0.9916 std: 0.0052
Timesteps/1000: 660.0
Reward: 355.0319
Test set Fidelity: 0.9932 std: 0.0047
Saving new best model at 660000 timesteps.
Saving new best model in simulation/experiments/1q/model_5.
Timesteps/1000: 665.0
Reward: 43.0660
Test set Fidelity: 0.9910 std: 0.0057
Timesteps/1000: 670.0
Reward: 45.7015
Test set Fidelity: 0.9926 std: 0.0050
Timesteps/1000: 675.0
Reward: 39.8159
Test set Fidelity: 0.9910 std: 0.0058
Timesteps/1000: 680.0
Reward: 27.1106
Test set Fidelity: 0.9897 std: 0.0056
Timesteps/1000: 685.0
Reward: 38.2423
Test set Fidelity: 0.9906 std: 0.0054
Timesteps/1000: 690.0
Reward: 37.9186
Test set Fidelity: 0.9908 std: 0.0052
Timesteps/1000: 695.0
Reward: 34.3506
Test set Fidelity: 0.9907 std: 0.0052
Timesteps/1000: 700.0
Reward: 30.2154
Test set Fidelity: 0.9882 std: 0.0061
Timesteps/1000: 705.0
Reward: 39.1498
Test set Fidelity: 0.9880 std: 0.0060
Timesteps/1000: 710.0
Reward: 30.9464
Test set Fidelity: 0.9873 std: 0.0063
Timesteps/1000: 715.0
Reward: 31.4175
Test set Fidelity: 0.9914 std: 0.0050
Timesteps/1000: 720.0
Reward: 31.5717
Test set Fidelity: 0.9910 std: 0.0050
Timesteps/1000: 725.0
Reward: 36.5306
Test set Fidelity: 0.9924 std: 0.0046
Timesteps/1000: 730.0
Reward: 27.7775
Test set Fidelity: 0.9915 std: 0.0049
Timesteps/1000: 735.0
Reward: 35.9955
Test set Fidelity: 0.9928 std: 0.0046
Timesteps/1000: 740.0
Reward: 31.5199
Test set Fidelity: 0.9923 std: 0.0047
Timesteps/1000: 745.0
Reward: 63.9624
Test set Fidelity: 0.9899 std: 0.0053
Timesteps/1000: 750.0
Reward: 32.5643
Test set Fidelity: 0.9888 std: 0.0055
Timesteps/1000: 755.0
Reward: 29.8754
Test set Fidelity: 0.9878 std: 0.0061
Timesteps/1000: 760.0
Reward: 55.9444
Test set Fidelity: 0.9901 std: 0.0054
Timesteps/1000: 765.0
Reward: 47.9233
Test set Fidelity: 0.9905 std: 0.0052
Timesteps/1000: 770.0
Reward: 34.2932
Test set Fidelity: 0.9909 std: 0.0050
Timesteps/1000: 775.0
Reward: 31.4746
Test set Fidelity: 0.9929 std: 0.0045
Timesteps/1000: 780.0
Reward: 34.1027
Test set Fidelity: 0.9930 std: 0.0044
Timesteps/1000: 785.0
Reward: 74.3779
Test set Fidelity: 0.9936 std: 0.0043
Saving new best model at 785000 timesteps.
Saving new best model in simulation/experiments/1q/model_5.
Timesteps/1000: 790.0
Reward: 31.3739
Test set Fidelity: 0.9927 std: 0.0045
Timesteps/1000: 795.0
Reward: 31.0650
Test set Fidelity: 0.9921 std: 0.0046
Timesteps/1000: 800.0
Reward: 35.4774
Test set Fidelity: 0.9927 std: 0.0046
Timesteps/1000: 805.0
Reward: 42.7737
Test set Fidelity: 0.9921 std: 0.0046
Timesteps/1000: 810.0
Reward: 32.2776
Test set Fidelity: 0.9931 std: 0.0043
Timesteps/1000: 815.0
Reward: 41.0800
Test set Fidelity: 0.9938 std: 0.0041
Saving new best model at 815000 timesteps.
Saving new best model in simulation/experiments/1q/model_5.
Timesteps/1000: 820.0
Reward: 42.2516
Test set Fidelity: 0.9938 std: 0.0041
Saving new best model at 820000 timesteps.
Saving new best model in simulation/experiments/1q/model_5.
Timesteps/1000: 825.0
Reward: 35.9457
Test set Fidelity: 0.9932 std: 0.0044
Timesteps/1000: 830.0
Reward: 33.5815
Test set Fidelity: 0.9932 std: 0.0043
Timesteps/1000: 835.0
Reward: 40.0616
Test set Fidelity: 0.9937 std: 0.0041
Timesteps/1000: 840.0
Reward: 62.7612
Test set Fidelity: 0.9939 std: 0.0041
Saving new best model at 840000 timesteps.
Saving new best model in simulation/experiments/1q/model_5.
Timesteps/1000: 845.0
Reward: 45.2416
Test set Fidelity: 0.9935 std: 0.0042
Timesteps/1000: 850.0
Reward: 34.3679
Test set Fidelity: 0.9927 std: 0.0044
Timesteps/1000: 855.0
Reward: 32.0612
Test set Fidelity: 0.9926 std: 0.0045
Timesteps/1000: 860.0
Reward: 38.9007
Test set Fidelity: 0.9930 std: 0.0044
Timesteps/1000: 865.0
Reward: 36.6995
Test set Fidelity: 0.9928 std: 0.0045
Timesteps/1000: 870.0
Reward: 35.3050
Test set Fidelity: 0.9926 std: 0.0046
Timesteps/1000: 875.0
Reward: 35.3541
Test set Fidelity: 0.9928 std: 0.0045
Timesteps/1000: 880.0
Reward: 37.2898
Test set Fidelity: 0.9928 std: 0.0045
Timesteps/1000: 885.0
Reward: 34.9434
Test set Fidelity: 0.9924 std: 0.0045
Timesteps/1000: 890.0
Reward: 30.9602
Test set Fidelity: 0.9910 std: 0.0050
Timesteps/1000: 895.0
Reward: 34.8627
Test set Fidelity: 0.9926 std: 0.0046
Timesteps/1000: 900.0
Reward: 36.1667
Test set Fidelity: 0.9929 std: 0.0044
Timesteps/1000: 905.0
Reward: 37.0357
Test set Fidelity: 0.9927 std: 0.0043
Timesteps/1000: 910.0
Reward: 40.4751
Test set Fidelity: 0.9927 std: 0.0044
Timesteps/1000: 915.0
Reward: 38.4872
Test set Fidelity: 0.9925 std: 0.0045
Timesteps/1000: 920.0
Reward: 39.3675
Test set Fidelity: 0.9923 std: 0.0046
Timesteps/1000: 925.0
Reward: 35.5331
Test set Fidelity: 0.9920 std: 0.0047
Timesteps/1000: 930.0
Reward: 45.5053
Test set Fidelity: 0.9928 std: 0.0044
Timesteps/1000: 935.0
Reward: 39.6675
Test set Fidelity: 0.9922 std: 0.0046
Timesteps/1000: 940.0
Reward: 40.5601
Test set Fidelity: 0.9924 std: 0.0045
Timesteps/1000: 945.0
Reward: 80.8405
Test set Fidelity: 0.9932 std: 0.0041
Timesteps/1000: 950.0
Reward: 60.4299
Test set Fidelity: 0.9936 std: 0.0041
Timesteps/1000: 955.0
Reward: 45.0066
Test set Fidelity: 0.9936 std: 0.0041
Timesteps/1000: 960.0
Reward: 40.8227
Test set Fidelity: 0.9933 std: 0.0043
Timesteps/1000: 965.0
Reward: 59.4219
Test set Fidelity: 0.9931 std: 0.0045
Timesteps/1000: 970.0
Reward: 52.1454
Test set Fidelity: 0.9928 std: 0.0046
Timesteps/1000: 975.0
Reward: 77.5316
Test set Fidelity: 0.9926 std: 0.0046
Timesteps/1000: 980.0
Reward: 122.5905
Test set Fidelity: 0.9927 std: 0.0045
Timesteps/1000: 985.0
Reward: 330.8996
Test set Fidelity: 0.9926 std: 0.0046
Timesteps/1000: 990.0
Reward: 165.6109
Test set Fidelity: 0.9928 std: 0.0046
Timesteps/1000: 995.0
Reward: 51.6598
Test set Fidelity: 0.9922 std: 0.0047
Timesteps/1000: 1000.0
Reward: 74.8211
Test set Fidelity: 0.9926 std: 0.0046
 100% ━━━━━━━━━━━━━━━━━━━━ 1,000,000/1,000,000  [ 0:27:04 < 0:00:00 , 641 it/s ]
