[Qibo 0.2.7|INFO|2024-06-05 17:00:54]: Using qibojit (numba) backend on /CPU:0
Timesteps/1000: 0.001
Reward: 2.1451
Test set Fidelity: 0.8578 std: 0.0429
Saving new best model at 1 timesteps.
Saving new best model in simulation/experiments/1q/model_5.
Timesteps/1000: 5.0
Reward: 2.2929
Test set Fidelity: 0.8594 std: 0.0390
Saving new best model at 5000 timesteps.
Saving new best model in simulation/experiments/1q/model_5.
Timesteps/1000: 10.0
Reward: 2.3558
Test set Fidelity: 0.8610 std: 0.0375
Saving new best model at 10000 timesteps.
Saving new best model in simulation/experiments/1q/model_5.
Timesteps/1000: 15.0
Reward: 2.4984
Test set Fidelity: 0.8650 std: 0.0348
Saving new best model at 15000 timesteps.
Saving new best model in simulation/experiments/1q/model_5.
Timesteps/1000: 20.0
Reward: 2.5755
Test set Fidelity: 0.8671 std: 0.0333
Saving new best model at 20000 timesteps.
Saving new best model in simulation/experiments/1q/model_5.
Timesteps/1000: 25.0
Reward: 2.6245
Test set Fidelity: 0.8685 std: 0.0312
Saving new best model at 25000 timesteps.
Saving new best model in simulation/experiments/1q/model_5.
Timesteps/1000: 30.0
Reward: 2.6073
Test set Fidelity: 0.8708 std: 0.0321
Saving new best model at 30000 timesteps.
Saving new best model in simulation/experiments/1q/model_5.
Timesteps/1000: 35.0
Reward: 2.6342
Test set Fidelity: 0.8686 std: 0.0319
Timesteps/1000: 40.0
Reward: 2.6389
Test set Fidelity: 0.8686 std: 0.0308
Timesteps/1000: 45.0
Reward: 2.6590
Test set Fidelity: 0.8688 std: 0.0302
Timesteps/1000: 50.0
Reward: 2.9639
Test set Fidelity: 0.9137 std: 0.0282
Saving new best model at 50000 timesteps.
Saving new best model in simulation/experiments/1q/model_5.
Timesteps/1000: 55.0
Reward: 2.7654
Test set Fidelity: 0.8870 std: 0.0322
Timesteps/1000: 60.0
Reward: 2.8342
Test set Fidelity: 0.8985 std: 0.0305
Timesteps/1000: 65.0
Reward: 2.8477
Test set Fidelity: 0.9050 std: 0.0255
Timesteps/1000: 70.0
Reward: 2.9790
Test set Fidelity: 0.9169 std: 0.0230
Saving new best model at 70000 timesteps.
Saving new best model in simulation/experiments/1q/model_5.
Timesteps/1000: 75.0
Reward: 2.8627
Test set Fidelity: 0.9020 std: 0.0253
Timesteps/1000: 80.0
Reward: 2.8425
Test set Fidelity: 0.8997 std: 0.0265
Timesteps/1000: 85.0
Reward: 2.7492
Test set Fidelity: 0.8734 std: 0.0279
Timesteps/1000: 90.0
Reward: 2.8426
Test set Fidelity: 0.8885 std: 0.0279
Timesteps/1000: 95.0
Reward: 3.4512
Test set Fidelity: 0.9355 std: 0.0178
Saving new best model at 95000 timesteps.
Saving new best model in simulation/experiments/1q/model_5.
Timesteps/1000: 100.0
Reward: 3.5065
Test set Fidelity: 0.9362 std: 0.0184
Saving new best model at 100000 timesteps.
Saving new best model in simulation/experiments/1q/model_5.
Timesteps/1000: 105.0
Reward: 3.1964
Test set Fidelity: 0.9206 std: 0.0222
Timesteps/1000: 110.0
Reward: 3.2763
Test set Fidelity: 0.9216 std: 0.0215
Timesteps/1000: 115.0
Reward: 3.2739
Test set Fidelity: 0.9226 std: 0.0217
Timesteps/1000: 120.0
Reward: 3.7844
Test set Fidelity: 0.9431 std: 0.0179
Saving new best model at 120000 timesteps.
Saving new best model in simulation/experiments/1q/model_5.
Timesteps/1000: 125.0
Reward: 3.8468
Test set Fidelity: 0.9465 std: 0.0183
Saving new best model at 125000 timesteps.
Saving new best model in simulation/experiments/1q/model_5.
Timesteps/1000: 130.0
Reward: 5.2613
Test set Fidelity: 0.9651 std: 0.0144
Saving new best model at 130000 timesteps.
Saving new best model in simulation/experiments/1q/model_5.
Timesteps/1000: 135.0
Reward: 6.9291
Test set Fidelity: 0.9742 std: 0.0123
Saving new best model at 135000 timesteps.
Saving new best model in simulation/experiments/1q/model_5.
Timesteps/1000: 140.0
Reward: 7.4277
Test set Fidelity: 0.9762 std: 0.0119
Saving new best model at 140000 timesteps.
Saving new best model in simulation/experiments/1q/model_5.
Timesteps/1000: 145.0
Reward: 7.2129
Test set Fidelity: 0.9755 std: 0.0123
Timesteps/1000: 150.0
Reward: 8.1072
Test set Fidelity: 0.9784 std: 0.0114
Saving new best model at 150000 timesteps.
Saving new best model in simulation/experiments/1q/model_5.
Timesteps/1000: 155.0
Reward: 6.7921
Test set Fidelity: 0.9739 std: 0.0133
Timesteps/1000: 160.0
Reward: 9.1672
Test set Fidelity: 0.9808 std: 0.0109
Saving new best model at 160000 timesteps.
Saving new best model in simulation/experiments/1q/model_5.
Timesteps/1000: 165.0
Reward: 8.9572
Test set Fidelity: 0.9817 std: 0.0109
Saving new best model at 165000 timesteps.
Saving new best model in simulation/experiments/1q/model_5.
Timesteps/1000: 170.0
Reward: 11.0254
Test set Fidelity: 0.9853 std: 0.0095
Saving new best model at 170000 timesteps.
Saving new best model in simulation/experiments/1q/model_5.
Timesteps/1000: 175.0
Reward: 10.9334
Test set Fidelity: 0.9846 std: 0.0097
Timesteps/1000: 180.0
Reward: 7.4677
Test set Fidelity: 0.9760 std: 0.0126
Timesteps/1000: 185.0
Reward: 9.8452
Test set Fidelity: 0.9819 std: 0.0109
Timesteps/1000: 190.0
Reward: 11.3736
Test set Fidelity: 0.9848 std: 0.0094
Timesteps/1000: 195.0
Reward: 9.6373
Test set Fidelity: 0.9816 std: 0.0108
Timesteps/1000: 200.0
Reward: 8.7854
Test set Fidelity: 0.9799 std: 0.0112
Timesteps/1000: 205.0
Reward: 4.9506
Test set Fidelity: 0.9614 std: 0.0177
Timesteps/1000: 210.0
Reward: 6.7727
Test set Fidelity: 0.9718 std: 0.0154
Timesteps/1000: 215.0
Reward: 7.9537
Test set Fidelity: 0.9758 std: 0.0137
Timesteps/1000: 220.0
Reward: 9.4367
Test set Fidelity: 0.9778 std: 0.0133
Timesteps/1000: 225.0
Reward: 8.6282
Test set Fidelity: 0.9763 std: 0.0145
Timesteps/1000: 230.0
Reward: 7.3163
Test set Fidelity: 0.9734 std: 0.0147
Timesteps/1000: 235.0
Reward: 7.4688
Test set Fidelity: 0.9738 std: 0.0153
Timesteps/1000: 240.0
Reward: 12.9598
Test set Fidelity: 0.9820 std: 0.0111
Timesteps/1000: 245.0
Reward: 13.5021
Test set Fidelity: 0.9830 std: 0.0110
Timesteps/1000: 250.0
Reward: 16.5618
Test set Fidelity: 0.9848 std: 0.0099
Timesteps/1000: 255.0
Reward: 7.5248
Test set Fidelity: 0.9749 std: 0.0131
Timesteps/1000: 260.0
Reward: 6.0262
Test set Fidelity: 0.9685 std: 0.0154
Timesteps/1000: 265.0
Reward: 8.7907
Test set Fidelity: 0.9773 std: 0.0129
Timesteps/1000: 270.0
Reward: 15.6822
Test set Fidelity: 0.9842 std: 0.0102
Timesteps/1000: 275.0
Reward: 11.9009
Test set Fidelity: 0.9820 std: 0.0112
Timesteps/1000: 280.0
Reward: 9.6216
Test set Fidelity: 0.9792 std: 0.0125
Timesteps/1000: 285.0
Reward: 11.6932
Test set Fidelity: 0.9821 std: 0.0105
Timesteps/1000: 290.0
Reward: 12.8559
Test set Fidelity: 0.9835 std: 0.0102
Timesteps/1000: 295.0
Reward: 10.1926
Test set Fidelity: 0.9801 std: 0.0120
Timesteps/1000: 300.0
Reward: 11.3668
Test set Fidelity: 0.9818 std: 0.0109
Timesteps/1000: 305.0
Reward: 14.1862
Test set Fidelity: 0.9845 std: 0.0094
Timesteps/1000: 310.0
Reward: 12.0536
Test set Fidelity: 0.9832 std: 0.0096
Timesteps/1000: 315.0
Reward: 37.9984
Test set Fidelity: 0.9885 std: 0.0072
Saving new best model at 315000 timesteps.
Saving new best model in simulation/experiments/1q/model_5.
Timesteps/1000: 320.0
Reward: 18.7052
Test set Fidelity: 0.9871 std: 0.0083
Timesteps/1000: 325.0
Reward: 21.6061
Test set Fidelity: 0.9865 std: 0.0086
Timesteps/1000: 330.0
Reward: 34.2727
Test set Fidelity: 0.9877 std: 0.0081
Timesteps/1000: 335.0
Reward: 46.5909
Test set Fidelity: 0.9886 std: 0.0078
Saving new best model at 335000 timesteps.
Saving new best model in simulation/experiments/1q/model_5.
Timesteps/1000: 340.0
Reward: 13.4557
Test set Fidelity: 0.9850 std: 0.0095
Timesteps/1000: 345.0
Reward: 21.2384
Test set Fidelity: 0.9868 std: 0.0082
Timesteps/1000: 350.0
Reward: 89.7162
Test set Fidelity: 0.9900 std: 0.0066
Saving new best model at 350000 timesteps.
Saving new best model in simulation/experiments/1q/model_5.
Timesteps/1000: 355.0
Reward: 426.3629
Test set Fidelity: 0.9902 std: 0.0067
Saving new best model at 355000 timesteps.
Saving new best model in simulation/experiments/1q/model_5.
Timesteps/1000: 360.0
Reward: 121.9112
Test set Fidelity: 0.9911 std: 0.0062
Saving new best model at 360000 timesteps.
Saving new best model in simulation/experiments/1q/model_5.
Timesteps/1000: 365.0
Reward: 65.9131
Test set Fidelity: 0.9908 std: 0.0062
Timesteps/1000: 370.0
Reward: 30.7602
Test set Fidelity: 0.9891 std: 0.0071
Timesteps/1000: 375.0
Reward: 38.9308
Test set Fidelity: 0.9904 std: 0.0062
Timesteps/1000: 380.0
Reward: 66.7774
Test set Fidelity: 0.9892 std: 0.0066
Timesteps/1000: 385.0
Reward: 61.7412
Test set Fidelity: 0.9885 std: 0.0071
Timesteps/1000: 390.0
Reward: 23.4392
Test set Fidelity: 0.9876 std: 0.0077
Timesteps/1000: 395.0
Reward: 28.2907
Test set Fidelity: 0.9906 std: 0.0062
Timesteps/1000: 400.0
Reward: 19.1845
Test set Fidelity: 0.9879 std: 0.0077
Timesteps/1000: 405.0
Reward: 11.7266
Test set Fidelity: 0.9829 std: 0.0098
Timesteps/1000: 410.0
Reward: 13.2446
Test set Fidelity: 0.9854 std: 0.0088
Timesteps/1000: 415.0
Reward: 18.2020
Test set Fidelity: 0.9882 std: 0.0076
Timesteps/1000: 420.0
Reward: 16.5928
Test set Fidelity: 0.9870 std: 0.0082
Timesteps/1000: 425.0
Reward: 16.1826
Test set Fidelity: 0.9867 std: 0.0084
Timesteps/1000: 430.0
Reward: 11.5492
Test set Fidelity: 0.9824 std: 0.0102
Timesteps/1000: 435.0
Reward: 16.8420
Test set Fidelity: 0.9870 std: 0.0081
Timesteps/1000: 440.0
Reward: 22.4639
Test set Fidelity: 0.9902 std: 0.0066
Timesteps/1000: 445.0
Reward: 19.5131
Test set Fidelity: 0.9885 std: 0.0075
Timesteps/1000: 450.0
Reward: 20.5523
Test set Fidelity: 0.9891 std: 0.0070
Timesteps/1000: 455.0
Reward: 24.0547
Test set Fidelity: 0.9916 std: 0.0059
Saving new best model at 455000 timesteps.
Saving new best model in simulation/experiments/1q/model_5.
Timesteps/1000: 460.0
Reward: 25.0409
Test set Fidelity: 0.9918 std: 0.0057
Saving new best model at 460000 timesteps.
Saving new best model in simulation/experiments/1q/model_5.
Timesteps/1000: 465.0
Reward: 26.1753
Test set Fidelity: 0.9922 std: 0.0056
Saving new best model at 465000 timesteps.
Saving new best model in simulation/experiments/1q/model_5.
Timesteps/1000: 470.0
Reward: 26.0533
Test set Fidelity: 0.9915 std: 0.0063
Timesteps/1000: 475.0
Reward: 26.6089
Test set Fidelity: 0.9919 std: 0.0058
Timesteps/1000: 480.0
Reward: 26.6450
Test set Fidelity: 0.9917 std: 0.0058
Timesteps/1000: 485.0
Reward: 27.3658
Test set Fidelity: 0.9914 std: 0.0063
Timesteps/1000: 490.0
Reward: 31.2407
Test set Fidelity: 0.9924 std: 0.0055
Saving new best model at 490000 timesteps.
Saving new best model in simulation/experiments/1q/model_5.
Timesteps/1000: 495.0
Reward: 26.9764
Test set Fidelity: 0.9904 std: 0.0068
Timesteps/1000: 500.0
Reward: 28.2084
Test set Fidelity: 0.9917 std: 0.0059
Timesteps/1000: 505.0
Reward: 29.9407
Test set Fidelity: 0.9909 std: 0.0066
Timesteps/1000: 510.0
Reward: 29.7011
Test set Fidelity: 0.9912 std: 0.0064
Timesteps/1000: 515.0
Reward: 33.1959
Test set Fidelity: 0.9923 std: 0.0057
Timesteps/1000: 520.0
Reward: 35.2499
Test set Fidelity: 0.9924 std: 0.0054
Timesteps/1000: 525.0
Reward: 38.0848
Test set Fidelity: 0.9918 std: 0.0056
Timesteps/1000: 530.0
Reward: 40.0768
Test set Fidelity: 0.9923 std: 0.0057
Timesteps/1000: 535.0
Reward: 52.1791
Test set Fidelity: 0.9914 std: 0.0061
Timesteps/1000: 540.0
Reward: 33.7747
Test set Fidelity: 0.9925 std: 0.0051
Saving new best model at 540000 timesteps.
Saving new best model in simulation/experiments/1q/model_5.
Timesteps/1000: 545.0
Reward: 34.2779
Test set Fidelity: 0.9923 std: 0.0053
Timesteps/1000: 550.0
Reward: 36.6795
Test set Fidelity: 0.9914 std: 0.0061
Timesteps/1000: 555.0
Reward: 38.5189
Test set Fidelity: 0.9917 std: 0.0060
Timesteps/1000: 560.0
Reward: 37.3331
Test set Fidelity: 0.9920 std: 0.0057
Timesteps/1000: 565.0
Reward: 41.6039
Test set Fidelity: 0.9919 std: 0.0056
Timesteps/1000: 570.0
Reward: 44.9243
Test set Fidelity: 0.9914 std: 0.0061
Timesteps/1000: 575.0
Reward: 49.0201
Test set Fidelity: 0.9918 std: 0.0059
Timesteps/1000: 580.0
Reward: 37.3008
Test set Fidelity: 0.9921 std: 0.0055
Timesteps/1000: 585.0
Reward: 46.1512
Test set Fidelity: 0.9917 std: 0.0062
Timesteps/1000: 590.0
Reward: 56.5535
Test set Fidelity: 0.9916 std: 0.0062
Timesteps/1000: 595.0
Reward: 67.2156
Test set Fidelity: 0.9912 std: 0.0066
Timesteps/1000: 600.0
Reward: 46.4300
Test set Fidelity: 0.9913 std: 0.0067
Timesteps/1000: 605.0
Reward: 39.7930
Test set Fidelity: 0.9921 std: 0.0060
Timesteps/1000: 610.0
Reward: 59.2739
Test set Fidelity: 0.9919 std: 0.0061
Timesteps/1000: 615.0
Reward: 48.8731
Test set Fidelity: 0.9925 std: 0.0055
Timesteps/1000: 620.0
Reward: 47.2896
Test set Fidelity: 0.9921 std: 0.0057
Timesteps/1000: 625.0
Reward: 114.5540
Test set Fidelity: 0.9923 std: 0.0057
Timesteps/1000: 630.0
Reward: 591.6855
Test set Fidelity: 0.9914 std: 0.0064
Timesteps/1000: 635.0
Reward: 67.5204
Test set Fidelity: 0.9915 std: 0.0065
Timesteps/1000: 640.0
Reward: 58.5724
Test set Fidelity: 0.9919 std: 0.0058
Timesteps/1000: 645.0
Reward: 76.5772
Test set Fidelity: 0.9909 std: 0.0067
Timesteps/1000: 650.0
Reward: 55.2605
Test set Fidelity: 0.9913 std: 0.0062
Timesteps/1000: 655.0
Reward: 42.2456
Test set Fidelity: 0.9930 std: 0.0050
Saving new best model at 655000 timesteps.
Saving new best model in simulation/experiments/1q/model_5.
Timesteps/1000: 660.0
Reward: 40.5014
Test set Fidelity: 0.9931 std: 0.0049
Saving new best model at 660000 timesteps.
Saving new best model in simulation/experiments/1q/model_5.
Timesteps/1000: 665.0
Reward: 51.9251
Test set Fidelity: 0.9921 std: 0.0057
Timesteps/1000: 670.0
Reward: 43.7097
Test set Fidelity: 0.9925 std: 0.0054
Timesteps/1000: 675.0
Reward: 47.7434
Test set Fidelity: 0.9922 std: 0.0057
Timesteps/1000: 680.0
Reward: 54.1403
Test set Fidelity: 0.9927 std: 0.0053
Timesteps/1000: 685.0
Reward: 67.0158
Test set Fidelity: 0.9924 std: 0.0056
Timesteps/1000: 690.0
Reward: 54.0904
Test set Fidelity: 0.9921 std: 0.0057
Timesteps/1000: 695.0
Reward: 41.5383
Test set Fidelity: 0.9920 std: 0.0058
Timesteps/1000: 700.0
Reward: 47.4107
Test set Fidelity: 0.9927 std: 0.0053
Timesteps/1000: 705.0
Reward: 59.3600
Test set Fidelity: 0.9928 std: 0.0053
Timesteps/1000: 710.0
Reward: 45.4222
Test set Fidelity: 0.9918 std: 0.0059
Timesteps/1000: 715.0
Reward: 71.0280
Test set Fidelity: 0.9923 std: 0.0059
Timesteps/1000: 720.0
Reward: 67.9093
Test set Fidelity: 0.9926 std: 0.0056
Timesteps/1000: 725.0
Reward: 68.2535
Test set Fidelity: 0.9928 std: 0.0053
Timesteps/1000: 730.0
Reward: 124.3806
Test set Fidelity: 0.9921 std: 0.0060
Timesteps/1000: 735.0
Reward: 67.8951
Test set Fidelity: 0.9923 std: 0.0060
Timesteps/1000: 740.0
Reward: 79.3381
Test set Fidelity: 0.9908 std: 0.0074
Timesteps/1000: 745.0
Reward: 49.9302
Test set Fidelity: 0.9911 std: 0.0071
Timesteps/1000: 750.0
Reward: 38.5206
Test set Fidelity: 0.9910 std: 0.0071
Timesteps/1000: 755.0
Reward: 26.8922
Test set Fidelity: 0.9886 std: 0.0087
Timesteps/1000: 760.0
Reward: 39.2104
Test set Fidelity: 0.9905 std: 0.0076
Timesteps/1000: 765.0
Reward: 72.0666
Test set Fidelity: 0.9916 std: 0.0071
Timesteps/1000: 770.0
Reward: 58.7088
Test set Fidelity: 0.9921 std: 0.0067
Timesteps/1000: 775.0
Reward: 54.7096
Test set Fidelity: 0.9916 std: 0.0072
Timesteps/1000: 780.0
Reward: 56.7830
Test set Fidelity: 0.9926 std: 0.0063
Timesteps/1000: 785.0
Reward: 115.7687
Test set Fidelity: 0.9918 std: 0.0071
Timesteps/1000: 790.0
Reward: 73.7955
Test set Fidelity: 0.9920 std: 0.0071
Timesteps/1000: 795.0
Reward: 64.3945
Test set Fidelity: 0.9922 std: 0.0069
Timesteps/1000: 800.0
Reward: 58.7720
Test set Fidelity: 0.9920 std: 0.0073
Timesteps/1000: 805.0
Reward: 64.1193
Test set Fidelity: 0.9922 std: 0.0067
Timesteps/1000: 810.0
Reward: 60.1976
Test set Fidelity: 0.9920 std: 0.0070
Timesteps/1000: 815.0
Reward: 96.0640
Test set Fidelity: 0.9926 std: 0.0062
Timesteps/1000: 820.0
Reward: 86.2118
Test set Fidelity: 0.9928 std: 0.0059
Timesteps/1000: 825.0
Reward: 60.4474
Test set Fidelity: 0.9928 std: 0.0060
Timesteps/1000: 830.0
Reward: 51.1642
Test set Fidelity: 0.9928 std: 0.0060
Timesteps/1000: 835.0
Reward: 100.6194
Test set Fidelity: 0.9927 std: 0.0062
Timesteps/1000: 840.0
Reward: 57.0885
Test set Fidelity: 0.9927 std: 0.0063
Timesteps/1000: 845.0
Reward: 117.3927
Test set Fidelity: 0.9921 std: 0.0066
Timesteps/1000: 850.0
Reward: 60.1249
Test set Fidelity: 0.9922 std: 0.0064
Timesteps/1000: 855.0
Reward: 58.0492
Test set Fidelity: 0.9923 std: 0.0066
Timesteps/1000: 860.0
Reward: 76.6522
Test set Fidelity: 0.9925 std: 0.0062
Timesteps/1000: 865.0
Reward: 113.4494
Test set Fidelity: 0.9926 std: 0.0061
Timesteps/1000: 870.0
Reward: 76.1493
Test set Fidelity: 0.9926 std: 0.0059
Timesteps/1000: 875.0
Reward: 91.9891
Test set Fidelity: 0.9922 std: 0.0066
Timesteps/1000: 880.0
Reward: 95.8854
Test set Fidelity: 0.9925 std: 0.0062
Timesteps/1000: 885.0
Reward: 102.9472
Test set Fidelity: 0.9926 std: 0.0057
Timesteps/1000: 890.0
Reward: 81.9400
Test set Fidelity: 0.9927 std: 0.0056
Timesteps/1000: 895.0
Reward: 77.2732
Test set Fidelity: 0.9925 std: 0.0057
Timesteps/1000: 900.0
Reward: 83.5293
Test set Fidelity: 0.9927 std: 0.0054
Timesteps/1000: 905.0
Reward: 83.0626
Test set Fidelity: 0.9925 std: 0.0056
Timesteps/1000: 910.0
Reward: 327.8278
Test set Fidelity: 0.9925 std: 0.0056
Timesteps/1000: 915.0
Reward: 61.3908
Test set Fidelity: 0.9924 std: 0.0058
Timesteps/1000: 920.0
Reward: 66.3803
Test set Fidelity: 0.9923 std: 0.0059
Timesteps/1000: 925.0
Reward: 81.8585
Test set Fidelity: 0.9921 std: 0.0062
Timesteps/1000: 930.0
Reward: 67.5383
Test set Fidelity: 0.9922 std: 0.0058
Timesteps/1000: 935.0
Reward: 59.4153
Test set Fidelity: 0.9920 std: 0.0059
Timesteps/1000: 940.0
Reward: 63.5275
Test set Fidelity: 0.9918 std: 0.0062
Timesteps/1000: 945.0
Reward: 58.1595
Test set Fidelity: 0.9916 std: 0.0065
Timesteps/1000: 950.0
Reward: 81.2815
Test set Fidelity: 0.9920 std: 0.0061
Timesteps/1000: 955.0
Reward: 61.4495
Test set Fidelity: 0.9919 std: 0.0062
Timesteps/1000: 960.0
Reward: 58.8097
Test set Fidelity: 0.9919 std: 0.0061
Timesteps/1000: 965.0
Reward: 89.9966
Test set Fidelity: 0.9918 std: 0.0063
Timesteps/1000: 970.0
Reward: 55.4326
Test set Fidelity: 0.9916 std: 0.0066
Timesteps/1000: 975.0
Reward: 53.6882
Test set Fidelity: 0.9917 std: 0.0066
Timesteps/1000: 980.0
Reward: 53.0614
Test set Fidelity: 0.9916 std: 0.0068
Timesteps/1000: 985.0
Reward: 53.0755
Test set Fidelity: 0.9917 std: 0.0066
Timesteps/1000: 990.0
Reward: 60.9421
Test set Fidelity: 0.9921 std: 0.0060
Timesteps/1000: 995.0
Reward: 51.3866
Test set Fidelity: 0.9914 std: 0.0068
Timesteps/1000: 1000.0
Reward: 52.2079
Test set Fidelity: 0.9913 std: 0.0070
 100% ━━━━━━━━━━━━━━━━━━━━ 1,000,000/1,000,000  [ 0:27:54 < 0:00:00 , 603 it/s ]
