[Qibo 0.2.7|INFO|2024-06-05 17:00:15]: Using qibojit (numba) backend on /CPU:0
Timesteps/1000: 0.001
Reward: 2.1442
Test set Fidelity: 0.8564 std: 0.0432
Saving new best model at 1 timesteps.
Saving new best model in simulation/experiments/1q/model_5.
Timesteps/1000: 5.0
Reward: 2.2171
Test set Fidelity: 0.8574 std: 0.0409
Saving new best model at 5000 timesteps.
Saving new best model in simulation/experiments/1q/model_5.
Timesteps/1000: 10.0
Reward: 2.1862
Test set Fidelity: 0.8566 std: 0.0415
Timesteps/1000: 15.0
Reward: 2.2628
Test set Fidelity: 0.8587 std: 0.0396
Saving new best model at 15000 timesteps.
Saving new best model in simulation/experiments/1q/model_5.
Timesteps/1000: 20.0
Reward: 2.2469
Test set Fidelity: 0.8583 std: 0.0401
Timesteps/1000: 25.0
Reward: 2.3116
Test set Fidelity: 0.8601 std: 0.0383
Saving new best model at 25000 timesteps.
Saving new best model in simulation/experiments/1q/model_5.
Timesteps/1000: 30.0
Reward: 2.4283
Test set Fidelity: 0.8630 std: 0.0357
Saving new best model at 30000 timesteps.
Saving new best model in simulation/experiments/1q/model_5.
Timesteps/1000: 35.0
Reward: 2.3513
Test set Fidelity: 0.8618 std: 0.0379
Timesteps/1000: 40.0
Reward: 2.4138
Test set Fidelity: 0.8631 std: 0.0365
Saving new best model at 40000 timesteps.
Saving new best model in simulation/experiments/1q/model_5.
Timesteps/1000: 45.0
Reward: 2.3624
Test set Fidelity: 0.8620 std: 0.0373
Timesteps/1000: 50.0
Reward: 2.3397
Test set Fidelity: 0.8615 std: 0.0380
Timesteps/1000: 55.0
Reward: 2.3611
Test set Fidelity: 0.8616 std: 0.0371
Timesteps/1000: 60.0
Reward: 2.3762
Test set Fidelity: 0.8621 std: 0.0363
Timesteps/1000: 65.0
Reward: 2.4641
Test set Fidelity: 0.8646 std: 0.0346
Saving new best model at 65000 timesteps.
Saving new best model in simulation/experiments/1q/model_5.
Timesteps/1000: 70.0
Reward: 2.4828
Test set Fidelity: 0.8654 std: 0.0343
Saving new best model at 70000 timesteps.
Saving new best model in simulation/experiments/1q/model_5.
Timesteps/1000: 75.0
Reward: 2.5830
Test set Fidelity: 0.8688 std: 0.0327
Saving new best model at 75000 timesteps.
Saving new best model in simulation/experiments/1q/model_5.
Timesteps/1000: 80.0
Reward: 2.6933
Test set Fidelity: 0.8792 std: 0.0345
Saving new best model at 80000 timesteps.
Saving new best model in simulation/experiments/1q/model_5.
Timesteps/1000: 85.0
Reward: 2.9945
Test set Fidelity: 0.9028 std: 0.0338
Saving new best model at 85000 timesteps.
Saving new best model in simulation/experiments/1q/model_5.
Timesteps/1000: 90.0
Reward: 3.3921
Test set Fidelity: 0.9177 std: 0.0322
Saving new best model at 90000 timesteps.
Saving new best model in simulation/experiments/1q/model_5.
Timesteps/1000: 95.0
Reward: 3.1836
Test set Fidelity: 0.9044 std: 0.0331
Timesteps/1000: 100.0
Reward: 3.4122
Test set Fidelity: 0.9213 std: 0.0332
Saving new best model at 100000 timesteps.
Saving new best model in simulation/experiments/1q/model_5.
Timesteps/1000: 105.0
Reward: 4.8716
Test set Fidelity: 0.9541 std: 0.0216
Saving new best model at 105000 timesteps.
Saving new best model in simulation/experiments/1q/model_5.
Timesteps/1000: 110.0
Reward: 4.0884
Test set Fidelity: 0.9402 std: 0.0256
Timesteps/1000: 115.0
Reward: 4.2861
Test set Fidelity: 0.9457 std: 0.0231
Timesteps/1000: 120.0
Reward: 3.0963
Test set Fidelity: 0.8922 std: 0.0317
Timesteps/1000: 125.0
Reward: 3.4156
Test set Fidelity: 0.9172 std: 0.0298
Timesteps/1000: 130.0
Reward: 3.0172
Test set Fidelity: 0.8789 std: 0.0269
Timesteps/1000: 135.0
Reward: 3.0888
Test set Fidelity: 0.8946 std: 0.0333
Timesteps/1000: 140.0
Reward: 3.1140
Test set Fidelity: 0.8935 std: 0.0334
Timesteps/1000: 145.0
Reward: 3.1142
Test set Fidelity: 0.8937 std: 0.0319
Timesteps/1000: 150.0
Reward: 3.1143
Test set Fidelity: 0.8997 std: 0.0307
Timesteps/1000: 155.0
Reward: 3.4926
Test set Fidelity: 0.9249 std: 0.0253
Timesteps/1000: 160.0
Reward: 3.1842
Test set Fidelity: 0.9080 std: 0.0272
Timesteps/1000: 165.0
Reward: 5.8272
Test set Fidelity: 0.9660 std: 0.0133
Saving new best model at 165000 timesteps.
Saving new best model in simulation/experiments/1q/model_5.
Timesteps/1000: 170.0
Reward: 5.5559
Test set Fidelity: 0.9640 std: 0.0135
Timesteps/1000: 175.0
Reward: 6.0845
Test set Fidelity: 0.9673 std: 0.0133
Saving new best model at 175000 timesteps.
Saving new best model in simulation/experiments/1q/model_5.
Timesteps/1000: 180.0
Reward: 3.8722
Test set Fidelity: 0.9399 std: 0.0199
Timesteps/1000: 185.0
Reward: 4.4427
Test set Fidelity: 0.9518 std: 0.0171
Timesteps/1000: 190.0
Reward: 4.6444
Test set Fidelity: 0.9563 std: 0.0147
Timesteps/1000: 195.0
Reward: 5.1531
Test set Fidelity: 0.9624 std: 0.0126
Timesteps/1000: 200.0
Reward: 5.0061
Test set Fidelity: 0.9609 std: 0.0127
Timesteps/1000: 205.0
Reward: 5.9491
Test set Fidelity: 0.9693 std: 0.0109
Saving new best model at 205000 timesteps.
Saving new best model in simulation/experiments/1q/model_5.
Timesteps/1000: 210.0
Reward: 5.0207
Test set Fidelity: 0.9604 std: 0.0141
Timesteps/1000: 215.0
Reward: 5.9010
Test set Fidelity: 0.9688 std: 0.0111
Timesteps/1000: 220.0
Reward: 6.1236
Test set Fidelity: 0.9703 std: 0.0108
Saving new best model at 220000 timesteps.
Saving new best model in simulation/experiments/1q/model_5.
Timesteps/1000: 225.0
Reward: 7.0615
Test set Fidelity: 0.9751 std: 0.0100
Saving new best model at 225000 timesteps.
Saving new best model in simulation/experiments/1q/model_5.
Timesteps/1000: 230.0
Reward: 5.1833
Test set Fidelity: 0.9635 std: 0.0122
Timesteps/1000: 235.0
Reward: 3.8912
Test set Fidelity: 0.9410 std: 0.0164
Timesteps/1000: 240.0
Reward: 4.0136
Test set Fidelity: 0.9440 std: 0.0146
Timesteps/1000: 245.0
Reward: 4.5466
Test set Fidelity: 0.9539 std: 0.0138
Timesteps/1000: 250.0
Reward: 5.3625
Test set Fidelity: 0.9614 std: 0.0150
Timesteps/1000: 255.0
Reward: 5.2735
Test set Fidelity: 0.9609 std: 0.0142
Timesteps/1000: 260.0
Reward: 6.4616
Test set Fidelity: 0.9699 std: 0.0115
Timesteps/1000: 265.0
Reward: 11.8669
Test set Fidelity: 0.9823 std: 0.0087
Saving new best model at 265000 timesteps.
Saving new best model in simulation/experiments/1q/model_5.
Timesteps/1000: 270.0
Reward: 6.2738
Test set Fidelity: 0.9693 std: 0.0108
Timesteps/1000: 275.0
Reward: 5.2831
Test set Fidelity: 0.9622 std: 0.0117
Timesteps/1000: 280.0
Reward: 5.0441
Test set Fidelity: 0.9603 std: 0.0120
Timesteps/1000: 285.0
Reward: 6.0853
Test set Fidelity: 0.9683 std: 0.0107
Timesteps/1000: 290.0
Reward: 6.2526
Test set Fidelity: 0.9693 std: 0.0106
Timesteps/1000: 295.0
Reward: 5.4491
Test set Fidelity: 0.9639 std: 0.0117
Timesteps/1000: 300.0
Reward: 6.1657
Test set Fidelity: 0.9685 std: 0.0114
Timesteps/1000: 305.0
Reward: 8.9290
Test set Fidelity: 0.9783 std: 0.0092
Timesteps/1000: 310.0
Reward: 8.8493
Test set Fidelity: 0.9787 std: 0.0092
Timesteps/1000: 315.0
Reward: 10.7596
Test set Fidelity: 0.9812 std: 0.0090
Timesteps/1000: 320.0
Reward: 8.7283
Test set Fidelity: 0.9780 std: 0.0095
Timesteps/1000: 325.0
Reward: 6.8908
Test set Fidelity: 0.9715 std: 0.0111
Timesteps/1000: 330.0
Reward: 6.7708
Test set Fidelity: 0.9714 std: 0.0113
Timesteps/1000: 335.0
Reward: 5.6899
Test set Fidelity: 0.9654 std: 0.0119
Timesteps/1000: 340.0
Reward: 6.9097
Test set Fidelity: 0.9719 std: 0.0107
Timesteps/1000: 345.0
Reward: 8.1616
Test set Fidelity: 0.9761 std: 0.0095
Timesteps/1000: 350.0
Reward: 6.6615
Test set Fidelity: 0.9708 std: 0.0109
Timesteps/1000: 355.0
Reward: 8.5630
Test set Fidelity: 0.9765 std: 0.0099
Timesteps/1000: 360.0
Reward: 6.4580
Test set Fidelity: 0.9680 std: 0.0121
Timesteps/1000: 365.0
Reward: 6.2716
Test set Fidelity: 0.9672 std: 0.0128
Timesteps/1000: 370.0
Reward: 6.4301
Test set Fidelity: 0.9678 std: 0.0130
Timesteps/1000: 375.0
Reward: 5.0225
Test set Fidelity: 0.9580 std: 0.0153
Timesteps/1000: 380.0
Reward: 5.1356
Test set Fidelity: 0.9577 std: 0.0169
Timesteps/1000: 385.0
Reward: 4.1552
Test set Fidelity: 0.9454 std: 0.0183
Timesteps/1000: 390.0
Reward: 4.8335
Test set Fidelity: 0.9559 std: 0.0157
Timesteps/1000: 395.0
Reward: 4.6851
Test set Fidelity: 0.9551 std: 0.0186
Timesteps/1000: 400.0
Reward: 4.8817
Test set Fidelity: 0.9583 std: 0.0169
Timesteps/1000: 405.0
Reward: 6.1885
Test set Fidelity: 0.9668 std: 0.0154
Timesteps/1000: 410.0
Reward: 5.1222
Test set Fidelity: 0.9598 std: 0.0170
Timesteps/1000: 415.0
Reward: 4.5797
Test set Fidelity: 0.9552 std: 0.0150
Timesteps/1000: 420.0
Reward: 5.1833
Test set Fidelity: 0.9643 std: 0.0120
Timesteps/1000: 425.0
Reward: 4.0155
Test set Fidelity: 0.9512 std: 0.0159
Timesteps/1000: 430.0
Reward: 3.2261
Test set Fidelity: 0.9186 std: 0.0198
Timesteps/1000: 435.0
Reward: 3.1299
Test set Fidelity: 0.9016 std: 0.0201
Timesteps/1000: 440.0
Reward: 3.1487
Test set Fidelity: 0.9131 std: 0.0216
Timesteps/1000: 445.0
Reward: 3.1117
Test set Fidelity: 0.9031 std: 0.0279
Timesteps/1000: 450.0
Reward: 3.1875
Test set Fidelity: 0.9114 std: 0.0205
Timesteps/1000: 455.0
Reward: 3.1939
Test set Fidelity: 0.9136 std: 0.0203
Timesteps/1000: 460.0
Reward: 3.8578
Test set Fidelity: 0.9391 std: 0.0176
Timesteps/1000: 465.0
Reward: 3.7318
Test set Fidelity: 0.9385 std: 0.0172
Timesteps/1000: 470.0
Reward: 3.8749
Test set Fidelity: 0.9403 std: 0.0168
Timesteps/1000: 475.0
Reward: 3.2200
Test set Fidelity: 0.9201 std: 0.0214
Timesteps/1000: 480.0
Reward: 3.3279
Test set Fidelity: 0.9269 std: 0.0234
Timesteps/1000: 485.0
Reward: 3.4197
Test set Fidelity: 0.9324 std: 0.0235
Timesteps/1000: 490.0
Reward: 2.9188
Test set Fidelity: 0.9131 std: 0.0259
Timesteps/1000: 495.0
Reward: 3.5135
Test set Fidelity: 0.9410 std: 0.0250
Timesteps/1000: 500.0
Reward: 3.0772
Test set Fidelity: 0.9276 std: 0.0249
Timesteps/1000: 505.0
Reward: 3.0535
Test set Fidelity: 0.9241 std: 0.0269
Timesteps/1000: 510.0
Reward: 3.3819
Test set Fidelity: 0.9373 std: 0.0259
Timesteps/1000: 515.0
Reward: 2.8267
Test set Fidelity: 0.9126 std: 0.0263
Timesteps/1000: 520.0
Reward: 3.1724
Test set Fidelity: 0.9330 std: 0.0232
Timesteps/1000: 525.0
Reward: 5.4332
Test set Fidelity: 0.9621 std: 0.0223
Timesteps/1000: 530.0
Reward: 7.5870
Test set Fidelity: 0.9711 std: 0.0182
Timesteps/1000: 535.0
Reward: 8.5209
Test set Fidelity: 0.9712 std: 0.0182
Timesteps/1000: 540.0
Reward: 12.1085
Test set Fidelity: 0.9726 std: 0.0191
Timesteps/1000: 545.0
Reward: 6.9053
Test set Fidelity: 0.9666 std: 0.0201
Timesteps/1000: 550.0
Reward: 7.4394
Test set Fidelity: 0.9693 std: 0.0188
Timesteps/1000: 555.0
Reward: 5.8644
Test set Fidelity: 0.9660 std: 0.0179
Timesteps/1000: 560.0
Reward: 5.7104
Test set Fidelity: 0.9651 std: 0.0181
Timesteps/1000: 565.0
Reward: 6.0637
Test set Fidelity: 0.9675 std: 0.0168
Timesteps/1000: 570.0
Reward: 12.5755
Test set Fidelity: 0.9766 std: 0.0138
Timesteps/1000: 575.0
Reward: 6.4543
Test set Fidelity: 0.9690 std: 0.0164
Timesteps/1000: 580.0
Reward: 10.7540
Test set Fidelity: 0.9756 std: 0.0141
Timesteps/1000: 585.0
Reward: 7.7590
Test set Fidelity: 0.9700 std: 0.0172
Timesteps/1000: 590.0
Reward: 4.6244
Test set Fidelity: 0.9588 std: 0.0178
Timesteps/1000: 595.0
Reward: 5.6765
Test set Fidelity: 0.9664 std: 0.0157
Timesteps/1000: 600.0
Reward: 4.8102
Test set Fidelity: 0.9616 std: 0.0161
Timesteps/1000: 605.0
Reward: 6.7181
Test set Fidelity: 0.9717 std: 0.0146
Timesteps/1000: 610.0
Reward: 7.3589
Test set Fidelity: 0.9746 std: 0.0126
Timesteps/1000: 615.0
Reward: 6.6260
Test set Fidelity: 0.9723 std: 0.0133
Timesteps/1000: 620.0
Reward: 6.6561
Test set Fidelity: 0.9722 std: 0.0134
Timesteps/1000: 625.0
Reward: 6.8641
Test set Fidelity: 0.9734 std: 0.0126
Timesteps/1000: 630.0
Reward: 6.5440
Test set Fidelity: 0.9717 std: 0.0133
Timesteps/1000: 635.0
Reward: 5.6016
Test set Fidelity: 0.9674 std: 0.0140
Timesteps/1000: 640.0
Reward: 5.5655
Test set Fidelity: 0.9674 std: 0.0137
Timesteps/1000: 645.0
Reward: 5.3393
Test set Fidelity: 0.9675 std: 0.0151
Timesteps/1000: 650.0
Reward: 7.4071
Test set Fidelity: 0.9730 std: 0.0142
Timesteps/1000: 655.0
Reward: 13.5167
Test set Fidelity: 0.9788 std: 0.0122
Timesteps/1000: 660.0
Reward: 13.6441
Test set Fidelity: 0.9783 std: 0.0130
Timesteps/1000: 665.0
Reward: 13.5042
Test set Fidelity: 0.9780 std: 0.0135
Timesteps/1000: 670.0
Reward: 11.5294
Test set Fidelity: 0.9766 std: 0.0135
Timesteps/1000: 675.0
Reward: 6.7242
Test set Fidelity: 0.9701 std: 0.0156
Timesteps/1000: 680.0
Reward: 7.3005
Test set Fidelity: 0.9720 std: 0.0142
Timesteps/1000: 685.0
Reward: 7.1592
Test set Fidelity: 0.9716 std: 0.0146
Timesteps/1000: 690.0
Reward: 4.7506
Test set Fidelity: 0.9616 std: 0.0164
Timesteps/1000: 695.0
Reward: 5.7720
Test set Fidelity: 0.9676 std: 0.0148
Timesteps/1000: 700.0
Reward: 5.9278
Test set Fidelity: 0.9677 std: 0.0159
Timesteps/1000: 705.0
Reward: 6.3363
Test set Fidelity: 0.9697 std: 0.0148
Timesteps/1000: 710.0
Reward: 5.8495
Test set Fidelity: 0.9683 std: 0.0149
Timesteps/1000: 715.0
Reward: 9.0321
Test set Fidelity: 0.9754 std: 0.0134
Timesteps/1000: 720.0
Reward: 9.0420
Test set Fidelity: 0.9762 std: 0.0129
Timesteps/1000: 725.0
Reward: 5.9025
Test set Fidelity: 0.9688 std: 0.0145
Timesteps/1000: 730.0
Reward: 7.8504
Test set Fidelity: 0.9739 std: 0.0134
Timesteps/1000: 735.0
Reward: 9.7026
Test set Fidelity: 0.9766 std: 0.0127
Timesteps/1000: 740.0
Reward: 13.8564
Test set Fidelity: 0.9784 std: 0.0125
Timesteps/1000: 745.0
Reward: 15.4946
Test set Fidelity: 0.9793 std: 0.0130
Timesteps/1000: 750.0
Reward: 13.8442
Test set Fidelity: 0.9766 std: 0.0151
Timesteps/1000: 755.0
Reward: 9.1398
Test set Fidelity: 0.9742 std: 0.0159
Timesteps/1000: 760.0
Reward: 8.4391
Test set Fidelity: 0.9730 std: 0.0165
Timesteps/1000: 765.0
Reward: 9.3711
Test set Fidelity: 0.9764 std: 0.0153
Timesteps/1000: 770.0
Reward: 8.1368
Test set Fidelity: 0.9746 std: 0.0166
Timesteps/1000: 775.0
Reward: 8.3954
Test set Fidelity: 0.9757 std: 0.0161
Timesteps/1000: 780.0
Reward: 8.5895
Test set Fidelity: 0.9756 std: 0.0163
Timesteps/1000: 785.0
Reward: 9.5747
Test set Fidelity: 0.9776 std: 0.0153
Timesteps/1000: 790.0
Reward: 9.1325
Test set Fidelity: 0.9764 std: 0.0162
Timesteps/1000: 795.0
Reward: 12.0184
Test set Fidelity: 0.9799 std: 0.0149
Timesteps/1000: 800.0
Reward: 8.5808
Test set Fidelity: 0.9749 std: 0.0171
Timesteps/1000: 805.0
Reward: 10.4138
Test set Fidelity: 0.9775 std: 0.0173
Timesteps/1000: 810.0
Reward: 11.3877
Test set Fidelity: 0.9788 std: 0.0156
Timesteps/1000: 815.0
Reward: 11.3754
Test set Fidelity: 0.9789 std: 0.0150
Timesteps/1000: 820.0
Reward: 12.4080
Test set Fidelity: 0.9788 std: 0.0162
Timesteps/1000: 825.0
Reward: 19.8033
Test set Fidelity: 0.9822 std: 0.0137
Timesteps/1000: 830.0
Reward: 22.3578
Test set Fidelity: 0.9829 std: 0.0145
Saving new best model at 830000 timesteps.
Saving new best model in simulation/experiments/1q/model_5.
Timesteps/1000: 835.0
Reward: 35.6007
Test set Fidelity: 0.9838 std: 0.0148
Saving new best model at 835000 timesteps.
Saving new best model in simulation/experiments/1q/model_5.
Timesteps/1000: 840.0
Reward: 27.4249
Test set Fidelity: 0.9835 std: 0.0141
Timesteps/1000: 845.0
Reward: 29.8332
Test set Fidelity: 0.9858 std: 0.0120
Saving new best model at 845000 timesteps.
Saving new best model in simulation/experiments/1q/model_5.
Timesteps/1000: 850.0
Reward: 41.2074
Test set Fidelity: 0.9842 std: 0.0139
Timesteps/1000: 855.0
Reward: 28.7068
Test set Fidelity: 0.9849 std: 0.0135
Timesteps/1000: 860.0
Reward: 71.5672
Test set Fidelity: 0.9859 std: 0.0130
Saving new best model at 860000 timesteps.
Saving new best model in simulation/experiments/1q/model_5.
Timesteps/1000: 865.0
Reward: 38.4844
Test set Fidelity: 0.9849 std: 0.0143
Timesteps/1000: 870.0
Reward: 30.5103
Test set Fidelity: 0.9842 std: 0.0143
Timesteps/1000: 875.0
Reward: 30.9555
Test set Fidelity: 0.9831 std: 0.0151
Timesteps/1000: 880.0
Reward: 34.7825
Test set Fidelity: 0.9844 std: 0.0152
Timesteps/1000: 885.0
Reward: 35.6790
Test set Fidelity: 0.9861 std: 0.0133
Saving new best model at 885000 timesteps.
Saving new best model in simulation/experiments/1q/model_5.
Timesteps/1000: 890.0
Reward: 38.6623
Test set Fidelity: 0.9865 std: 0.0129
Saving new best model at 890000 timesteps.
Saving new best model in simulation/experiments/1q/model_5.
Timesteps/1000: 895.0
Reward: 32.3415
Test set Fidelity: 0.9855 std: 0.0136
Timesteps/1000: 900.0
Reward: 28.6771
Test set Fidelity: 0.9843 std: 0.0159
Timesteps/1000: 905.0
Reward: 34.3650
Test set Fidelity: 0.9842 std: 0.0152
Timesteps/1000: 910.0
Reward: 42.4995
Test set Fidelity: 0.9842 std: 0.0150
Timesteps/1000: 915.0
Reward: 22.8449
Test set Fidelity: 0.9833 std: 0.0166
Timesteps/1000: 920.0
Reward: 28.8895
Test set Fidelity: 0.9835 std: 0.0166
Timesteps/1000: 925.0
Reward: 26.0748
Test set Fidelity: 0.9832 std: 0.0168
Timesteps/1000: 930.0
Reward: 25.2304
Test set Fidelity: 0.9829 std: 0.0168
Timesteps/1000: 935.0
Reward: 26.9451
Test set Fidelity: 0.9832 std: 0.0166
Timesteps/1000: 940.0
Reward: 30.5532
Test set Fidelity: 0.9828 std: 0.0174
Timesteps/1000: 945.0
Reward: 28.9749
Test set Fidelity: 0.9831 std: 0.0170
Timesteps/1000: 950.0
Reward: 27.9106
Test set Fidelity: 0.9831 std: 0.0171
Timesteps/1000: 955.0
Reward: 29.2349
Test set Fidelity: 0.9830 std: 0.0172
Timesteps/1000: 960.0
Reward: 27.0469
Test set Fidelity: 0.9824 std: 0.0177
Timesteps/1000: 965.0
Reward: 61.2925
Test set Fidelity: 0.9825 std: 0.0175
Timesteps/1000: 970.0
Reward: 28.7027
Test set Fidelity: 0.9832 std: 0.0170
Timesteps/1000: 975.0
Reward: 33.6123
Test set Fidelity: 0.9831 std: 0.0167
Timesteps/1000: 980.0
Reward: 30.6405
Test set Fidelity: 0.9834 std: 0.0168
Timesteps/1000: 985.0
Reward: 33.8897
Test set Fidelity: 0.9826 std: 0.0173
Timesteps/1000: 990.0
Reward: 57.6432
Test set Fidelity: 0.9830 std: 0.0171
Timesteps/1000: 995.0
Reward: 60.1823
Test set Fidelity: 0.9826 std: 0.0177
Timesteps/1000: 1000.0
Reward: 62.9722
Test set Fidelity: 0.9829 std: 0.0174
 100% ━━━━━━━━━━━━━━━━━━━━ 1,000,000/1,000,000  [ 0:29:36 < 0:00:00 , 534 it/s ]
