[Qibo 0.2.7|INFO|2024-05-22 11:28:45]: Using qibojit (numba) backend on /CPU:0
Timesteps/1000: 0.001
Reward: 0.6876
Test set Fidelity: 0.6592 std: 0.0956
Saving new best model at 1 timesteps.
Saving new best model in simulation/experiments/3q_enhanced_dataset/model.
Timesteps/1000: 10.0
Reward: 0.6766
Test set Fidelity: 0.5921 std: 0.1082
Timesteps/1000: 20.0
Reward: 0.6691
Test set Fidelity: 0.5910 std: 0.1083
Timesteps/1000: 30.0
Reward: 0.6692
Test set Fidelity: 0.5907 std: 0.1086
Timesteps/1000: 40.0
Reward: 0.6806
Test set Fidelity: 0.6209 std: 0.1057
Timesteps/1000: 50.0
Reward: 0.6975
Test set Fidelity: 0.6484 std: 0.0974
Timesteps/1000: 60.0
Reward: 0.7256
Test set Fidelity: 0.6761 std: 0.0863
Saving new best model at 60000 timesteps.
Saving new best model in simulation/experiments/3q_enhanced_dataset/model.
Timesteps/1000: 70.0
Reward: 0.7709
Test set Fidelity: 0.7047 std: 0.0856
Saving new best model at 70000 timesteps.
Saving new best model in simulation/experiments/3q_enhanced_dataset/model.
Timesteps/1000: 80.0
Reward: 0.8087
Test set Fidelity: 0.7217 std: 0.0822
Saving new best model at 80000 timesteps.
Saving new best model in simulation/experiments/3q_enhanced_dataset/model.
Timesteps/1000: 90.0
Reward: 0.8713
Test set Fidelity: 0.7552 std: 0.0771
Saving new best model at 90000 timesteps.
Saving new best model in simulation/experiments/3q_enhanced_dataset/model.
Timesteps/1000: 100.0
Reward: 1.0252
Test set Fidelity: 0.7941 std: 0.0774
Saving new best model at 100000 timesteps.
Saving new best model in simulation/experiments/3q_enhanced_dataset/model.
Timesteps/1000: 110.0
Reward: 1.0198
Test set Fidelity: 0.8000 std: 0.0829
Saving new best model at 110000 timesteps.
Saving new best model in simulation/experiments/3q_enhanced_dataset/model.
Timesteps/1000: 120.0
Reward: 1.1863
Test set Fidelity: 0.8263 std: 0.0720
Saving new best model at 120000 timesteps.
Saving new best model in simulation/experiments/3q_enhanced_dataset/model.
Timesteps/1000: 130.0
Reward: 1.2942
Test set Fidelity: 0.8394 std: 0.0739
Saving new best model at 130000 timesteps.
Saving new best model in simulation/experiments/3q_enhanced_dataset/model.
Timesteps/1000: 140.0
Reward: 1.7117
Test set Fidelity: 0.8682 std: 0.0643
Saving new best model at 140000 timesteps.
Saving new best model in simulation/experiments/3q_enhanced_dataset/model.
Timesteps/1000: 150.0
Reward: 1.9644
Test set Fidelity: 0.8800 std: 0.0571
Saving new best model at 150000 timesteps.
Saving new best model in simulation/experiments/3q_enhanced_dataset/model.
Timesteps/1000: 160.0
Reward: 2.1211
Test set Fidelity: 0.8878 std: 0.0583
Saving new best model at 160000 timesteps.
Saving new best model in simulation/experiments/3q_enhanced_dataset/model.
Timesteps/1000: 170.0
Reward: 2.0499
Test set Fidelity: 0.8866 std: 0.0557
Timesteps/1000: 180.0
Reward: 1.9351
Test set Fidelity: 0.8869 std: 0.0536
Timesteps/1000: 190.0
Reward: 2.3025
Test set Fidelity: 0.9054 std: 0.0490
Saving new best model at 190000 timesteps.
Saving new best model in simulation/experiments/3q_enhanced_dataset/model.
Timesteps/1000: 200.0
Reward: 2.6188
Test set Fidelity: 0.9155 std: 0.0436
Saving new best model at 200000 timesteps.
Saving new best model in simulation/experiments/3q_enhanced_dataset/model.
Timesteps/1000: 210.0
Reward: 2.6742
Test set Fidelity: 0.9132 std: 0.0446
Timesteps/1000: 220.0
Reward: 2.9213
Test set Fidelity: 0.9232 std: 0.0386
Saving new best model at 220000 timesteps.
Saving new best model in simulation/experiments/3q_enhanced_dataset/model.
Timesteps/1000: 230.0
Reward: 3.0717
Test set Fidelity: 0.9257 std: 0.0388
Saving new best model at 230000 timesteps.
Saving new best model in simulation/experiments/3q_enhanced_dataset/model.
Timesteps/1000: 240.0
Reward: 2.9040
Test set Fidelity: 0.9213 std: 0.0402
Timesteps/1000: 250.0
Reward: 2.5985
Test set Fidelity: 0.9163 std: 0.0418
Timesteps/1000: 260.0
Reward: 3.0258
Test set Fidelity: 0.9254 std: 0.0377
Timesteps/1000: 270.0
Reward: 2.8189
Test set Fidelity: 0.9209 std: 0.0390
Timesteps/1000: 280.0
Reward: 2.8133
Test set Fidelity: 0.9227 std: 0.0363
Timesteps/1000: 290.0
Reward: 3.4232
Test set Fidelity: 0.9354 std: 0.0317
Saving new best model at 290000 timesteps.
Saving new best model in simulation/experiments/3q_enhanced_dataset/model.
Timesteps/1000: 300.0
Reward: 3.1187
Test set Fidelity: 0.9313 std: 0.0335
Timesteps/1000: 310.0
Reward: 3.5756
Test set Fidelity: 0.9400 std: 0.0287
Saving new best model at 310000 timesteps.
Saving new best model in simulation/experiments/3q_enhanced_dataset/model.
Timesteps/1000: 320.0
Reward: 3.3449
Test set Fidelity: 0.9342 std: 0.0307
Timesteps/1000: 330.0
Reward: 3.3656
Test set Fidelity: 0.9340 std: 0.0308
Timesteps/1000: 340.0
Reward: 3.8573
Test set Fidelity: 0.9432 std: 0.0294
Saving new best model at 340000 timesteps.
Saving new best model in simulation/experiments/3q_enhanced_dataset/model.
Timesteps/1000: 350.0
Reward: 3.9346
Test set Fidelity: 0.9462 std: 0.0285
Saving new best model at 350000 timesteps.
Saving new best model in simulation/experiments/3q_enhanced_dataset/model.
Timesteps/1000: 360.0
Reward: 4.0772
Test set Fidelity: 0.9493 std: 0.0262
Saving new best model at 360000 timesteps.
Saving new best model in simulation/experiments/3q_enhanced_dataset/model.
Timesteps/1000: 370.0
Reward: 4.0935
Test set Fidelity: 0.9490 std: 0.0261
Timesteps/1000: 380.0
Reward: 3.9389
Test set Fidelity: 0.9480 std: 0.0263
Timesteps/1000: 390.0
Reward: 4.1490
Test set Fidelity: 0.9500 std: 0.0256
Saving new best model at 390000 timesteps.
Saving new best model in simulation/experiments/3q_enhanced_dataset/model.
Timesteps/1000: 400.0
Reward: 4.9530
Test set Fidelity: 0.9594 std: 0.0217
Saving new best model at 400000 timesteps.
Saving new best model in simulation/experiments/3q_enhanced_dataset/model.
Timesteps/1000: 410.0
Reward: 5.1355
Test set Fidelity: 0.9599 std: 0.0223
Saving new best model at 410000 timesteps.
Saving new best model in simulation/experiments/3q_enhanced_dataset/model.
Timesteps/1000: 420.0
Reward: 4.7917
Test set Fidelity: 0.9564 std: 0.0235
Timesteps/1000: 430.0
Reward: 4.7366
Test set Fidelity: 0.9562 std: 0.0233
Timesteps/1000: 440.0
Reward: 5.5662
Test set Fidelity: 0.9616 std: 0.0221
Saving new best model at 440000 timesteps.
Saving new best model in simulation/experiments/3q_enhanced_dataset/model.
Timesteps/1000: 450.0
Reward: 5.3310
Test set Fidelity: 0.9593 std: 0.0225
Timesteps/1000: 460.0
Reward: 4.9295
Test set Fidelity: 0.9574 std: 0.0237
Timesteps/1000: 470.0
Reward: 5.3602
Test set Fidelity: 0.9619 std: 0.0222
Saving new best model at 470000 timesteps.
Saving new best model in simulation/experiments/3q_enhanced_dataset/model.
Timesteps/1000: 480.0
Reward: 5.8643
Test set Fidelity: 0.9645 std: 0.0222
Saving new best model at 480000 timesteps.
Saving new best model in simulation/experiments/3q_enhanced_dataset/model.
Timesteps/1000: 490.0
Reward: 5.6871
Test set Fidelity: 0.9630 std: 0.0225
Timesteps/1000: 500.0
Reward: 6.0289
Test set Fidelity: 0.9653 std: 0.0204
Saving new best model at 500000 timesteps.
Saving new best model in simulation/experiments/3q_enhanced_dataset/model.
Timesteps/1000: 510.0
Reward: 6.1133
Test set Fidelity: 0.9659 std: 0.0196
Saving new best model at 510000 timesteps.
Saving new best model in simulation/experiments/3q_enhanced_dataset/model.
Timesteps/1000: 520.0
Reward: 6.3555
Test set Fidelity: 0.9683 std: 0.0191
Saving new best model at 520000 timesteps.
Saving new best model in simulation/experiments/3q_enhanced_dataset/model.
Timesteps/1000: 530.0
Reward: 5.7808
Test set Fidelity: 0.9641 std: 0.0205
Timesteps/1000: 540.0
Reward: 5.8264
Test set Fidelity: 0.9648 std: 0.0204
Timesteps/1000: 550.0
Reward: 5.7785
Test set Fidelity: 0.9643 std: 0.0200
Timesteps/1000: 560.0
Reward: 6.1483
Test set Fidelity: 0.9663 std: 0.0202
Timesteps/1000: 570.0
Reward: 6.3551
Test set Fidelity: 0.9675 std: 0.0199
Timesteps/1000: 580.0
Reward: 7.3012
Test set Fidelity: 0.9699 std: 0.0195
Saving new best model at 580000 timesteps.
Saving new best model in simulation/experiments/3q_enhanced_dataset/model.
Timesteps/1000: 590.0
Reward: 6.9944
Test set Fidelity: 0.9686 std: 0.0198
Timesteps/1000: 600.0
Reward: 6.8480
Test set Fidelity: 0.9682 std: 0.0201
Timesteps/1000: 610.0
Reward: 6.8059
Test set Fidelity: 0.9681 std: 0.0194
Timesteps/1000: 620.0
Reward: 6.4911
Test set Fidelity: 0.9673 std: 0.0193
Timesteps/1000: 630.0
Reward: 6.7266
Test set Fidelity: 0.9690 std: 0.0184
Timesteps/1000: 640.0
Reward: 6.6127
Test set Fidelity: 0.9679 std: 0.0189
Timesteps/1000: 650.0
Reward: 7.1959
Test set Fidelity: 0.9686 std: 0.0187
Timesteps/1000: 660.0
Reward: 7.5236
Test set Fidelity: 0.9713 std: 0.0175
Saving new best model at 660000 timesteps.
Saving new best model in simulation/experiments/3q_enhanced_dataset/model.
Timesteps/1000: 670.0
Reward: 7.4600
Test set Fidelity: 0.9699 std: 0.0185
Timesteps/1000: 680.0
Reward: 7.9287
Test set Fidelity: 0.9711 std: 0.0179
Timesteps/1000: 690.0
Reward: 7.8515
Test set Fidelity: 0.9715 std: 0.0177
Saving new best model at 690000 timesteps.
Saving new best model in simulation/experiments/3q_enhanced_dataset/model.
Timesteps/1000: 700.0
Reward: 8.2434
Test set Fidelity: 0.9723 std: 0.0173
Saving new best model at 700000 timesteps.
Saving new best model in simulation/experiments/3q_enhanced_dataset/model.
Timesteps/1000: 710.0
Reward: 8.1931
Test set Fidelity: 0.9729 std: 0.0174
Saving new best model at 710000 timesteps.
Saving new best model in simulation/experiments/3q_enhanced_dataset/model.
Timesteps/1000: 720.0
Reward: 7.8211
Test set Fidelity: 0.9724 std: 0.0174
Timesteps/1000: 730.0
Reward: 8.1741
Test set Fidelity: 0.9722 std: 0.0175
Timesteps/1000: 740.0
Reward: 8.6052
Test set Fidelity: 0.9731 std: 0.0178
Saving new best model at 740000 timesteps.
Saving new best model in simulation/experiments/3q_enhanced_dataset/model.
Timesteps/1000: 750.0
Reward: 8.8587
Test set Fidelity: 0.9739 std: 0.0167
Saving new best model at 750000 timesteps.
Saving new best model in simulation/experiments/3q_enhanced_dataset/model.
Timesteps/1000: 760.0
Reward: 8.0913
Test set Fidelity: 0.9703 std: 0.0198
Timesteps/1000: 770.0
Reward: 8.1774
Test set Fidelity: 0.9711 std: 0.0190
Timesteps/1000: 780.0
Reward: 8.6466
Test set Fidelity: 0.9735 std: 0.0177
Timesteps/1000: 790.0
Reward: 8.8677
Test set Fidelity: 0.9745 std: 0.0167
Saving new best model at 790000 timesteps.
Saving new best model in simulation/experiments/3q_enhanced_dataset/model.
Timesteps/1000: 800.0
Reward: 8.7290
Test set Fidelity: 0.9744 std: 0.0170
Timesteps/1000: 810.0
Reward: 8.5892
Test set Fidelity: 0.9744 std: 0.0170
Timesteps/1000: 820.0
Reward: 9.4662
Test set Fidelity: 0.9762 std: 0.0164
Saving new best model at 820000 timesteps.
Saving new best model in simulation/experiments/3q_enhanced_dataset/model.
Timesteps/1000: 830.0
Reward: 9.2666
Test set Fidelity: 0.9760 std: 0.0162
Timesteps/1000: 840.0
Reward: 9.0608
Test set Fidelity: 0.9758 std: 0.0161
Timesteps/1000: 850.0
Reward: 9.4023
Test set Fidelity: 0.9763 std: 0.0152
Saving new best model at 850000 timesteps.
Saving new best model in simulation/experiments/3q_enhanced_dataset/model.
Timesteps/1000: 860.0
Reward: 9.0889
Test set Fidelity: 0.9757 std: 0.0154
Timesteps/1000: 870.0
Reward: 8.4239
Test set Fidelity: 0.9743 std: 0.0154
Timesteps/1000: 880.0
Reward: 8.3543
Test set Fidelity: 0.9735 std: 0.0157
Timesteps/1000: 890.0
Reward: 9.3945
Test set Fidelity: 0.9774 std: 0.0138
Saving new best model at 890000 timesteps.
Saving new best model in simulation/experiments/3q_enhanced_dataset/model.
Timesteps/1000: 900.0
Reward: 10.0009
Test set Fidelity: 0.9787 std: 0.0134
Saving new best model at 900000 timesteps.
Saving new best model in simulation/experiments/3q_enhanced_dataset/model.
Timesteps/1000: 910.0
Reward: 9.7675
Test set Fidelity: 0.9782 std: 0.0139
Timesteps/1000: 920.0
Reward: 9.5150
Test set Fidelity: 0.9776 std: 0.0142
Timesteps/1000: 930.0
Reward: 10.6872
Test set Fidelity: 0.9798 std: 0.0130
Saving new best model at 930000 timesteps.
Saving new best model in simulation/experiments/3q_enhanced_dataset/model.
Timesteps/1000: 940.0
Reward: 10.7320
Test set Fidelity: 0.9798 std: 0.0129
Saving new best model at 940000 timesteps.
Saving new best model in simulation/experiments/3q_enhanced_dataset/model.
Timesteps/1000: 950.0
Reward: 10.7797
Test set Fidelity: 0.9801 std: 0.0121
Saving new best model at 950000 timesteps.
Saving new best model in simulation/experiments/3q_enhanced_dataset/model.
Timesteps/1000: 960.0
Reward: 10.2817
Test set Fidelity: 0.9784 std: 0.0131
Timesteps/1000: 970.0
Reward: 10.1325
Test set Fidelity: 0.9780 std: 0.0133
Timesteps/1000: 980.0
Reward: 10.3871
Test set Fidelity: 0.9792 std: 0.0125
Timesteps/1000: 990.0
Reward: 11.0321
Test set Fidelity: 0.9804 std: 0.0117
Saving new best model at 990000 timesteps.
Saving new best model in simulation/experiments/3q_enhanced_dataset/model.
Timesteps/1000: 1000.0
Reward: 10.7325
Test set Fidelity: 0.9794 std: 0.0125
Timesteps/1000: 1010.0
Reward: 10.2752
Test set Fidelity: 0.9788 std: 0.0124
Timesteps/1000: 1020.0
Reward: 10.3044
Test set Fidelity: 0.9784 std: 0.0129
Timesteps/1000: 1030.0
Reward: 10.5458
Test set Fidelity: 0.9792 std: 0.0127
Timesteps/1000: 1040.0
Reward: 11.0404
Test set Fidelity: 0.9803 std: 0.0118
Timesteps/1000: 1050.0
Reward: 11.0240
Test set Fidelity: 0.9802 std: 0.0121
Timesteps/1000: 1060.0
Reward: 10.8048
Test set Fidelity: 0.9803 std: 0.0119
Timesteps/1000: 1070.0
Reward: 10.4232
Test set Fidelity: 0.9795 std: 0.0121
Timesteps/1000: 1080.0
Reward: 10.6444
Test set Fidelity: 0.9796 std: 0.0121
Timesteps/1000: 1090.0
Reward: 10.9306
Test set Fidelity: 0.9796 std: 0.0123
Timesteps/1000: 1100.0
Reward: 11.1225
Test set Fidelity: 0.9799 std: 0.0121
Timesteps/1000: 1110.0
Reward: 11.6309
Test set Fidelity: 0.9809 std: 0.0111
Saving new best model at 1110000 timesteps.
Saving new best model in simulation/experiments/3q_enhanced_dataset/model.
Timesteps/1000: 1120.0
Reward: 11.6048
Test set Fidelity: 0.9807 std: 0.0114
Timesteps/1000: 1130.0
Reward: 11.2652
Test set Fidelity: 0.9806 std: 0.0113
Timesteps/1000: 1140.0
Reward: 10.8745
Test set Fidelity: 0.9800 std: 0.0118
Timesteps/1000: 1150.0
Reward: 11.5029
Test set Fidelity: 0.9804 std: 0.0121
Timesteps/1000: 1160.0
Reward: 11.9957
Test set Fidelity: 0.9805 std: 0.0126
Timesteps/1000: 1170.0
Reward: 11.9198
Test set Fidelity: 0.9804 std: 0.0125
Timesteps/1000: 1180.0
Reward: 12.2771
Test set Fidelity: 0.9806 std: 0.0127
Timesteps/1000: 1190.0
Reward: 12.5747
Test set Fidelity: 0.9807 std: 0.0129
Timesteps/1000: 1200.0
Reward: 11.9984
Test set Fidelity: 0.9793 std: 0.0138
Timesteps/1000: 1210.0
Reward: 12.4698
Test set Fidelity: 0.9803 std: 0.0131
Timesteps/1000: 1220.0
Reward: 13.0974
Test set Fidelity: 0.9809 std: 0.0129
Timesteps/1000: 1230.0
Reward: 13.5208
Test set Fidelity: 0.9818 std: 0.0122
Saving new best model at 1230000 timesteps.
Saving new best model in simulation/experiments/3q_enhanced_dataset/model.
Timesteps/1000: 1240.0
Reward: 13.7675
Test set Fidelity: 0.9820 std: 0.0124
Saving new best model at 1240000 timesteps.
Saving new best model in simulation/experiments/3q_enhanced_dataset/model.
Timesteps/1000: 1250.0
Reward: 14.0336
Test set Fidelity: 0.9824 std: 0.0125
Saving new best model at 1250000 timesteps.
Saving new best model in simulation/experiments/3q_enhanced_dataset/model.
Timesteps/1000: 1260.0
Reward: 13.9626
Test set Fidelity: 0.9828 std: 0.0118
Saving new best model at 1260000 timesteps.
Saving new best model in simulation/experiments/3q_enhanced_dataset/model.
Timesteps/1000: 1270.0
Reward: 13.9729
Test set Fidelity: 0.9821 std: 0.0127
Timesteps/1000: 1280.0
Reward: 13.6172
Test set Fidelity: 0.9823 std: 0.0120
Timesteps/1000: 1290.0
Reward: 13.6642
Test set Fidelity: 0.9825 std: 0.0121
Timesteps/1000: 1300.0
Reward: 13.7952
Test set Fidelity: 0.9827 std: 0.0118
Timesteps/1000: 1310.0
Reward: 13.8191
Test set Fidelity: 0.9825 std: 0.0119
Timesteps/1000: 1320.0
Reward: 13.6251
Test set Fidelity: 0.9826 std: 0.0117
Timesteps/1000: 1330.0
Reward: 13.6880
Test set Fidelity: 0.9829 std: 0.0115
Saving new best model at 1330000 timesteps.
Saving new best model in simulation/experiments/3q_enhanced_dataset/model.
Timesteps/1000: 1340.0
Reward: 14.1628
Test set Fidelity: 0.9831 std: 0.0113
Saving new best model at 1340000 timesteps.
Saving new best model in simulation/experiments/3q_enhanced_dataset/model.
Timesteps/1000: 1350.0
Reward: 14.3161
Test set Fidelity: 0.9826 std: 0.0122
Timesteps/1000: 1360.0
Reward: 14.3891
Test set Fidelity: 0.9826 std: 0.0119
Timesteps/1000: 1370.0
Reward: 15.1255
Test set Fidelity: 0.9834 std: 0.0115
Saving new best model at 1370000 timesteps.
Saving new best model in simulation/experiments/3q_enhanced_dataset/model.
Timesteps/1000: 1380.0
Reward: 14.8444
Test set Fidelity: 0.9830 std: 0.0117
Timesteps/1000: 1390.0
Reward: 14.9665
Test set Fidelity: 0.9831 std: 0.0116
Timesteps/1000: 1400.0
Reward: 14.7003
Test set Fidelity: 0.9835 std: 0.0112
Saving new best model at 1400000 timesteps.
Saving new best model in simulation/experiments/3q_enhanced_dataset/model.
Timesteps/1000: 1410.0
Reward: 14.4418
Test set Fidelity: 0.9831 std: 0.0116
Timesteps/1000: 1420.0
Reward: 13.7572
Test set Fidelity: 0.9823 std: 0.0115
Timesteps/1000: 1430.0
Reward: 14.1616
Test set Fidelity: 0.9828 std: 0.0114
Timesteps/1000: 1440.0
Reward: 14.7888
Test set Fidelity: 0.9833 std: 0.0117
Timesteps/1000: 1450.0
Reward: 14.9658
Test set Fidelity: 0.9837 std: 0.0113
Saving new best model at 1450000 timesteps.
Saving new best model in simulation/experiments/3q_enhanced_dataset/model.
Timesteps/1000: 1460.0
Reward: 14.1307
Test set Fidelity: 0.9830 std: 0.0114
Timesteps/1000: 1470.0
Reward: 14.4602
Test set Fidelity: 0.9828 std: 0.0116
Timesteps/1000: 1480.0
Reward: 13.8193
Test set Fidelity: 0.9819 std: 0.0121
Timesteps/1000: 1490.0
Reward: 13.8868
Test set Fidelity: 0.9828 std: 0.0112
Timesteps/1000: 1500.0
Reward: 14.3971
Test set Fidelity: 0.9828 std: 0.0116
Timesteps/1000: 1510.0
Reward: 14.2931
Test set Fidelity: 0.9824 std: 0.0117
Timesteps/1000: 1520.0
Reward: 13.7805
Test set Fidelity: 0.9817 std: 0.0123
Timesteps/1000: 1530.0
Reward: 14.0729
Test set Fidelity: 0.9823 std: 0.0117
Timesteps/1000: 1540.0
Reward: 14.7651
Test set Fidelity: 0.9832 std: 0.0111
Timesteps/1000: 1550.0
Reward: 14.7125
Test set Fidelity: 0.9830 std: 0.0115
Timesteps/1000: 1560.0
Reward: 15.5061
Test set Fidelity: 0.9834 std: 0.0114
Timesteps/1000: 1570.0
Reward: 15.7064
Test set Fidelity: 0.9836 std: 0.0115
Timesteps/1000: 1580.0
Reward: 14.6401
Test set Fidelity: 0.9828 std: 0.0116
Timesteps/1000: 1590.0
Reward: 14.6868
Test set Fidelity: 0.9832 std: 0.0111
Timesteps/1000: 1600.0
Reward: 15.1109
Test set Fidelity: 0.9838 std: 0.0104
Saving new best model at 1600000 timesteps.
Saving new best model in simulation/experiments/3q_enhanced_dataset/model.
Timesteps/1000: 1610.0
Reward: 15.1146
Test set Fidelity: 0.9839 std: 0.0103
Saving new best model at 1610000 timesteps.
Saving new best model in simulation/experiments/3q_enhanced_dataset/model.
Timesteps/1000: 1620.0
Reward: 14.8528
Test set Fidelity: 0.9835 std: 0.0105
Timesteps/1000: 1630.0
Reward: 14.6545
Test set Fidelity: 0.9836 std: 0.0105
Timesteps/1000: 1640.0
Reward: 15.3677
Test set Fidelity: 0.9844 std: 0.0098
Saving new best model at 1640000 timesteps.
Saving new best model in simulation/experiments/3q_enhanced_dataset/model.
Timesteps/1000: 1650.0
Reward: 14.6100
Test set Fidelity: 0.9837 std: 0.0100
Timesteps/1000: 1660.0
Reward: 13.9760
Test set Fidelity: 0.9830 std: 0.0107
Timesteps/1000: 1670.0
Reward: 14.0288
Test set Fidelity: 0.9829 std: 0.0108
Timesteps/1000: 1680.0
Reward: 14.2163
Test set Fidelity: 0.9827 std: 0.0110
Timesteps/1000: 1690.0
Reward: 14.9354
Test set Fidelity: 0.9832 std: 0.0108
Timesteps/1000: 1700.0
Reward: 14.8292
Test set Fidelity: 0.9832 std: 0.0111
Timesteps/1000: 1710.0
Reward: 14.4348
Test set Fidelity: 0.9826 std: 0.0114
Timesteps/1000: 1720.0
Reward: 15.2836
Test set Fidelity: 0.9833 std: 0.0109
Timesteps/1000: 1730.0
Reward: 14.6427
Test set Fidelity: 0.9829 std: 0.0109
Timesteps/1000: 1740.0
Reward: 14.5584
Test set Fidelity: 0.9828 std: 0.0109
Timesteps/1000: 1750.0
Reward: 14.6593
Test set Fidelity: 0.9832 std: 0.0100
Timesteps/1000: 1760.0
Reward: 14.7893
Test set Fidelity: 0.9835 std: 0.0098
Timesteps/1000: 1770.0
Reward: 13.9854
Test set Fidelity: 0.9829 std: 0.0100
Timesteps/1000: 1780.0
Reward: 14.1118
Test set Fidelity: 0.9826 std: 0.0103
Timesteps/1000: 1790.0
Reward: 14.8168
Test set Fidelity: 0.9835 std: 0.0098
Timesteps/1000: 1800.0
Reward: 15.0771
Test set Fidelity: 0.9836 std: 0.0100
Timesteps/1000: 1810.0
Reward: 15.0214
Test set Fidelity: 0.9833 std: 0.0103
Timesteps/1000: 1820.0
Reward: 15.0606
Test set Fidelity: 0.9826 std: 0.0109
Timesteps/1000: 1830.0
Reward: 15.3750
Test set Fidelity: 0.9834 std: 0.0108
Timesteps/1000: 1840.0
Reward: 15.2698
Test set Fidelity: 0.9829 std: 0.0111
Timesteps/1000: 1850.0
Reward: 15.9476
Test set Fidelity: 0.9842 std: 0.0106
Timesteps/1000: 1860.0
Reward: 15.5423
Test set Fidelity: 0.9840 std: 0.0104
Timesteps/1000: 1870.0
Reward: 15.6826
Test set Fidelity: 0.9839 std: 0.0102
Timesteps/1000: 1880.0
Reward: 16.1655
Test set Fidelity: 0.9845 std: 0.0098
Saving new best model at 1880000 timesteps.
Saving new best model in simulation/experiments/3q_enhanced_dataset/model.
Timesteps/1000: 1890.0
Reward: 16.1591
Test set Fidelity: 0.9843 std: 0.0103
Timesteps/1000: 1900.0
Reward: 15.8404
Test set Fidelity: 0.9838 std: 0.0105
Timesteps/1000: 1910.0
Reward: 15.7009
Test set Fidelity: 0.9839 std: 0.0104
Timesteps/1000: 1920.0
Reward: 15.6130
Test set Fidelity: 0.9837 std: 0.0103
Timesteps/1000: 1930.0
Reward: 16.1602
Test set Fidelity: 0.9841 std: 0.0100
Timesteps/1000: 1940.0
Reward: 16.2818
Test set Fidelity: 0.9838 std: 0.0104
Timesteps/1000: 1950.0
Reward: 15.9457
Test set Fidelity: 0.9839 std: 0.0101
Timesteps/1000: 1960.0
Reward: 15.6864
Test set Fidelity: 0.9833 std: 0.0100
Timesteps/1000: 1970.0
Reward: 15.4594
Test set Fidelity: 0.9835 std: 0.0098
Timesteps/1000: 1980.0
Reward: 15.7763
Test set Fidelity: 0.9837 std: 0.0097
Timesteps/1000: 1990.0
Reward: 16.5765
Test set Fidelity: 0.9844 std: 0.0095
Timesteps/1000: 2000.0
Reward: 16.4988
Test set Fidelity: 0.9838 std: 0.0104
Timesteps/1000: 2010.0
Reward: 16.3714
Test set Fidelity: 0.9834 std: 0.0105
Timesteps/1000: 2020.0
Reward: 16.6866
Test set Fidelity: 0.9839 std: 0.0103
Timesteps/1000: 2030.0
Reward: 16.9950
Test set Fidelity: 0.9842 std: 0.0098
Timesteps/1000: 2040.0
Reward: 16.9148
Test set Fidelity: 0.9843 std: 0.0100
Timesteps/1000: 2050.0
Reward: 17.2478
Test set Fidelity: 0.9846 std: 0.0095
Saving new best model at 2050000 timesteps.
Saving new best model in simulation/experiments/3q_enhanced_dataset/model.
Timesteps/1000: 2060.0
Reward: 17.3881
Test set Fidelity: 0.9847 std: 0.0095
Saving new best model at 2060000 timesteps.
Saving new best model in simulation/experiments/3q_enhanced_dataset/model.
Timesteps/1000: 2070.0
Reward: 16.6057
Test set Fidelity: 0.9842 std: 0.0095
Timesteps/1000: 2080.0
Reward: 16.5148
Test set Fidelity: 0.9838 std: 0.0098
Timesteps/1000: 2090.0
Reward: 15.6873
Test set Fidelity: 0.9830 std: 0.0103
Timesteps/1000: 2100.0
Reward: 15.7784
Test set Fidelity: 0.9831 std: 0.0104
Timesteps/1000: 2110.0
Reward: 16.7732
Test set Fidelity: 0.9839 std: 0.0100
Timesteps/1000: 2120.0
Reward: 17.9541
Test set Fidelity: 0.9846 std: 0.0100
Timesteps/1000: 2130.0
Reward: 17.2030
Test set Fidelity: 0.9837 std: 0.0102
Timesteps/1000: 2140.0
Reward: 17.6836
Test set Fidelity: 0.9841 std: 0.0104
Timesteps/1000: 2150.0
Reward: 17.6695
Test set Fidelity: 0.9844 std: 0.0098
Timesteps/1000: 2160.0
Reward: 17.5342
Test set Fidelity: 0.9841 std: 0.0101
Timesteps/1000: 2170.0
Reward: 17.4107
Test set Fidelity: 0.9840 std: 0.0103
Timesteps/1000: 2180.0
Reward: 17.7987
Test set Fidelity: 0.9841 std: 0.0104
Timesteps/1000: 2190.0
Reward: 17.8634
Test set Fidelity: 0.9845 std: 0.0105
Timesteps/1000: 2200.0
Reward: 18.5273
Test set Fidelity: 0.9848 std: 0.0106
Saving new best model at 2200000 timesteps.
Saving new best model in simulation/experiments/3q_enhanced_dataset/model.
Timesteps/1000: 2210.0
Reward: 17.9906
Test set Fidelity: 0.9850 std: 0.0101
Saving new best model at 2210000 timesteps.
Saving new best model in simulation/experiments/3q_enhanced_dataset/model.
Timesteps/1000: 2220.0
Reward: 18.0324
Test set Fidelity: 0.9852 std: 0.0099
Saving new best model at 2220000 timesteps.
Saving new best model in simulation/experiments/3q_enhanced_dataset/model.
Timesteps/1000: 2230.0
Reward: 18.8486
Test set Fidelity: 0.9852 std: 0.0101
Saving new best model at 2230000 timesteps.
Saving new best model in simulation/experiments/3q_enhanced_dataset/model.
Timesteps/1000: 2240.0
Reward: 18.8244
Test set Fidelity: 0.9854 std: 0.0101
Saving new best model at 2240000 timesteps.
Saving new best model in simulation/experiments/3q_enhanced_dataset/model.
Timesteps/1000: 2250.0
Reward: 19.2965
Test set Fidelity: 0.9856 std: 0.0104
Saving new best model at 2250000 timesteps.
Saving new best model in simulation/experiments/3q_enhanced_dataset/model.
Timesteps/1000: 2260.0
Reward: 19.9080
Test set Fidelity: 0.9857 std: 0.0101
Saving new best model at 2260000 timesteps.
Saving new best model in simulation/experiments/3q_enhanced_dataset/model.
Timesteps/1000: 2270.0
Reward: 19.0385
Test set Fidelity: 0.9855 std: 0.0106
Timesteps/1000: 2280.0
Reward: 19.2791
Test set Fidelity: 0.9855 std: 0.0103
Timesteps/1000: 2290.0
Reward: 18.9795
Test set Fidelity: 0.9855 std: 0.0103
Timesteps/1000: 2300.0
Reward: 19.5826
Test set Fidelity: 0.9854 std: 0.0107
Timesteps/1000: 2310.0
Reward: 19.2864
Test set Fidelity: 0.9854 std: 0.0107
Timesteps/1000: 2320.0
Reward: 18.7223
Test set Fidelity: 0.9850 std: 0.0109
Timesteps/1000: 2330.0
Reward: 18.9033
Test set Fidelity: 0.9847 std: 0.0112
Timesteps/1000: 2340.0
Reward: 18.8001
Test set Fidelity: 0.9844 std: 0.0114
Timesteps/1000: 2350.0
Reward: 19.2184
Test set Fidelity: 0.9851 std: 0.0108
Timesteps/1000: 2360.0
Reward: 18.8520
Test set Fidelity: 0.9850 std: 0.0106
Timesteps/1000: 2370.0
Reward: 19.8376
Test set Fidelity: 0.9858 std: 0.0102
Saving new best model at 2370000 timesteps.
Saving new best model in simulation/experiments/3q_enhanced_dataset/model.
Timesteps/1000: 2380.0
Reward: 20.2826
Test set Fidelity: 0.9858 std: 0.0105
Saving new best model at 2380000 timesteps.
Saving new best model in simulation/experiments/3q_enhanced_dataset/model.
Timesteps/1000: 2390.0
Reward: 20.2356
Test set Fidelity: 0.9857 std: 0.0102
Timesteps/1000: 2400.0
Reward: 19.7831
Test set Fidelity: 0.9856 std: 0.0102
Timesteps/1000: 2410.0
Reward: 20.4256
Test set Fidelity: 0.9859 std: 0.0101
Saving new best model at 2410000 timesteps.
Saving new best model in simulation/experiments/3q_enhanced_dataset/model.
Timesteps/1000: 2420.0
Reward: 19.9905
Test set Fidelity: 0.9853 std: 0.0107
Timesteps/1000: 2430.0
Reward: 19.2623
Test set Fidelity: 0.9854 std: 0.0100
Timesteps/1000: 2440.0
Reward: 19.6049
Test set Fidelity: 0.9854 std: 0.0102
Timesteps/1000: 2450.0
Reward: 20.0050
Test set Fidelity: 0.9851 std: 0.0106
Timesteps/1000: 2460.0
Reward: 19.7406
Test set Fidelity: 0.9848 std: 0.0112
Timesteps/1000: 2470.0
Reward: 19.8883
Test set Fidelity: 0.9853 std: 0.0106
Timesteps/1000: 2480.0
Reward: 19.9642
Test set Fidelity: 0.9853 std: 0.0105
Timesteps/1000: 2490.0
Reward: 19.6040
Test set Fidelity: 0.9851 std: 0.0103
Timesteps/1000: 2500.0
Reward: 19.7586
Test set Fidelity: 0.9851 std: 0.0107
Timesteps/1000: 2510.0
Reward: 19.7323
Test set Fidelity: 0.9850 std: 0.0109
Timesteps/1000: 2520.0
Reward: 19.7551
Test set Fidelity: 0.9851 std: 0.0109
Timesteps/1000: 2530.0
Reward: 20.2551
Test set Fidelity: 0.9854 std: 0.0105
Timesteps/1000: 2540.0
Reward: 20.6840
Test set Fidelity: 0.9856 std: 0.0102
Timesteps/1000: 2550.0
Reward: 20.0285
Test set Fidelity: 0.9853 std: 0.0107
Timesteps/1000: 2560.0
Reward: 20.4288
Test set Fidelity: 0.9852 std: 0.0112
Timesteps/1000: 2570.0
Reward: 20.6013
Test set Fidelity: 0.9854 std: 0.0114
Timesteps/1000: 2580.0
Reward: 21.3248
Test set Fidelity: 0.9862 std: 0.0103
Saving new best model at 2580000 timesteps.
Saving new best model in simulation/experiments/3q_enhanced_dataset/model.
Timesteps/1000: 2590.0
Reward: 21.4437
Test set Fidelity: 0.9861 std: 0.0105
Timesteps/1000: 2600.0
Reward: 21.7559
Test set Fidelity: 0.9861 std: 0.0106
Timesteps/1000: 2610.0
Reward: 21.6578
Test set Fidelity: 0.9860 std: 0.0108
Timesteps/1000: 2620.0
Reward: 21.8322
Test set Fidelity: 0.9858 std: 0.0110
Timesteps/1000: 2630.0
Reward: 21.5317
Test set Fidelity: 0.9854 std: 0.0110
Timesteps/1000: 2640.0
Reward: 21.5550
Test set Fidelity: 0.9856 std: 0.0114
Timesteps/1000: 2650.0
Reward: 21.5842
Test set Fidelity: 0.9855 std: 0.0118
Timesteps/1000: 2660.0
Reward: 21.9824
Test set Fidelity: 0.9853 std: 0.0120
Timesteps/1000: 2670.0
Reward: 22.1239
Test set Fidelity: 0.9849 std: 0.0127
Timesteps/1000: 2680.0
Reward: 21.9467
Test set Fidelity: 0.9851 std: 0.0126
Timesteps/1000: 2690.0
Reward: 21.9880
Test set Fidelity: 0.9851 std: 0.0127
Timesteps/1000: 2700.0
Reward: 21.5179
Test set Fidelity: 0.9850 std: 0.0125
Timesteps/1000: 2710.0
Reward: 21.6740
Test set Fidelity: 0.9851 std: 0.0126
Timesteps/1000: 2720.0
Reward: 20.9181
Test set Fidelity: 0.9847 std: 0.0128
Timesteps/1000: 2730.0
Reward: 20.9427
Test set Fidelity: 0.9846 std: 0.0131
Timesteps/1000: 2740.0
Reward: 20.7439
Test set Fidelity: 0.9845 std: 0.0129
Timesteps/1000: 2750.0
Reward: 20.7970
Test set Fidelity: 0.9847 std: 0.0128
Timesteps/1000: 2760.0
Reward: 21.5469
Test set Fidelity: 0.9847 std: 0.0133
Timesteps/1000: 2770.0
Reward: 21.7828
Test set Fidelity: 0.9848 std: 0.0133
Timesteps/1000: 2780.0
Reward: 21.5186
Test set Fidelity: 0.9850 std: 0.0130
Timesteps/1000: 2790.0
Reward: 21.2624
Test set Fidelity: 0.9853 std: 0.0123
Timesteps/1000: 2800.0
Reward: 20.9327
Test set Fidelity: 0.9851 std: 0.0123
Timesteps/1000: 2810.0
Reward: 20.7718
Test set Fidelity: 0.9853 std: 0.0122
Timesteps/1000: 2820.0
Reward: 21.4120
Test set Fidelity: 0.9853 std: 0.0127
Timesteps/1000: 2830.0
Reward: 21.3458
Test set Fidelity: 0.9855 std: 0.0121
Timesteps/1000: 2840.0
Reward: 20.5323
Test set Fidelity: 0.9851 std: 0.0122
Timesteps/1000: 2850.0
Reward: 19.7452
Test set Fidelity: 0.9850 std: 0.0124
Timesteps/1000: 2860.0
Reward: 19.8256
Test set Fidelity: 0.9850 std: 0.0120
Timesteps/1000: 2870.0
Reward: 19.6724
Test set Fidelity: 0.9847 std: 0.0124
Timesteps/1000: 2880.0
Reward: 19.4737
Test set Fidelity: 0.9849 std: 0.0120
Timesteps/1000: 2890.0
Reward: 20.0751
Test set Fidelity: 0.9851 std: 0.0121
Timesteps/1000: 2900.0
Reward: 20.2256
Test set Fidelity: 0.9850 std: 0.0121
Timesteps/1000: 2910.0
Reward: 20.2292
Test set Fidelity: 0.9850 std: 0.0122
Timesteps/1000: 2920.0
Reward: 20.0490
Test set Fidelity: 0.9848 std: 0.0124
Timesteps/1000: 2930.0
Reward: 19.8546
Test set Fidelity: 0.9849 std: 0.0122
Timesteps/1000: 2940.0
Reward: 18.6282
Test set Fidelity: 0.9842 std: 0.0123
Timesteps/1000: 2950.0
Reward: 19.5063
Test set Fidelity: 0.9849 std: 0.0120
Timesteps/1000: 2960.0
Reward: 19.9020
Test set Fidelity: 0.9852 std: 0.0117
Timesteps/1000: 2970.0
Reward: 19.7703
Test set Fidelity: 0.9853 std: 0.0116
Timesteps/1000: 2980.0
Reward: 19.5105
Test set Fidelity: 0.9851 std: 0.0117
Timesteps/1000: 2990.0
Reward: 19.9766
Test set Fidelity: 0.9848 std: 0.0119
Timesteps/1000: 3000.0
Reward: 19.9549
Test set Fidelity: 0.9849 std: 0.0120
Timesteps/1000: 3010.0
Reward: 19.7943
Test set Fidelity: 0.9849 std: 0.0120
Timesteps/1000: 3020.0
Reward: 19.5354
Test set Fidelity: 0.9846 std: 0.0123
Timesteps/1000: 3030.0
Reward: 19.6253
Test set Fidelity: 0.9846 std: 0.0121
Timesteps/1000: 3040.0
Reward: 20.0716
Test set Fidelity: 0.9845 std: 0.0121
Timesteps/1000: 3050.0
Reward: 19.5305
Test set Fidelity: 0.9845 std: 0.0120
Timesteps/1000: 3060.0
Reward: 19.1291
Test set Fidelity: 0.9844 std: 0.0121
Timesteps/1000: 3070.0
Reward: 18.9393
Test set Fidelity: 0.9847 std: 0.0118
Timesteps/1000: 3080.0
Reward: 18.8891
Test set Fidelity: 0.9841 std: 0.0122
Timesteps/1000: 3090.0
Reward: 18.5926
Test set Fidelity: 0.9838 std: 0.0124
Timesteps/1000: 3100.0
Reward: 18.1367
Test set Fidelity: 0.9835 std: 0.0124
Timesteps/1000: 3110.0
Reward: 18.4434
Test set Fidelity: 0.9835 std: 0.0124
Timesteps/1000: 3120.0
Reward: 18.9179
Test set Fidelity: 0.9840 std: 0.0121
Timesteps/1000: 3130.0
Reward: 18.7292
Test set Fidelity: 0.9840 std: 0.0119
Timesteps/1000: 3140.0
Reward: 19.0327
Test set Fidelity: 0.9843 std: 0.0120
Timesteps/1000: 3150.0
Reward: 18.6562
Test set Fidelity: 0.9838 std: 0.0125
Timesteps/1000: 3160.0
Reward: 18.3712
Test set Fidelity: 0.9835 std: 0.0123
Timesteps/1000: 3170.0
Reward: 18.2192
Test set Fidelity: 0.9826 std: 0.0132
Timesteps/1000: 3180.0
Reward: 18.5298
Test set Fidelity: 0.9835 std: 0.0129
Timesteps/1000: 3190.0
Reward: 18.5407
Test set Fidelity: 0.9837 std: 0.0125
Timesteps/1000: 3200.0
Reward: 19.3526
Test set Fidelity: 0.9842 std: 0.0121
Timesteps/1000: 3210.0
Reward: 19.0544
Test set Fidelity: 0.9840 std: 0.0123
Timesteps/1000: 3220.0
Reward: 19.8523
Test set Fidelity: 0.9846 std: 0.0120
Timesteps/1000: 3230.0
Reward: 19.6442
Test set Fidelity: 0.9845 std: 0.0118
Timesteps/1000: 3240.0
Reward: 19.3401
Test set Fidelity: 0.9842 std: 0.0119
Timesteps/1000: 3250.0
Reward: 18.8878
Test set Fidelity: 0.9842 std: 0.0117
Timesteps/1000: 3260.0
Reward: 18.6259
Test set Fidelity: 0.9838 std: 0.0120
Timesteps/1000: 3270.0
Reward: 19.2478
Test set Fidelity: 0.9837 std: 0.0126
Timesteps/1000: 3280.0
Reward: 19.1971
Test set Fidelity: 0.9842 std: 0.0123
Timesteps/1000: 3290.0
Reward: 19.3913
Test set Fidelity: 0.9841 std: 0.0126
Timesteps/1000: 3300.0
Reward: 19.1585
Test set Fidelity: 0.9841 std: 0.0124
Timesteps/1000: 3310.0
Reward: 19.6130
Test set Fidelity: 0.9841 std: 0.0127
Timesteps/1000: 3320.0
Reward: 19.5788
Test set Fidelity: 0.9840 std: 0.0125
Timesteps/1000: 3330.0
Reward: 19.6010
Test set Fidelity: 0.9840 std: 0.0125
Timesteps/1000: 3340.0
Reward: 19.3742
Test set Fidelity: 0.9841 std: 0.0124
Timesteps/1000: 3350.0
Reward: 19.9039
Test set Fidelity: 0.9843 std: 0.0125
Timesteps/1000: 3360.0
Reward: 19.6637
Test set Fidelity: 0.9844 std: 0.0122
Timesteps/1000: 3370.0
Reward: 19.4136
Test set Fidelity: 0.9845 std: 0.0124
Timesteps/1000: 3380.0
Reward: 19.5232
Test set Fidelity: 0.9841 std: 0.0127
Timesteps/1000: 3390.0
Reward: 19.4013
Test set Fidelity: 0.9842 std: 0.0124
Timesteps/1000: 3400.0
Reward: 20.1997
Test set Fidelity: 0.9845 std: 0.0124
Timesteps/1000: 3410.0
Reward: 20.1171
Test set Fidelity: 0.9845 std: 0.0120
Timesteps/1000: 3420.0
Reward: 20.0927
Test set Fidelity: 0.9844 std: 0.0124
Timesteps/1000: 3430.0
Reward: 19.9141
Test set Fidelity: 0.9846 std: 0.0119
Timesteps/1000: 3440.0
Reward: 20.3818
Test set Fidelity: 0.9848 std: 0.0119
Timesteps/1000: 3450.0
Reward: 19.8915
Test set Fidelity: 0.9844 std: 0.0121
Timesteps/1000: 3460.0
Reward: 20.7222
Test set Fidelity: 0.9846 std: 0.0120
Timesteps/1000: 3470.0
Reward: 21.1016
Test set Fidelity: 0.9843 std: 0.0123
Timesteps/1000: 3480.0
Reward: 21.1742
Test set Fidelity: 0.9841 std: 0.0129
Timesteps/1000: 3490.0
Reward: 20.6029
Test set Fidelity: 0.9841 std: 0.0128
Timesteps/1000: 3500.0
Reward: 21.0258
Test set Fidelity: 0.9840 std: 0.0125
Timesteps/1000: 3510.0
Reward: 20.5947
Test set Fidelity: 0.9842 std: 0.0124
Timesteps/1000: 3520.0
Reward: 21.2070
Test set Fidelity: 0.9843 std: 0.0123
Timesteps/1000: 3530.0
Reward: 21.7501
Test set Fidelity: 0.9845 std: 0.0121
Timesteps/1000: 3540.0
Reward: 21.5168
Test set Fidelity: 0.9843 std: 0.0124
Timesteps/1000: 3550.0
Reward: 21.7879
Test set Fidelity: 0.9842 std: 0.0123
Timesteps/1000: 3560.0
Reward: 21.6235
Test set Fidelity: 0.9843 std: 0.0124
Timesteps/1000: 3570.0
Reward: 21.7910
Test set Fidelity: 0.9842 std: 0.0124
Timesteps/1000: 3580.0
Reward: 21.7234
Test set Fidelity: 0.9844 std: 0.0123
Timesteps/1000: 3590.0
Reward: 21.8575
Test set Fidelity: 0.9844 std: 0.0124
Timesteps/1000: 3600.0
Reward: 21.7218
Test set Fidelity: 0.9843 std: 0.0129
Timesteps/1000: 3610.0
Reward: 22.0514
Test set Fidelity: 0.9846 std: 0.0128
Timesteps/1000: 3620.0
Reward: 22.1461
Test set Fidelity: 0.9845 std: 0.0128
Timesteps/1000: 3630.0
Reward: 21.9257
Test set Fidelity: 0.9847 std: 0.0125
Timesteps/1000: 3640.0
Reward: 21.7978
Test set Fidelity: 0.9846 std: 0.0126
Timesteps/1000: 3650.0
Reward: 21.2212
Test set Fidelity: 0.9844 std: 0.0129
Timesteps/1000: 3660.0
Reward: 21.7230
Test set Fidelity: 0.9847 std: 0.0128
Timesteps/1000: 3670.0
Reward: 21.5068
Test set Fidelity: 0.9849 std: 0.0125
Timesteps/1000: 3680.0
Reward: 21.4810
Test set Fidelity: 0.9850 std: 0.0126
Timesteps/1000: 3690.0
Reward: 21.4568
Test set Fidelity: 0.9848 std: 0.0127
Timesteps/1000: 3700.0
Reward: 20.9309
Test set Fidelity: 0.9848 std: 0.0121
Timesteps/1000: 3710.0
Reward: 21.3306
Test set Fidelity: 0.9851 std: 0.0119
Timesteps/1000: 3720.0
Reward: 21.2922
Test set Fidelity: 0.9847 std: 0.0125
Timesteps/1000: 3730.0
Reward: 21.0106
Test set Fidelity: 0.9847 std: 0.0123
Timesteps/1000: 3740.0
Reward: 21.5131
Test set Fidelity: 0.9849 std: 0.0122
Timesteps/1000: 3750.0
Reward: 21.1163
Test set Fidelity: 0.9848 std: 0.0124
Timesteps/1000: 3760.0
Reward: 21.8445
Test set Fidelity: 0.9849 std: 0.0125
Timesteps/1000: 3770.0
Reward: 21.9543
Test set Fidelity: 0.9850 std: 0.0124
Timesteps/1000: 3780.0
Reward: 22.1404
Test set Fidelity: 0.9850 std: 0.0124
Timesteps/1000: 3790.0
Reward: 21.9982
Test set Fidelity: 0.9847 std: 0.0126
Timesteps/1000: 3800.0
Reward: 21.4034
Test set Fidelity: 0.9844 std: 0.0126
Timesteps/1000: 3810.0
Reward: 21.2931
Test set Fidelity: 0.9843 std: 0.0126
Timesteps/1000: 3820.0
Reward: 22.0000
Test set Fidelity: 0.9846 std: 0.0124
Timesteps/1000: 3830.0
Reward: 22.3301
Test set Fidelity: 0.9844 std: 0.0127
Timesteps/1000: 3840.0
Reward: 22.4744
Test set Fidelity: 0.9846 std: 0.0124
Timesteps/1000: 3850.0
Reward: 22.0231
Test set Fidelity: 0.9846 std: 0.0125
Timesteps/1000: 3860.0
Reward: 21.6728
Test set Fidelity: 0.9845 std: 0.0121
Timesteps/1000: 3870.0
Reward: 21.4725
Test set Fidelity: 0.9842 std: 0.0125
Timesteps/1000: 3880.0
Reward: 21.7328
Test set Fidelity: 0.9845 std: 0.0120
Timesteps/1000: 3890.0
Reward: 21.5620
Test set Fidelity: 0.9840 std: 0.0124
Timesteps/1000: 3900.0
Reward: 22.1365
Test set Fidelity: 0.9839 std: 0.0125
Timesteps/1000: 3910.0
Reward: 22.2157
Test set Fidelity: 0.9842 std: 0.0124
Timesteps/1000: 3920.0
Reward: 22.1573
Test set Fidelity: 0.9843 std: 0.0123
Timesteps/1000: 3930.0
Reward: 22.1921
Test set Fidelity: 0.9842 std: 0.0124
Timesteps/1000: 3940.0
Reward: 23.1168
Test set Fidelity: 0.9851 std: 0.0119
Timesteps/1000: 3950.0
Reward: 23.1128
Test set Fidelity: 0.9851 std: 0.0118
Timesteps/1000: 3960.0
Reward: 22.3569
Test set Fidelity: 0.9847 std: 0.0118
Timesteps/1000: 3970.0
Reward: 22.0238
Test set Fidelity: 0.9846 std: 0.0123
Timesteps/1000: 3980.0
Reward: 22.1553
Test set Fidelity: 0.9845 std: 0.0124
Timesteps/1000: 3990.0
Reward: 22.5479
Test set Fidelity: 0.9843 std: 0.0123
Timesteps/1000: 4000.0
Reward: 22.1268
Test set Fidelity: 0.9844 std: 0.0121
Timesteps/1000: 4010.0
Reward: 21.6987
Test set Fidelity: 0.9844 std: 0.0120
Timesteps/1000: 4020.0
Reward: 21.8165
Test set Fidelity: 0.9844 std: 0.0122
Timesteps/1000: 4030.0
Reward: 21.2652
Test set Fidelity: 0.9840 std: 0.0123
Timesteps/1000: 4040.0
Reward: 20.5371
Test set Fidelity: 0.9835 std: 0.0126
Timesteps/1000: 4050.0
Reward: 20.2104
Test set Fidelity: 0.9834 std: 0.0126
Timesteps/1000: 4060.0
Reward: 20.8723
Test set Fidelity: 0.9832 std: 0.0130
Timesteps/1000: 4070.0
Reward: 20.6290
Test set Fidelity: 0.9836 std: 0.0128
Timesteps/1000: 4080.0
Reward: 20.9109
Test set Fidelity: 0.9837 std: 0.0130
Timesteps/1000: 4090.0
Reward: 21.0132
Test set Fidelity: 0.9836 std: 0.0135
Timesteps/1000: 4100.0
Reward: 21.0348
Test set Fidelity: 0.9835 std: 0.0134
Timesteps/1000: 4110.0
Reward: 20.8206
Test set Fidelity: 0.9831 std: 0.0138
Timesteps/1000: 4120.0
Reward: 20.8677
Test set Fidelity: 0.9830 std: 0.0141
Timesteps/1000: 4130.0
Reward: 21.1836
Test set Fidelity: 0.9828 std: 0.0143
Timesteps/1000: 4140.0
Reward: 20.8144
Test set Fidelity: 0.9827 std: 0.0145
Timesteps/1000: 4150.0
Reward: 20.9510
Test set Fidelity: 0.9825 std: 0.0146
Timesteps/1000: 4160.0
Reward: 20.8352
Test set Fidelity: 0.9822 std: 0.0150
Timesteps/1000: 4170.0
Reward: 20.5748
Test set Fidelity: 0.9824 std: 0.0149
Timesteps/1000: 4180.0
Reward: 20.4861
Test set Fidelity: 0.9823 std: 0.0148
Timesteps/1000: 4190.0
Reward: 20.5927
Test set Fidelity: 0.9824 std: 0.0150
Timesteps/1000: 4200.0
Reward: 20.5414
Test set Fidelity: 0.9823 std: 0.0152
Timesteps/1000: 4210.0
Reward: 20.6602
Test set Fidelity: 0.9824 std: 0.0152
Timesteps/1000: 4220.0
Reward: 20.7786
Test set Fidelity: 0.9823 std: 0.0155
Timesteps/1000: 4230.0
Reward: 20.4895
Test set Fidelity: 0.9823 std: 0.0154
Timesteps/1000: 4240.0
Reward: 20.6768
Test set Fidelity: 0.9826 std: 0.0149
Timesteps/1000: 4250.0
Reward: 20.6384
Test set Fidelity: 0.9825 std: 0.0150
Timesteps/1000: 4260.0
Reward: 20.3131
Test set Fidelity: 0.9823 std: 0.0150
Timesteps/1000: 4270.0
Reward: 19.7436
Test set Fidelity: 0.9816 std: 0.0157
Timesteps/1000: 4280.0
Reward: 19.5856
Test set Fidelity: 0.9815 std: 0.0162
Timesteps/1000: 4290.0
Reward: 19.8504
Test set Fidelity: 0.9820 std: 0.0155
Timesteps/1000: 4300.0
Reward: 19.5122
Test set Fidelity: 0.9816 std: 0.0159
Timesteps/1000: 4310.0
Reward: 20.0811
Test set Fidelity: 0.9815 std: 0.0163
Timesteps/1000: 4320.0
Reward: 19.9774
Test set Fidelity: 0.9817 std: 0.0163
Timesteps/1000: 4330.0
Reward: 19.7560
Test set Fidelity: 0.9817 std: 0.0163
Timesteps/1000: 4340.0
Reward: 20.0193
Test set Fidelity: 0.9818 std: 0.0164
Timesteps/1000: 4350.0
Reward: 19.9043
Test set Fidelity: 0.9821 std: 0.0159
Timesteps/1000: 4360.0
Reward: 20.2609
Test set Fidelity: 0.9823 std: 0.0158
Timesteps/1000: 4370.0
Reward: 20.2489
Test set Fidelity: 0.9823 std: 0.0159
Timesteps/1000: 4380.0
Reward: 20.6481
Test set Fidelity: 0.9827 std: 0.0154
Timesteps/1000: 4390.0
Reward: 21.4157
Test set Fidelity: 0.9826 std: 0.0161
Timesteps/1000: 4400.0
Reward: 21.2600
Test set Fidelity: 0.9824 std: 0.0161
Timesteps/1000: 4410.0
Reward: 21.6235
Test set Fidelity: 0.9826 std: 0.0156
Timesteps/1000: 4420.0
Reward: 21.3030
Test set Fidelity: 0.9823 std: 0.0159
Timesteps/1000: 4430.0
Reward: 20.6701
Test set Fidelity: 0.9818 std: 0.0159
Timesteps/1000: 4440.0
Reward: 21.2173
Test set Fidelity: 0.9818 std: 0.0163
Timesteps/1000: 4450.0
Reward: 20.8144
Test set Fidelity: 0.9818 std: 0.0162
Timesteps/1000: 4460.0
Reward: 21.0647
Test set Fidelity: 0.9820 std: 0.0159
Timesteps/1000: 4470.0
Reward: 21.5349
Test set Fidelity: 0.9825 std: 0.0153
Timesteps/1000: 4480.0
Reward: 21.2091
Test set Fidelity: 0.9822 std: 0.0158
Timesteps/1000: 4490.0
Reward: 21.0306
Test set Fidelity: 0.9825 std: 0.0155
Timesteps/1000: 4500.0
Reward: 21.1908
Test set Fidelity: 0.9829 std: 0.0151
Timesteps/1000: 4510.0
Reward: 21.6496
Test set Fidelity: 0.9831 std: 0.0151
Timesteps/1000: 4520.0
Reward: 21.6559
Test set Fidelity: 0.9827 std: 0.0157
Timesteps/1000: 4530.0
Reward: 21.1282
Test set Fidelity: 0.9826 std: 0.0160
Timesteps/1000: 4540.0
Reward: 20.8817
Test set Fidelity: 0.9825 std: 0.0159
Timesteps/1000: 4550.0
Reward: 20.9291
Test set Fidelity: 0.9824 std: 0.0160
Timesteps/1000: 4560.0
Reward: 20.8892
Test set Fidelity: 0.9826 std: 0.0157
Timesteps/1000: 4570.0
Reward: 20.8893
Test set Fidelity: 0.9826 std: 0.0155
Timesteps/1000: 4580.0
Reward: 21.0479
Test set Fidelity: 0.9827 std: 0.0155
Timesteps/1000: 4590.0
Reward: 20.3142
Test set Fidelity: 0.9825 std: 0.0158
Timesteps/1000: 4600.0
Reward: 20.0451
Test set Fidelity: 0.9823 std: 0.0158
Timesteps/1000: 4610.0
Reward: 20.6451
Test set Fidelity: 0.9826 std: 0.0156
Timesteps/1000: 4620.0
Reward: 20.5822
Test set Fidelity: 0.9826 std: 0.0157
Timesteps/1000: 4630.0
Reward: 20.8894
Test set Fidelity: 0.9830 std: 0.0153
Timesteps/1000: 4640.0
Reward: 20.9593
Test set Fidelity: 0.9832 std: 0.0151
Timesteps/1000: 4650.0
Reward: 21.2240
Test set Fidelity: 0.9832 std: 0.0153
Timesteps/1000: 4660.0
Reward: 21.5730
Test set Fidelity: 0.9834 std: 0.0151
Timesteps/1000: 4670.0
Reward: 21.4257
Test set Fidelity: 0.9831 std: 0.0153
Timesteps/1000: 4680.0
Reward: 22.0421
Test set Fidelity: 0.9833 std: 0.0151
Timesteps/1000: 4690.0
Reward: 21.7223
Test set Fidelity: 0.9832 std: 0.0153
Timesteps/1000: 4700.0
Reward: 20.9749
Test set Fidelity: 0.9831 std: 0.0154
Timesteps/1000: 4710.0
Reward: 21.3525
Test set Fidelity: 0.9827 std: 0.0159
Timesteps/1000: 4720.0
Reward: 21.9551
Test set Fidelity: 0.9827 std: 0.0160
Timesteps/1000: 4730.0
Reward: 21.7994
Test set Fidelity: 0.9825 std: 0.0162
Timesteps/1000: 4740.0
Reward: 21.9220
Test set Fidelity: 0.9824 std: 0.0163
Timesteps/1000: 4750.0
Reward: 21.8867
Test set Fidelity: 0.9826 std: 0.0162
Timesteps/1000: 4760.0
Reward: 21.6134
Test set Fidelity: 0.9822 std: 0.0167
Timesteps/1000: 4770.0
Reward: 21.7279
Test set Fidelity: 0.9819 std: 0.0172
Timesteps/1000: 4780.0
Reward: 21.2280
Test set Fidelity: 0.9815 std: 0.0175
Timesteps/1000: 4790.0
Reward: 20.7717
Test set Fidelity: 0.9812 std: 0.0178
Timesteps/1000: 4800.0
Reward: 20.8687
Test set Fidelity: 0.9814 std: 0.0176
Timesteps/1000: 4810.0
Reward: 20.7122
Test set Fidelity: 0.9816 std: 0.0175
Timesteps/1000: 4820.0
Reward: 21.0716
Test set Fidelity: 0.9821 std: 0.0172
Timesteps/1000: 4830.0
Reward: 21.2507
Test set Fidelity: 0.9821 std: 0.0169
Timesteps/1000: 4840.0
Reward: 22.0220
Test set Fidelity: 0.9819 std: 0.0171
Timesteps/1000: 4850.0
Reward: 22.4372
Test set Fidelity: 0.9822 std: 0.0170
Timesteps/1000: 4860.0
Reward: 22.1658
Test set Fidelity: 0.9821 std: 0.0167
Timesteps/1000: 4870.0
Reward: 23.0001
Test set Fidelity: 0.9819 std: 0.0172
Timesteps/1000: 4880.0
Reward: 23.0699
Test set Fidelity: 0.9819 std: 0.0172
Timesteps/1000: 4890.0
Reward: 23.0029
Test set Fidelity: 0.9824 std: 0.0168
Timesteps/1000: 4900.0
Reward: 22.6693
Test set Fidelity: 0.9820 std: 0.0173
Timesteps/1000: 4910.0
Reward: 23.2822
Test set Fidelity: 0.9823 std: 0.0167
Timesteps/1000: 4920.0
Reward: 22.8258
Test set Fidelity: 0.9822 std: 0.0168
Timesteps/1000: 4930.0
Reward: 23.1811
Test set Fidelity: 0.9828 std: 0.0159
Timesteps/1000: 4940.0
Reward: 23.1940
Test set Fidelity: 0.9828 std: 0.0160
Timesteps/1000: 4950.0
Reward: 21.6982
Test set Fidelity: 0.9826 std: 0.0154
Timesteps/1000: 4960.0
Reward: 21.9684
Test set Fidelity: 0.9826 std: 0.0155
Timesteps/1000: 4970.0
Reward: 22.2743
Test set Fidelity: 0.9828 std: 0.0157
Timesteps/1000: 4980.0
Reward: 22.9381
Test set Fidelity: 0.9831 std: 0.0157
Timesteps/1000: 4990.0
Reward: 22.6551
Test set Fidelity: 0.9832 std: 0.0153
Timesteps/1000: 5000.0
Reward: 23.1188
Test set Fidelity: 0.9832 std: 0.0157
 100% ━━━━━━━━━━━━━━━━━━ 5,000,000/5,000,… [ 1 day, 1:16:58 < 0:00:00 , ? it/s ]
