[Qibo 0.2.7|INFO|2024-06-05 21:01:03]: Using qibojit (numba) backend on /CPU:0
Timesteps/1000: 0.001
Reward: 2.1447
Test set Fidelity: 0.8618 std: 0.0409
Saving new best model at 1 timesteps.
Saving new best model in simulation/experiments/1q/model_5.
Timesteps/1000: 5.0
Reward: 2.1533
Test set Fidelity: 0.8558 std: 0.0430
Timesteps/1000: 10.0
Reward: 2.1646
Test set Fidelity: 0.8565 std: 0.0429
Timesteps/1000: 15.0
Reward: 2.1733
Test set Fidelity: 0.8569 std: 0.0430
Timesteps/1000: 20.0
Reward: 2.1576
Test set Fidelity: 0.8557 std: 0.0426
Timesteps/1000: 25.0
Reward: 2.1402
Test set Fidelity: 0.8552 std: 0.0429
Timesteps/1000: 30.0
Reward: 2.1471
Test set Fidelity: 0.8556 std: 0.0429
Timesteps/1000: 35.0
Reward: 2.1441
Test set Fidelity: 0.8554 std: 0.0429
Timesteps/1000: 40.0
Reward: 2.1703
Test set Fidelity: 0.8570 std: 0.0431
Timesteps/1000: 45.0
Reward: 2.1658
Test set Fidelity: 0.8568 std: 0.0431
Timesteps/1000: 50.0
Reward: 2.1646
Test set Fidelity: 0.8570 std: 0.0431
Timesteps/1000: 55.0
Reward: 2.1669
Test set Fidelity: 0.8568 std: 0.0430
Timesteps/1000: 60.0
Reward: 2.1711
Test set Fidelity: 0.8570 std: 0.0431
Timesteps/1000: 65.0
Reward: 2.1854
Test set Fidelity: 0.8598 std: 0.0438
Timesteps/1000: 70.0
Reward: 2.2157
Test set Fidelity: 0.8734 std: 0.0425
Saving new best model at 70000 timesteps.
Saving new best model in simulation/experiments/1q/model_5.
Timesteps/1000: 75.0
Reward: 2.3407
Test set Fidelity: 0.8969 std: 0.0393
Saving new best model at 75000 timesteps.
Saving new best model in simulation/experiments/1q/model_5.
Timesteps/1000: 80.0
Reward: 2.2334
Test set Fidelity: 0.8603 std: 0.0416
Timesteps/1000: 85.0
Reward: 2.2494
Test set Fidelity: 0.8702 std: 0.0412
Timesteps/1000: 90.0
Reward: 2.2790
Test set Fidelity: 0.8745 std: 0.0396
Timesteps/1000: 95.0
Reward: 2.9538
Test set Fidelity: 0.9284 std: 0.0308
Saving new best model at 95000 timesteps.
Saving new best model in simulation/experiments/1q/model_5.
Timesteps/1000: 100.0
Reward: 2.5817
Test set Fidelity: 0.9027 std: 0.0311
Timesteps/1000: 105.0
Reward: 3.4579
Test set Fidelity: 0.9441 std: 0.0229
Saving new best model at 105000 timesteps.
Saving new best model in simulation/experiments/1q/model_5.
Timesteps/1000: 110.0
Reward: 4.5112
Test set Fidelity: 0.9589 std: 0.0213
Saving new best model at 110000 timesteps.
Saving new best model in simulation/experiments/1q/model_5.
Timesteps/1000: 115.0
Reward: 5.0766
Test set Fidelity: 0.9639 std: 0.0202
Saving new best model at 115000 timesteps.
Saving new best model in simulation/experiments/1q/model_5.
Timesteps/1000: 120.0
Reward: 4.2432
Test set Fidelity: 0.9564 std: 0.0210
Timesteps/1000: 125.0
Reward: 5.3330
Test set Fidelity: 0.9629 std: 0.0206
Timesteps/1000: 130.0
Reward: 7.2160
Test set Fidelity: 0.9697 std: 0.0187
Saving new best model at 130000 timesteps.
Saving new best model in simulation/experiments/1q/model_5.
Timesteps/1000: 135.0
Reward: 8.6040
Test set Fidelity: 0.9716 std: 0.0185
Saving new best model at 135000 timesteps.
Saving new best model in simulation/experiments/1q/model_5.
Timesteps/1000: 140.0
Reward: 6.1662
Test set Fidelity: 0.9666 std: 0.0196
Timesteps/1000: 145.0
Reward: 10.7401
Test set Fidelity: 0.9750 std: 0.0166
Saving new best model at 145000 timesteps.
Saving new best model in simulation/experiments/1q/model_5.
Timesteps/1000: 150.0
Reward: 13.5167
Test set Fidelity: 0.9803 std: 0.0145
Saving new best model at 150000 timesteps.
Saving new best model in simulation/experiments/1q/model_5.
Timesteps/1000: 155.0
Reward: 10.5258
Test set Fidelity: 0.9738 std: 0.0171
Timesteps/1000: 160.0
Reward: 13.9034
Test set Fidelity: 0.9778 std: 0.0154
Timesteps/1000: 165.0
Reward: 6.6256
Test set Fidelity: 0.9706 std: 0.0166
Timesteps/1000: 170.0
Reward: 10.0525
Test set Fidelity: 0.9754 std: 0.0151
Timesteps/1000: 175.0
Reward: 11.4457
Test set Fidelity: 0.9771 std: 0.0137
Timesteps/1000: 180.0
Reward: 9.6967
Test set Fidelity: 0.9766 std: 0.0131
Timesteps/1000: 185.0
Reward: 7.3559
Test set Fidelity: 0.9735 std: 0.0121
Timesteps/1000: 190.0
Reward: 6.0240
Test set Fidelity: 0.9690 std: 0.0135
Timesteps/1000: 195.0
Reward: 10.7519
Test set Fidelity: 0.9788 std: 0.0114
Timesteps/1000: 200.0
Reward: 21.2790
Test set Fidelity: 0.9819 std: 0.0106
Saving new best model at 200000 timesteps.
Saving new best model in simulation/experiments/1q/model_5.
Timesteps/1000: 205.0
Reward: 8.5488
Test set Fidelity: 0.9755 std: 0.0122
Timesteps/1000: 210.0
Reward: 8.6506
Test set Fidelity: 0.9755 std: 0.0119
Timesteps/1000: 215.0
Reward: 6.2744
Test set Fidelity: 0.9694 std: 0.0126
Timesteps/1000: 220.0
Reward: 11.6139
Test set Fidelity: 0.9797 std: 0.0102
Timesteps/1000: 225.0
Reward: 10.9971
Test set Fidelity: 0.9803 std: 0.0098
Timesteps/1000: 230.0
Reward: 9.8104
Test set Fidelity: 0.9796 std: 0.0099
Timesteps/1000: 235.0
Reward: 16.4822
Test set Fidelity: 0.9865 std: 0.0076
Saving new best model at 235000 timesteps.
Saving new best model in simulation/experiments/1q/model_5.
Timesteps/1000: 240.0
Reward: 12.5119
Test set Fidelity: 0.9828 std: 0.0089
Timesteps/1000: 245.0
Reward: 14.9811
Test set Fidelity: 0.9844 std: 0.0086
Timesteps/1000: 250.0
Reward: 26.4390
Test set Fidelity: 0.9850 std: 0.0093
Timesteps/1000: 255.0
Reward: 10.7205
Test set Fidelity: 0.9802 std: 0.0110
Timesteps/1000: 260.0
Reward: 12.9495
Test set Fidelity: 0.9826 std: 0.0101
Timesteps/1000: 265.0
Reward: 20.7976
Test set Fidelity: 0.9859 std: 0.0095
Timesteps/1000: 270.0
Reward: 17.6441
Test set Fidelity: 0.9843 std: 0.0105
Timesteps/1000: 275.0
Reward: 10.7493
Test set Fidelity: 0.9779 std: 0.0142
Timesteps/1000: 280.0
Reward: 15.6069
Test set Fidelity: 0.9847 std: 0.0093
Timesteps/1000: 285.0
Reward: 25.0347
Test set Fidelity: 0.9878 std: 0.0078
Saving new best model at 285000 timesteps.
Saving new best model in simulation/experiments/1q/model_5.
Timesteps/1000: 290.0
Reward: 15.0651
Test set Fidelity: 0.9856 std: 0.0091
Timesteps/1000: 295.0
Reward: 8.0657
Test set Fidelity: 0.9751 std: 0.0131
Timesteps/1000: 300.0
Reward: 8.5071
Test set Fidelity: 0.9768 std: 0.0126
Timesteps/1000: 305.0
Reward: 9.1917
Test set Fidelity: 0.9783 std: 0.0117
Timesteps/1000: 310.0
Reward: 11.2790
Test set Fidelity: 0.9804 std: 0.0116
Timesteps/1000: 315.0
Reward: 8.2278
Test set Fidelity: 0.9751 std: 0.0139
Timesteps/1000: 320.0
Reward: 8.4934
Test set Fidelity: 0.9753 std: 0.0134
Timesteps/1000: 325.0
Reward: 10.5653
Test set Fidelity: 0.9786 std: 0.0125
Timesteps/1000: 330.0
Reward: 7.4876
Test set Fidelity: 0.9731 std: 0.0133
Timesteps/1000: 335.0
Reward: 10.6999
Test set Fidelity: 0.9771 std: 0.0138
Timesteps/1000: 340.0
Reward: 12.3903
Test set Fidelity: 0.9797 std: 0.0118
Timesteps/1000: 345.0
Reward: 12.3298
Test set Fidelity: 0.9824 std: 0.0095
Timesteps/1000: 350.0
Reward: 9.2969
Test set Fidelity: 0.9790 std: 0.0100
Timesteps/1000: 355.0
Reward: 8.0336
Test set Fidelity: 0.9754 std: 0.0114
Timesteps/1000: 360.0
Reward: 5.7644
Test set Fidelity: 0.9652 std: 0.0152
Timesteps/1000: 365.0
Reward: 7.5539
Test set Fidelity: 0.9719 std: 0.0144
Timesteps/1000: 370.0
Reward: 8.3021
Test set Fidelity: 0.9755 std: 0.0128
Timesteps/1000: 375.0
Reward: 8.4896
Test set Fidelity: 0.9744 std: 0.0133
Timesteps/1000: 380.0
Reward: 7.8637
Test set Fidelity: 0.9703 std: 0.0167
Timesteps/1000: 385.0
Reward: 9.9038
Test set Fidelity: 0.9724 std: 0.0185
Timesteps/1000: 390.0
Reward: 22.1056
Test set Fidelity: 0.9768 std: 0.0172
Timesteps/1000: 395.0
Reward: 19.5029
Test set Fidelity: 0.9786 std: 0.0154
Timesteps/1000: 400.0
Reward: 18.6155
Test set Fidelity: 0.9822 std: 0.0115
Timesteps/1000: 405.0
Reward: 12.4679
Test set Fidelity: 0.9797 std: 0.0121
Timesteps/1000: 410.0
Reward: 16.1883
Test set Fidelity: 0.9838 std: 0.0093
Timesteps/1000: 415.0
Reward: 34.7783
Test set Fidelity: 0.9838 std: 0.0116
Timesteps/1000: 420.0
Reward: 22.0793
Test set Fidelity: 0.9813 std: 0.0126
Timesteps/1000: 425.0
Reward: 12.2436
Test set Fidelity: 0.9811 std: 0.0109
Timesteps/1000: 430.0
Reward: 13.1202
Test set Fidelity: 0.9788 std: 0.0140
Timesteps/1000: 435.0
Reward: 40.5626
Test set Fidelity: 0.9835 std: 0.0120
Timesteps/1000: 440.0
Reward: 28.9595
Test set Fidelity: 0.9819 std: 0.0138
Timesteps/1000: 445.0
Reward: 15.5621
Test set Fidelity: 0.9784 std: 0.0164
Timesteps/1000: 450.0
Reward: 17.9767
Test set Fidelity: 0.9808 std: 0.0142
Timesteps/1000: 455.0
Reward: 10.1079
Test set Fidelity: 0.9770 std: 0.0137
Timesteps/1000: 460.0
Reward: 9.0715
Test set Fidelity: 0.9752 std: 0.0140
Timesteps/1000: 465.0
Reward: 11.3903
Test set Fidelity: 0.9819 std: 0.0090
Timesteps/1000: 470.0
Reward: 13.5921
Test set Fidelity: 0.9855 std: 0.0072
Timesteps/1000: 475.0
Reward: 11.6692
Test set Fidelity: 0.9832 std: 0.0078
Timesteps/1000: 480.0
Reward: 40.7764
Test set Fidelity: 0.9861 std: 0.0091
Timesteps/1000: 485.0
Reward: 37.0318
Test set Fidelity: 0.9884 std: 0.0074
Saving new best model at 485000 timesteps.
Saving new best model in simulation/experiments/1q/model_5.
Timesteps/1000: 490.0
Reward: 40.5353
Test set Fidelity: 0.9885 std: 0.0071
Saving new best model at 490000 timesteps.
Saving new best model in simulation/experiments/1q/model_5.
Timesteps/1000: 495.0
Reward: 18.5252
Test set Fidelity: 0.9858 std: 0.0084
Timesteps/1000: 500.0
Reward: 22.0534
Test set Fidelity: 0.9864 std: 0.0083
Timesteps/1000: 505.0
Reward: 18.6011
Test set Fidelity: 0.9859 std: 0.0077
Timesteps/1000: 510.0
Reward: 22.9005
Test set Fidelity: 0.9864 std: 0.0075
Timesteps/1000: 515.0
Reward: 14.7073
Test set Fidelity: 0.9835 std: 0.0085
Timesteps/1000: 520.0
Reward: 12.8778
Test set Fidelity: 0.9833 std: 0.0082
Timesteps/1000: 525.0
Reward: 12.5251
Test set Fidelity: 0.9831 std: 0.0081
Timesteps/1000: 530.0
Reward: 13.6005
Test set Fidelity: 0.9851 std: 0.0072
Timesteps/1000: 535.0
Reward: 17.0181
Test set Fidelity: 0.9873 std: 0.0068
Timesteps/1000: 540.0
Reward: 22.3657
Test set Fidelity: 0.9886 std: 0.0065
Saving new best model at 540000 timesteps.
Saving new best model in simulation/experiments/1q/model_5.
Timesteps/1000: 545.0
Reward: 35.4148
Test set Fidelity: 0.9896 std: 0.0071
Saving new best model at 545000 timesteps.
Saving new best model in simulation/experiments/1q/model_5.
Timesteps/1000: 550.0
Reward: 24.6594
Test set Fidelity: 0.9886 std: 0.0067
Timesteps/1000: 555.0
Reward: 27.1911
Test set Fidelity: 0.9882 std: 0.0062
Timesteps/1000: 560.0
Reward: 16.3349
Test set Fidelity: 0.9858 std: 0.0068
Timesteps/1000: 565.0
Reward: 14.4264
Test set Fidelity: 0.9860 std: 0.0074
Timesteps/1000: 570.0
Reward: 22.8977
Test set Fidelity: 0.9886 std: 0.0062
Timesteps/1000: 575.0
Reward: 33.9909
Test set Fidelity: 0.9908 std: 0.0052
Saving new best model at 575000 timesteps.
Saving new best model in simulation/experiments/1q/model_5.
Timesteps/1000: 580.0
Reward: 18.3356
Test set Fidelity: 0.9866 std: 0.0064
Timesteps/1000: 585.0
Reward: 38.7139
Test set Fidelity: 0.9899 std: 0.0053
Timesteps/1000: 590.0
Reward: 26.3240
Test set Fidelity: 0.9888 std: 0.0054
Timesteps/1000: 595.0
Reward: 24.0785
Test set Fidelity: 0.9887 std: 0.0056
Timesteps/1000: 600.0
Reward: 35.1746
Test set Fidelity: 0.9896 std: 0.0053
Timesteps/1000: 605.0
Reward: 62.3158
Test set Fidelity: 0.9912 std: 0.0047
Saving new best model at 605000 timesteps.
Saving new best model in simulation/experiments/1q/model_5.
Timesteps/1000: 610.0
Reward: 51.2395
Test set Fidelity: 0.9908 std: 0.0046
Timesteps/1000: 615.0
Reward: 29.4548
Test set Fidelity: 0.9886 std: 0.0053
Timesteps/1000: 620.0
Reward: 24.1897
Test set Fidelity: 0.9878 std: 0.0056
Timesteps/1000: 625.0
Reward: 31.7433
Test set Fidelity: 0.9875 std: 0.0060
Timesteps/1000: 630.0
Reward: 19.7154
Test set Fidelity: 0.9869 std: 0.0059
Timesteps/1000: 635.0
Reward: 23.4394
Test set Fidelity: 0.9887 std: 0.0051
Timesteps/1000: 640.0
Reward: 23.8926
Test set Fidelity: 0.9892 std: 0.0049
Timesteps/1000: 645.0
Reward: 25.8672
Test set Fidelity: 0.9888 std: 0.0052
Timesteps/1000: 650.0
Reward: 24.8151
Test set Fidelity: 0.9882 std: 0.0056
Timesteps/1000: 655.0
Reward: 20.7216
Test set Fidelity: 0.9867 std: 0.0058
Timesteps/1000: 660.0
Reward: 55.7840
Test set Fidelity: 0.9881 std: 0.0055
Timesteps/1000: 665.0
Reward: 25.0012
Test set Fidelity: 0.9881 std: 0.0057
Timesteps/1000: 670.0
Reward: 35.7987
Test set Fidelity: 0.9887 std: 0.0061
Timesteps/1000: 675.0
Reward: 21.9365
Test set Fidelity: 0.9890 std: 0.0047
Timesteps/1000: 680.0
Reward: 37.9751
Test set Fidelity: 0.9912 std: 0.0043
Timesteps/1000: 685.0
Reward: 22.7651
Test set Fidelity: 0.9893 std: 0.0048
Timesteps/1000: 690.0
Reward: 37.1547
Test set Fidelity: 0.9897 std: 0.0047
Timesteps/1000: 695.0
Reward: 42.3316
Test set Fidelity: 0.9932 std: 0.0039
Saving new best model at 695000 timesteps.
Saving new best model in simulation/experiments/1q/model_5.
Timesteps/1000: 700.0
Reward: 38.4600
Test set Fidelity: 0.9932 std: 0.0039
Saving new best model at 700000 timesteps.
Saving new best model in simulation/experiments/1q/model_5.
Timesteps/1000: 705.0
Reward: 135.0001
Test set Fidelity: 0.9938 std: 0.0038
Saving new best model at 705000 timesteps.
Saving new best model in simulation/experiments/1q/model_5.
Timesteps/1000: 710.0
Reward: 34.2792
Test set Fidelity: 0.9933 std: 0.0038
Timesteps/1000: 715.0
Reward: 117.0688
Test set Fidelity: 0.9908 std: 0.0045
Timesteps/1000: 720.0
Reward: 17.8876
Test set Fidelity: 0.9879 std: 0.0054
Timesteps/1000: 725.0
Reward: 317.6080
Test set Fidelity: 0.9925 std: 0.0046
Timesteps/1000: 730.0
Reward: 46.4221
Test set Fidelity: 0.9908 std: 0.0051
Timesteps/1000: 735.0
Reward: 26.4262
Test set Fidelity: 0.9884 std: 0.0057
Timesteps/1000: 740.0
Reward: 157.3760
Test set Fidelity: 0.9896 std: 0.0050
Timesteps/1000: 745.0
Reward: 60.8938
Test set Fidelity: 0.9905 std: 0.0048
Timesteps/1000: 750.0
Reward: 37.8259
Test set Fidelity: 0.9903 std: 0.0048
Timesteps/1000: 755.0
Reward: 36.3905
Test set Fidelity: 0.9921 std: 0.0041
Timesteps/1000: 760.0
Reward: 34.5717
Test set Fidelity: 0.9913 std: 0.0043
Timesteps/1000: 765.0
Reward: 46.3397
Test set Fidelity: 0.9936 std: 0.0037
Timesteps/1000: 770.0
Reward: 81.3421
Test set Fidelity: 0.9941 std: 0.0038
Saving new best model at 770000 timesteps.
Saving new best model in simulation/experiments/1q/model_5.
Timesteps/1000: 775.0
Reward: 45.4187
Test set Fidelity: 0.9938 std: 0.0037
Timesteps/1000: 780.0
Reward: 65.1310
Test set Fidelity: 0.9933 std: 0.0038
Timesteps/1000: 785.0
Reward: 142.5792
Test set Fidelity: 0.9931 std: 0.0039
Timesteps/1000: 790.0
Reward: 66.5281
Test set Fidelity: 0.9936 std: 0.0040
Timesteps/1000: 795.0
Reward: 55.6682
Test set Fidelity: 0.9920 std: 0.0041
Timesteps/1000: 800.0
Reward: 44.5007
Test set Fidelity: 0.9914 std: 0.0044
Timesteps/1000: 805.0
Reward: 39.2610
Test set Fidelity: 0.9902 std: 0.0049
Timesteps/1000: 810.0
Reward: 31.9854
Test set Fidelity: 0.9899 std: 0.0051
Timesteps/1000: 815.0
Reward: 53.0335
Test set Fidelity: 0.9921 std: 0.0044
Timesteps/1000: 820.0
Reward: 49.3721
Test set Fidelity: 0.9936 std: 0.0040
Timesteps/1000: 825.0
Reward: 57.7084
Test set Fidelity: 0.9934 std: 0.0039
Timesteps/1000: 830.0
Reward: 158.6680
Test set Fidelity: 0.9928 std: 0.0042
Timesteps/1000: 835.0
Reward: 95.2156
Test set Fidelity: 0.9917 std: 0.0046
Timesteps/1000: 840.0
Reward: 87.2360
Test set Fidelity: 0.9913 std: 0.0049
Timesteps/1000: 845.0
Reward: 127.7102
Test set Fidelity: 0.9910 std: 0.0051
Timesteps/1000: 850.0
Reward: 119.8756
Test set Fidelity: 0.9924 std: 0.0045
Timesteps/1000: 855.0
Reward: 68.3604
Test set Fidelity: 0.9917 std: 0.0054
Timesteps/1000: 860.0
Reward: 85.6920
Test set Fidelity: 0.9921 std: 0.0051
Timesteps/1000: 865.0
Reward: 140.6957
Test set Fidelity: 0.9920 std: 0.0051
Timesteps/1000: 870.0
Reward: 83.8551
Test set Fidelity: 0.9915 std: 0.0059
Timesteps/1000: 875.0
Reward: 81.1113
Test set Fidelity: 0.9903 std: 0.0067
Timesteps/1000: 880.0
Reward: 26.9985
Test set Fidelity: 0.9885 std: 0.0071
Timesteps/1000: 885.0
Reward: 222.4780
Test set Fidelity: 0.9921 std: 0.0051
Timesteps/1000: 890.0
Reward: 105.6968
Test set Fidelity: 0.9916 std: 0.0052
Timesteps/1000: 895.0
Reward: 75.7044
Test set Fidelity: 0.9928 std: 0.0050
Timesteps/1000: 900.0
Reward: 54.9812
Test set Fidelity: 0.9933 std: 0.0045
Timesteps/1000: 905.0
Reward: 52.9521
Test set Fidelity: 0.9919 std: 0.0050
Timesteps/1000: 910.0
Reward: 51.2255
Test set Fidelity: 0.9925 std: 0.0047
Timesteps/1000: 915.0
Reward: 48.8283
Test set Fidelity: 0.9931 std: 0.0047
Timesteps/1000: 920.0
Reward: 49.2885
Test set Fidelity: 0.9928 std: 0.0051
Timesteps/1000: 925.0
Reward: 68.1709
Test set Fidelity: 0.9925 std: 0.0049
Timesteps/1000: 930.0
Reward: 48.7818
Test set Fidelity: 0.9935 std: 0.0044
Timesteps/1000: 935.0
Reward: 73.2967
Test set Fidelity: 0.9941 std: 0.0041
Saving new best model at 935000 timesteps.
Saving new best model in simulation/experiments/1q/model_5.
Timesteps/1000: 940.0
Reward: 107.5702
Test set Fidelity: 0.9940 std: 0.0043
Timesteps/1000: 945.0
Reward: 110.7802
Test set Fidelity: 0.9939 std: 0.0043
Timesteps/1000: 950.0
Reward: 64.3235
Test set Fidelity: 0.9937 std: 0.0044
Timesteps/1000: 955.0
Reward: 61.7537
Test set Fidelity: 0.9929 std: 0.0051
Timesteps/1000: 960.0
Reward: 55.9053
Test set Fidelity: 0.9916 std: 0.0060
Timesteps/1000: 965.0
Reward: 72.9438
Test set Fidelity: 0.9916 std: 0.0064
Timesteps/1000: 970.0
Reward: 74.9510
Test set Fidelity: 0.9916 std: 0.0067
Timesteps/1000: 975.0
Reward: 75.3600
Test set Fidelity: 0.9919 std: 0.0062
Timesteps/1000: 980.0
Reward: 68.8610
Test set Fidelity: 0.9920 std: 0.0060
Timesteps/1000: 985.0
Reward: 67.7921
Test set Fidelity: 0.9925 std: 0.0058
Timesteps/1000: 990.0
Reward: 84.9176
Test set Fidelity: 0.9915 std: 0.0067
Timesteps/1000: 995.0
Reward: 71.0509
Test set Fidelity: 0.9924 std: 0.0060
Timesteps/1000: 1000.0
Reward: 73.8585
Test set Fidelity: 0.9927 std: 0.0061
 100% ━━━━━━━━━━━━━━━━━━━━ 1,000,000/1,000,000  [ 0:28:47 < 0:00:00 , 621 it/s ]
