[Qibo 0.2.7|INFO|2024-06-05 17:00:15]: Using qibojit (numba) backend on /CPU:0
Timesteps/1000: 0.001
Reward: 2.1665
Test set Fidelity: 0.8752 std: 0.0400
Saving new best model at 1 timesteps.
Saving new best model in simulation/experiments/1q/model_5.
Timesteps/1000: 5.0
Reward: 2.1784
Test set Fidelity: 0.8561 std: 0.0421
Timesteps/1000: 10.0
Reward: 2.2438
Test set Fidelity: 0.8582 std: 0.0410
Timesteps/1000: 15.0
Reward: 2.2505
Test set Fidelity: 0.8588 std: 0.0411
Timesteps/1000: 20.0
Reward: 2.3820
Test set Fidelity: 0.8620 std: 0.0379
Timesteps/1000: 25.0
Reward: 2.3663
Test set Fidelity: 0.8619 std: 0.0392
Timesteps/1000: 30.0
Reward: 2.2705
Test set Fidelity: 0.8592 std: 0.0403
Timesteps/1000: 35.0
Reward: 2.2487
Test set Fidelity: 0.8585 std: 0.0403
Timesteps/1000: 40.0
Reward: 2.3271
Test set Fidelity: 0.8607 std: 0.0387
Timesteps/1000: 45.0
Reward: 2.4951
Test set Fidelity: 0.8791 std: 0.0272
Saving new best model at 45000 timesteps.
Saving new best model in simulation/experiments/1q/model_5.
Timesteps/1000: 50.0
Reward: 2.6613
Test set Fidelity: 0.8909 std: 0.0251
Saving new best model at 50000 timesteps.
Saving new best model in simulation/experiments/1q/model_5.
Timesteps/1000: 55.0
Reward: 2.7722
Test set Fidelity: 0.9025 std: 0.0223
Saving new best model at 55000 timesteps.
Saving new best model in simulation/experiments/1q/model_5.
Timesteps/1000: 60.0
Reward: 2.8503
Test set Fidelity: 0.9071 std: 0.0211
Saving new best model at 60000 timesteps.
Saving new best model in simulation/experiments/1q/model_5.
Timesteps/1000: 65.0
Reward: 2.8637
Test set Fidelity: 0.9084 std: 0.0203
Saving new best model at 65000 timesteps.
Saving new best model in simulation/experiments/1q/model_5.
Timesteps/1000: 70.0
Reward: 2.7801
Test set Fidelity: 0.8908 std: 0.0213
Timesteps/1000: 75.0
Reward: 4.7054
Test set Fidelity: 0.9597 std: 0.0123
Saving new best model at 75000 timesteps.
Saving new best model in simulation/experiments/1q/model_5.
Timesteps/1000: 80.0
Reward: 5.5351
Test set Fidelity: 0.9662 std: 0.0111
Saving new best model at 80000 timesteps.
Saving new best model in simulation/experiments/1q/model_5.
Timesteps/1000: 85.0
Reward: 4.4709
Test set Fidelity: 0.9571 std: 0.0137
Timesteps/1000: 90.0
Reward: 3.7725
Test set Fidelity: 0.9448 std: 0.0148
Timesteps/1000: 95.0
Reward: 3.3478
Test set Fidelity: 0.9265 std: 0.0191
Timesteps/1000: 100.0
Reward: 3.8406
Test set Fidelity: 0.9434 std: 0.0146
Timesteps/1000: 105.0
Reward: 4.1822
Test set Fidelity: 0.9490 std: 0.0144
Timesteps/1000: 110.0
Reward: 4.2203
Test set Fidelity: 0.9498 std: 0.0139
Timesteps/1000: 115.0
Reward: 4.4411
Test set Fidelity: 0.9536 std: 0.0140
Timesteps/1000: 120.0
Reward: 4.4266
Test set Fidelity: 0.9525 std: 0.0159
Timesteps/1000: 125.0
Reward: 5.7715
Test set Fidelity: 0.9658 std: 0.0117
Timesteps/1000: 130.0
Reward: 4.9751
Test set Fidelity: 0.9588 std: 0.0138
Timesteps/1000: 135.0
Reward: 4.7410
Test set Fidelity: 0.9559 std: 0.0160
Timesteps/1000: 140.0
Reward: 5.6361
Test set Fidelity: 0.9633 std: 0.0163
Timesteps/1000: 145.0
Reward: 5.7380
Test set Fidelity: 0.9651 std: 0.0138
Timesteps/1000: 150.0
Reward: 5.2027
Test set Fidelity: 0.9612 std: 0.0134
Timesteps/1000: 155.0
Reward: 5.7976
Test set Fidelity: 0.9663 std: 0.0121
Saving new best model at 155000 timesteps.
Saving new best model in simulation/experiments/1q/model_5.
Timesteps/1000: 160.0
Reward: 6.7924
Test set Fidelity: 0.9716 std: 0.0106
Saving new best model at 160000 timesteps.
Saving new best model in simulation/experiments/1q/model_5.
Timesteps/1000: 165.0
Reward: 6.5676
Test set Fidelity: 0.9704 std: 0.0115
Timesteps/1000: 170.0
Reward: 9.3963
Test set Fidelity: 0.9784 std: 0.0103
Saving new best model at 170000 timesteps.
Saving new best model in simulation/experiments/1q/model_5.
Timesteps/1000: 175.0
Reward: 8.4691
Test set Fidelity: 0.9756 std: 0.0117
Timesteps/1000: 180.0
Reward: 6.8117
Test set Fidelity: 0.9700 std: 0.0133
Timesteps/1000: 185.0
Reward: 9.0396
Test set Fidelity: 0.9766 std: 0.0109
Timesteps/1000: 190.0
Reward: 7.4810
Test set Fidelity: 0.9729 std: 0.0124
Timesteps/1000: 195.0
Reward: 12.3377
Test set Fidelity: 0.9819 std: 0.0084
Saving new best model at 195000 timesteps.
Saving new best model in simulation/experiments/1q/model_5.
Timesteps/1000: 200.0
Reward: 19.0528
Test set Fidelity: 0.9856 std: 0.0073
Saving new best model at 200000 timesteps.
Saving new best model in simulation/experiments/1q/model_5.
Timesteps/1000: 205.0
Reward: 23.2764
Test set Fidelity: 0.9855 std: 0.0077
Timesteps/1000: 210.0
Reward: 12.0189
Test set Fidelity: 0.9823 std: 0.0083
Timesteps/1000: 215.0
Reward: 12.8085
Test set Fidelity: 0.9832 std: 0.0083
Timesteps/1000: 220.0
Reward: 12.2529
Test set Fidelity: 0.9828 std: 0.0083
Timesteps/1000: 225.0
Reward: 14.3790
Test set Fidelity: 0.9847 std: 0.0080
Timesteps/1000: 230.0
Reward: 12.2618
Test set Fidelity: 0.9832 std: 0.0086
Timesteps/1000: 235.0
Reward: 10.4912
Test set Fidelity: 0.9813 std: 0.0090
Timesteps/1000: 240.0
Reward: 8.8647
Test set Fidelity: 0.9777 std: 0.0109
Timesteps/1000: 245.0
Reward: 7.3956
Test set Fidelity: 0.9747 std: 0.0106
Timesteps/1000: 250.0
Reward: 6.9559
Test set Fidelity: 0.9734 std: 0.0099
Timesteps/1000: 255.0
Reward: 7.4440
Test set Fidelity: 0.9748 std: 0.0103
Timesteps/1000: 260.0
Reward: 9.9548
Test set Fidelity: 0.9808 std: 0.0085
Timesteps/1000: 265.0
Reward: 7.3557
Test set Fidelity: 0.9742 std: 0.0104
Timesteps/1000: 270.0
Reward: 11.4252
Test set Fidelity: 0.9827 std: 0.0084
Timesteps/1000: 275.0
Reward: 9.4546
Test set Fidelity: 0.9799 std: 0.0090
Timesteps/1000: 280.0
Reward: 6.6995
Test set Fidelity: 0.9716 std: 0.0112
Timesteps/1000: 285.0
Reward: 6.4773
Test set Fidelity: 0.9706 std: 0.0114
Timesteps/1000: 290.0
Reward: 6.7074
Test set Fidelity: 0.9709 std: 0.0116
Timesteps/1000: 295.0
Reward: 7.7123
Test set Fidelity: 0.9746 std: 0.0108
Timesteps/1000: 300.0
Reward: 7.6188
Test set Fidelity: 0.9740 std: 0.0111
Timesteps/1000: 305.0
Reward: 6.6301
Test set Fidelity: 0.9694 std: 0.0130
Timesteps/1000: 310.0
Reward: 5.4750
Test set Fidelity: 0.9649 std: 0.0149
Timesteps/1000: 315.0
Reward: 5.1226
Test set Fidelity: 0.9621 std: 0.0152
Timesteps/1000: 320.0
Reward: 6.0585
Test set Fidelity: 0.9676 std: 0.0138
Timesteps/1000: 325.0
Reward: 6.2882
Test set Fidelity: 0.9690 std: 0.0134
Timesteps/1000: 330.0
Reward: 7.8731
Test set Fidelity: 0.9747 std: 0.0125
Timesteps/1000: 335.0
Reward: 11.9828
Test set Fidelity: 0.9810 std: 0.0106
Timesteps/1000: 340.0
Reward: 12.8992
Test set Fidelity: 0.9812 std: 0.0113
Timesteps/1000: 345.0
Reward: 15.0084
Test set Fidelity: 0.9832 std: 0.0100
Timesteps/1000: 350.0
Reward: 14.9647
Test set Fidelity: 0.9829 std: 0.0102
Timesteps/1000: 355.0
Reward: 16.8054
Test set Fidelity: 0.9849 std: 0.0087
Timesteps/1000: 360.0
Reward: 20.3152
Test set Fidelity: 0.9860 std: 0.0083
Saving new best model at 360000 timesteps.
Saving new best model in simulation/experiments/1q/model_5.
Timesteps/1000: 365.0
Reward: 15.9880
Test set Fidelity: 0.9847 std: 0.0087
Timesteps/1000: 370.0
Reward: 18.5329
Test set Fidelity: 0.9862 std: 0.0080
Saving new best model at 370000 timesteps.
Saving new best model in simulation/experiments/1q/model_5.
Timesteps/1000: 375.0
Reward: 13.5009
Test set Fidelity: 0.9832 std: 0.0094
Timesteps/1000: 380.0
Reward: 12.0673
Test set Fidelity: 0.9816 std: 0.0102
Timesteps/1000: 385.0
Reward: 16.3173
Test set Fidelity: 0.9845 std: 0.0087
Timesteps/1000: 390.0
Reward: 18.0784
Test set Fidelity: 0.9857 std: 0.0083
Timesteps/1000: 395.0
Reward: 22.3026
Test set Fidelity: 0.9875 std: 0.0076
Saving new best model at 395000 timesteps.
Saving new best model in simulation/experiments/1q/model_5.
Timesteps/1000: 400.0
Reward: 31.4512
Test set Fidelity: 0.9891 std: 0.0064
Saving new best model at 400000 timesteps.
Saving new best model in simulation/experiments/1q/model_5.
Timesteps/1000: 405.0
Reward: 24.8716
Test set Fidelity: 0.9883 std: 0.0067
Timesteps/1000: 410.0
Reward: 28.9995
Test set Fidelity: 0.9887 std: 0.0067
Timesteps/1000: 415.0
Reward: 42.6042
Test set Fidelity: 0.9907 std: 0.0055
Saving new best model at 415000 timesteps.
Saving new best model in simulation/experiments/1q/model_5.
Timesteps/1000: 420.0
Reward: 30.9815
Test set Fidelity: 0.9890 std: 0.0064
Timesteps/1000: 425.0
Reward: 31.4624
Test set Fidelity: 0.9890 std: 0.0068
Timesteps/1000: 430.0
Reward: 25.3631
Test set Fidelity: 0.9876 std: 0.0079
Timesteps/1000: 435.0
Reward: 26.6370
Test set Fidelity: 0.9883 std: 0.0069
Timesteps/1000: 440.0
Reward: 27.3988
Test set Fidelity: 0.9885 std: 0.0068
Timesteps/1000: 445.0
Reward: 31.6041
Test set Fidelity: 0.9892 std: 0.0063
Timesteps/1000: 450.0
Reward: 31.2285
Test set Fidelity: 0.9893 std: 0.0063
Timesteps/1000: 455.0
Reward: 48.3490
Test set Fidelity: 0.9907 std: 0.0058
Timesteps/1000: 460.0
Reward: 37.7669
Test set Fidelity: 0.9896 std: 0.0065
Timesteps/1000: 465.0
Reward: 38.1907
Test set Fidelity: 0.9902 std: 0.0057
Timesteps/1000: 470.0
Reward: 39.0677
Test set Fidelity: 0.9909 std: 0.0051
Saving new best model at 470000 timesteps.
Saving new best model in simulation/experiments/1q/model_5.
Timesteps/1000: 475.0
Reward: 42.4573
Test set Fidelity: 0.9909 std: 0.0053
Saving new best model at 475000 timesteps.
Saving new best model in simulation/experiments/1q/model_5.
Timesteps/1000: 480.0
Reward: 36.4826
Test set Fidelity: 0.9909 std: 0.0053
Timesteps/1000: 485.0
Reward: 45.0839
Test set Fidelity: 0.9915 std: 0.0048
Saving new best model at 485000 timesteps.
Saving new best model in simulation/experiments/1q/model_5.
Timesteps/1000: 490.0
Reward: 32.5853
Test set Fidelity: 0.9912 std: 0.0047
Timesteps/1000: 495.0
Reward: 33.3262
Test set Fidelity: 0.9916 std: 0.0045
Saving new best model at 495000 timesteps.
Saving new best model in simulation/experiments/1q/model_5.
Timesteps/1000: 500.0
Reward: 36.6344
Test set Fidelity: 0.9916 std: 0.0045
Saving new best model at 500000 timesteps.
Saving new best model in simulation/experiments/1q/model_5.
Timesteps/1000: 505.0
Reward: 37.9344
Test set Fidelity: 0.9918 std: 0.0045
Saving new best model at 505000 timesteps.
Saving new best model in simulation/experiments/1q/model_5.
Timesteps/1000: 510.0
Reward: 42.0832
Test set Fidelity: 0.9918 std: 0.0048
Saving new best model at 510000 timesteps.
Saving new best model in simulation/experiments/1q/model_5.
Timesteps/1000: 515.0
Reward: 47.8327
Test set Fidelity: 0.9918 std: 0.0049
Saving new best model at 515000 timesteps.
Saving new best model in simulation/experiments/1q/model_5.
Timesteps/1000: 520.0
Reward: 43.5863
Test set Fidelity: 0.9916 std: 0.0047
Timesteps/1000: 525.0
Reward: 50.4885
Test set Fidelity: 0.9911 std: 0.0052
Timesteps/1000: 530.0
Reward: 46.3486
Test set Fidelity: 0.9907 std: 0.0055
Timesteps/1000: 535.0
Reward: 37.4358
Test set Fidelity: 0.9902 std: 0.0058
Timesteps/1000: 540.0
Reward: 49.2796
Test set Fidelity: 0.9910 std: 0.0054
Timesteps/1000: 545.0
Reward: 65.8898
Test set Fidelity: 0.9916 std: 0.0050
Timesteps/1000: 550.0
Reward: 60.6257
Test set Fidelity: 0.9922 std: 0.0044
Saving new best model at 550000 timesteps.
Saving new best model in simulation/experiments/1q/model_5.
Timesteps/1000: 555.0
Reward: 59.1866
Test set Fidelity: 0.9923 std: 0.0043
Saving new best model at 555000 timesteps.
Saving new best model in simulation/experiments/1q/model_5.
Timesteps/1000: 560.0
Reward: 59.9713
Test set Fidelity: 0.9922 std: 0.0048
Timesteps/1000: 565.0
Reward: 50.1022
Test set Fidelity: 0.9920 std: 0.0050
Timesteps/1000: 570.0
Reward: 46.6645
Test set Fidelity: 0.9912 std: 0.0052
Timesteps/1000: 575.0
Reward: 49.2894
Test set Fidelity: 0.9926 std: 0.0043
Saving new best model at 575000 timesteps.
Saving new best model in simulation/experiments/1q/model_5.
Timesteps/1000: 580.0
Reward: 48.5733
Test set Fidelity: 0.9928 std: 0.0042
Saving new best model at 580000 timesteps.
Saving new best model in simulation/experiments/1q/model_5.
Timesteps/1000: 585.0
Reward: 89.7248
Test set Fidelity: 0.9930 std: 0.0043
Saving new best model at 585000 timesteps.
Saving new best model in simulation/experiments/1q/model_5.
Timesteps/1000: 590.0
Reward: 94.1494
Test set Fidelity: 0.9928 std: 0.0043
Timesteps/1000: 595.0
Reward: 107.8278
Test set Fidelity: 0.9928 std: 0.0044
Timesteps/1000: 600.0
Reward: 97.2014
Test set Fidelity: 0.9926 std: 0.0045
Timesteps/1000: 605.0
Reward: 53.7056
Test set Fidelity: 0.9928 std: 0.0043
Timesteps/1000: 610.0
Reward: 48.5385
Test set Fidelity: 0.9929 std: 0.0047
Timesteps/1000: 615.0
Reward: 60.8209
Test set Fidelity: 0.9928 std: 0.0046
Timesteps/1000: 620.0
Reward: 45.2034
Test set Fidelity: 0.9925 std: 0.0046
Timesteps/1000: 625.0
Reward: 48.9852
Test set Fidelity: 0.9925 std: 0.0050
Timesteps/1000: 630.0
Reward: 38.3567
Test set Fidelity: 0.9922 std: 0.0055
Timesteps/1000: 635.0
Reward: 41.8177
Test set Fidelity: 0.9921 std: 0.0059
Timesteps/1000: 640.0
Reward: 50.0173
Test set Fidelity: 0.9919 std: 0.0058
Timesteps/1000: 645.0
Reward: 69.9248
Test set Fidelity: 0.9922 std: 0.0053
Timesteps/1000: 650.0
Reward: 40.8169
Test set Fidelity: 0.9919 std: 0.0058
Timesteps/1000: 655.0
Reward: 35.4313
Test set Fidelity: 0.9917 std: 0.0058
Timesteps/1000: 660.0
Reward: 31.3454
Test set Fidelity: 0.9918 std: 0.0056
Timesteps/1000: 665.0
Reward: 51.5299
Test set Fidelity: 0.9919 std: 0.0053
Timesteps/1000: 670.0
Reward: 28.8568
Test set Fidelity: 0.9914 std: 0.0061
Timesteps/1000: 675.0
Reward: 37.9534
Test set Fidelity: 0.9917 std: 0.0055
Timesteps/1000: 680.0
Reward: 31.2265
Test set Fidelity: 0.9917 std: 0.0055
Timesteps/1000: 685.0
Reward: 35.8221
Test set Fidelity: 0.9920 std: 0.0050
Timesteps/1000: 690.0
Reward: 32.4571
Test set Fidelity: 0.9919 std: 0.0050
Timesteps/1000: 695.0
Reward: 41.3598
Test set Fidelity: 0.9919 std: 0.0052
Timesteps/1000: 700.0
Reward: 35.2891
Test set Fidelity: 0.9920 std: 0.0050
Timesteps/1000: 705.0
Reward: 39.7210
Test set Fidelity: 0.9919 std: 0.0052
Timesteps/1000: 710.0
Reward: 43.2081
Test set Fidelity: 0.9920 std: 0.0051
Timesteps/1000: 715.0
Reward: 42.6553
Test set Fidelity: 0.9924 std: 0.0049
Timesteps/1000: 720.0
Reward: 47.7904
Test set Fidelity: 0.9925 std: 0.0050
Timesteps/1000: 725.0
Reward: 61.4512
Test set Fidelity: 0.9926 std: 0.0053
Timesteps/1000: 730.0
Reward: 48.3869
Test set Fidelity: 0.9926 std: 0.0049
Timesteps/1000: 735.0
Reward: 47.2373
Test set Fidelity: 0.9926 std: 0.0050
Timesteps/1000: 740.0
Reward: 48.5784
Test set Fidelity: 0.9925 std: 0.0052
Timesteps/1000: 745.0
Reward: 52.7170
Test set Fidelity: 0.9924 std: 0.0053
Timesteps/1000: 750.0
Reward: 47.2227
Test set Fidelity: 0.9925 std: 0.0050
Timesteps/1000: 755.0
Reward: 43.5889
Test set Fidelity: 0.9925 std: 0.0050
Timesteps/1000: 760.0
Reward: 38.8626
Test set Fidelity: 0.9923 std: 0.0051
Timesteps/1000: 765.0
Reward: 40.3916
Test set Fidelity: 0.9920 std: 0.0057
Timesteps/1000: 770.0
Reward: 43.3203
Test set Fidelity: 0.9913 std: 0.0061
Timesteps/1000: 775.0
Reward: 49.9601
Test set Fidelity: 0.9910 std: 0.0066
Timesteps/1000: 780.0
Reward: 44.1068
Test set Fidelity: 0.9911 std: 0.0066
Timesteps/1000: 785.0
Reward: 77.4429
Test set Fidelity: 0.9914 std: 0.0066
Timesteps/1000: 790.0
Reward: 42.0713
Test set Fidelity: 0.9916 std: 0.0060
Timesteps/1000: 795.0
Reward: 40.6329
Test set Fidelity: 0.9915 std: 0.0059
Timesteps/1000: 800.0
Reward: 37.2826
Test set Fidelity: 0.9915 std: 0.0055
Timesteps/1000: 805.0
Reward: 40.8267
Test set Fidelity: 0.9916 std: 0.0055
Timesteps/1000: 810.0
Reward: 37.3967
Test set Fidelity: 0.9917 std: 0.0053
Timesteps/1000: 815.0
Reward: 216.7039
Test set Fidelity: 0.9916 std: 0.0058
Timesteps/1000: 820.0
Reward: 689.3279
Test set Fidelity: 0.9915 std: 0.0058
Timesteps/1000: 825.0
Reward: 63.8335
Test set Fidelity: 0.9916 std: 0.0055
Timesteps/1000: 830.0
Reward: 230.6656
Test set Fidelity: 0.9917 std: 0.0056
Timesteps/1000: 835.0
Reward: 67.5378
Test set Fidelity: 0.9915 std: 0.0056
Timesteps/1000: 840.0
Reward: 48.4156
Test set Fidelity: 0.9915 std: 0.0054
Timesteps/1000: 845.0
Reward: 41.5428
Test set Fidelity: 0.9913 std: 0.0061
Timesteps/1000: 850.0
Reward: 36.3039
Test set Fidelity: 0.9914 std: 0.0058
Timesteps/1000: 855.0
Reward: 40.5077
Test set Fidelity: 0.9916 std: 0.0057
Timesteps/1000: 860.0
Reward: 38.8648
Test set Fidelity: 0.9916 std: 0.0053
Timesteps/1000: 865.0
Reward: 41.5875
Test set Fidelity: 0.9916 std: 0.0055
Timesteps/1000: 870.0
Reward: 43.6367
Test set Fidelity: 0.9916 std: 0.0053
Timesteps/1000: 875.0
Reward: 40.6498
Test set Fidelity: 0.9916 std: 0.0053
Timesteps/1000: 880.0
Reward: 48.0518
Test set Fidelity: 0.9916 std: 0.0056
Timesteps/1000: 885.0
Reward: 56.2211
Test set Fidelity: 0.9916 std: 0.0054
Timesteps/1000: 890.0
Reward: 68.6449
Test set Fidelity: 0.9916 std: 0.0055
Timesteps/1000: 895.0
Reward: 72.9152
Test set Fidelity: 0.9917 std: 0.0055
Timesteps/1000: 900.0
Reward: 82.7319
Test set Fidelity: 0.9916 std: 0.0056
Timesteps/1000: 905.0
Reward: 57.5444
Test set Fidelity: 0.9915 std: 0.0057
Timesteps/1000: 910.0
Reward: 56.0334
Test set Fidelity: 0.9915 std: 0.0058
Timesteps/1000: 915.0
Reward: 54.5725
Test set Fidelity: 0.9914 std: 0.0058
Timesteps/1000: 920.0
Reward: 67.4988
Test set Fidelity: 0.9915 std: 0.0059
Timesteps/1000: 925.0
Reward: 63.5785
Test set Fidelity: 0.9914 std: 0.0059
Timesteps/1000: 930.0
Reward: 73.5505
Test set Fidelity: 0.9914 std: 0.0059
Timesteps/1000: 935.0
Reward: 41.7617
Test set Fidelity: 0.9915 std: 0.0057
Timesteps/1000: 940.0
Reward: 45.3499
Test set Fidelity: 0.9915 std: 0.0058
Timesteps/1000: 945.0
Reward: 41.2344
Test set Fidelity: 0.9913 std: 0.0059
Timesteps/1000: 950.0
Reward: 44.6736
Test set Fidelity: 0.9912 std: 0.0059
Timesteps/1000: 955.0
Reward: 47.8682
Test set Fidelity: 0.9914 std: 0.0061
Timesteps/1000: 960.0
Reward: 43.3589
Test set Fidelity: 0.9914 std: 0.0063
Timesteps/1000: 965.0
Reward: 54.5288
Test set Fidelity: 0.9913 std: 0.0062
Timesteps/1000: 970.0
Reward: 49.8988
Test set Fidelity: 0.9913 std: 0.0063
Timesteps/1000: 975.0
Reward: 49.3154
Test set Fidelity: 0.9914 std: 0.0062
Timesteps/1000: 980.0
Reward: 44.1092
Test set Fidelity: 0.9914 std: 0.0062
Timesteps/1000: 985.0
Reward: 42.5317
Test set Fidelity: 0.9913 std: 0.0062
Timesteps/1000: 990.0
Reward: 53.1848
Test set Fidelity: 0.9912 std: 0.0062
Timesteps/1000: 995.0
Reward: 42.4713
Test set Fidelity: 0.9910 std: 0.0063
Timesteps/1000: 1000.0
Reward: 47.0513
Test set Fidelity: 0.9911 std: 0.0060
 100% ━━━━━━━━━━━━━━━━━━━━ 1,000,000/1,000,000  [ 0:27:08 < 0:00:00 , 680 it/s ]
