[Qibo 0.2.7|INFO|2024-06-05 17:00:54]: Using qibojit (numba) backend on /CPU:0
Timesteps/1000: 0.001
Reward: 2.2141
Test set Fidelity: 0.8879 std: 0.0382
Saving new best model at 1 timesteps.
Saving new best model in simulation/experiments/1q/model_5.
Timesteps/1000: 5.0
Reward: 2.1547
Test set Fidelity: 0.8557 std: 0.0424
Timesteps/1000: 10.0
Reward: 2.2533
Test set Fidelity: 0.8585 std: 0.0398
Timesteps/1000: 15.0
Reward: 2.1741
Test set Fidelity: 0.8564 std: 0.0416
Timesteps/1000: 20.0
Reward: 2.1781
Test set Fidelity: 0.8565 std: 0.0414
Timesteps/1000: 25.0
Reward: 2.1434
Test set Fidelity: 0.8553 std: 0.0428
Timesteps/1000: 30.0
Reward: 2.1401
Test set Fidelity: 0.8552 std: 0.0429
Timesteps/1000: 35.0
Reward: 2.2754
Test set Fidelity: 0.8911 std: 0.0405
Saving new best model at 35000 timesteps.
Saving new best model in simulation/experiments/1q/model_5.
Timesteps/1000: 40.0
Reward: 2.8785
Test set Fidelity: 0.9239 std: 0.0411
Saving new best model at 40000 timesteps.
Saving new best model in simulation/experiments/1q/model_5.
Timesteps/1000: 45.0
Reward: 2.5388
Test set Fidelity: 0.9104 std: 0.0410
Timesteps/1000: 50.0
Reward: 2.5870
Test set Fidelity: 0.9125 std: 0.0396
Timesteps/1000: 55.0
Reward: 2.2459
Test set Fidelity: 0.8694 std: 0.0374
Timesteps/1000: 60.0
Reward: 2.3178
Test set Fidelity: 0.8635 std: 0.0375
Timesteps/1000: 65.0
Reward: 2.5045
Test set Fidelity: 0.8913 std: 0.0239
Timesteps/1000: 70.0
Reward: 2.4630
Test set Fidelity: 0.8806 std: 0.0235
Timesteps/1000: 75.0
Reward: 2.6210
Test set Fidelity: 0.8946 std: 0.0222
Timesteps/1000: 80.0
Reward: 2.7311
Test set Fidelity: 0.9001 std: 0.0210
Timesteps/1000: 85.0
Reward: 2.6995
Test set Fidelity: 0.9063 std: 0.0188
Timesteps/1000: 90.0
Reward: 2.6771
Test set Fidelity: 0.9044 std: 0.0227
Timesteps/1000: 95.0
Reward: 2.5073
Test set Fidelity: 0.9056 std: 0.0225
Timesteps/1000: 100.0
Reward: 2.8341
Test set Fidelity: 0.9199 std: 0.0284
Timesteps/1000: 105.0
Reward: 2.9458
Test set Fidelity: 0.9279 std: 0.0209
Saving new best model at 105000 timesteps.
Saving new best model in simulation/experiments/1q/model_5.
Timesteps/1000: 110.0
Reward: 3.8685
Test set Fidelity: 0.9468 std: 0.0213
Saving new best model at 110000 timesteps.
Saving new best model in simulation/experiments/1q/model_5.
Timesteps/1000: 115.0
Reward: 3.3046
Test set Fidelity: 0.9291 std: 0.0283
Timesteps/1000: 120.0
Reward: 3.4843
Test set Fidelity: 0.9315 std: 0.0286
Timesteps/1000: 125.0
Reward: 4.6900
Test set Fidelity: 0.9482 std: 0.0277
Saving new best model at 125000 timesteps.
Saving new best model in simulation/experiments/1q/model_5.
Timesteps/1000: 130.0
Reward: 4.6706
Test set Fidelity: 0.9502 std: 0.0237
Saving new best model at 130000 timesteps.
Saving new best model in simulation/experiments/1q/model_5.
Timesteps/1000: 135.0
Reward: 6.5378
Test set Fidelity: 0.9575 std: 0.0251
Saving new best model at 135000 timesteps.
Saving new best model in simulation/experiments/1q/model_5.
Timesteps/1000: 140.0
Reward: 7.4285
Test set Fidelity: 0.9599 std: 0.0241
Saving new best model at 140000 timesteps.
Saving new best model in simulation/experiments/1q/model_5.
Timesteps/1000: 145.0
Reward: 5.9125
Test set Fidelity: 0.9524 std: 0.0278
Timesteps/1000: 150.0
Reward: 4.3906
Test set Fidelity: 0.9406 std: 0.0299
Timesteps/1000: 155.0
Reward: 3.8414
Test set Fidelity: 0.9321 std: 0.0304
Timesteps/1000: 160.0
Reward: 5.1706
Test set Fidelity: 0.9471 std: 0.0296
Timesteps/1000: 165.0
Reward: 5.7797
Test set Fidelity: 0.9525 std: 0.0261
Timesteps/1000: 170.0
Reward: 5.7013
Test set Fidelity: 0.9526 std: 0.0254
Timesteps/1000: 175.0
Reward: 9.7084
Test set Fidelity: 0.9610 std: 0.0245
Saving new best model at 175000 timesteps.
Saving new best model in simulation/experiments/1q/model_5.
Timesteps/1000: 180.0
Reward: 6.9637
Test set Fidelity: 0.9569 std: 0.0259
Timesteps/1000: 185.0
Reward: 5.3893
Test set Fidelity: 0.9535 std: 0.0242
Timesteps/1000: 190.0
Reward: 5.0410
Test set Fidelity: 0.9519 std: 0.0255
Timesteps/1000: 195.0
Reward: 4.3094
Test set Fidelity: 0.9453 std: 0.0254
Timesteps/1000: 200.0
Reward: 4.1309
Test set Fidelity: 0.9409 std: 0.0272
Timesteps/1000: 205.0
Reward: 5.6111
Test set Fidelity: 0.9613 std: 0.0177
Saving new best model at 205000 timesteps.
Saving new best model in simulation/experiments/1q/model_5.
Timesteps/1000: 210.0
Reward: 6.2485
Test set Fidelity: 0.9596 std: 0.0220
Timesteps/1000: 215.0
Reward: 15.1330
Test set Fidelity: 0.9696 std: 0.0210
Saving new best model at 215000 timesteps.
Saving new best model in simulation/experiments/1q/model_5.
Timesteps/1000: 220.0
Reward: 16.1736
Test set Fidelity: 0.9721 std: 0.0213
Saving new best model at 220000 timesteps.
Saving new best model in simulation/experiments/1q/model_5.
Timesteps/1000: 225.0
Reward: 19.3099
Test set Fidelity: 0.9727 std: 0.0221
Saving new best model at 225000 timesteps.
Saving new best model in simulation/experiments/1q/model_5.
Timesteps/1000: 230.0
Reward: 13.5593
Test set Fidelity: 0.9669 std: 0.0249
Timesteps/1000: 235.0
Reward: 6.5033
Test set Fidelity: 0.9598 std: 0.0244
Timesteps/1000: 240.0
Reward: 8.0978
Test set Fidelity: 0.9618 std: 0.0271
Timesteps/1000: 245.0
Reward: 21.4997
Test set Fidelity: 0.9708 std: 0.0248
Timesteps/1000: 250.0
Reward: 8.5537
Test set Fidelity: 0.9630 std: 0.0260
Timesteps/1000: 255.0
Reward: 13.1916
Test set Fidelity: 0.9685 std: 0.0245
Timesteps/1000: 260.0
Reward: 20.5907
Test set Fidelity: 0.9762 std: 0.0210
Saving new best model at 260000 timesteps.
Saving new best model in simulation/experiments/1q/model_5.
Timesteps/1000: 265.0
Reward: 12.4183
Test set Fidelity: 0.9694 std: 0.0232
Timesteps/1000: 270.0
Reward: 10.2665
Test set Fidelity: 0.9657 std: 0.0253
Timesteps/1000: 275.0
Reward: 9.2331
Test set Fidelity: 0.9642 std: 0.0264
Timesteps/1000: 280.0
Reward: 24.8527
Test set Fidelity: 0.9736 std: 0.0233
Timesteps/1000: 285.0
Reward: 28.2731
Test set Fidelity: 0.9760 std: 0.0212
Timesteps/1000: 290.0
Reward: 12.5987
Test set Fidelity: 0.9687 std: 0.0237
Timesteps/1000: 295.0
Reward: 6.5060
Test set Fidelity: 0.9598 std: 0.0247
Timesteps/1000: 300.0
Reward: 12.1895
Test set Fidelity: 0.9730 std: 0.0190
Timesteps/1000: 305.0
Reward: 10.7845
Test set Fidelity: 0.9763 std: 0.0148
Saving new best model at 305000 timesteps.
Saving new best model in simulation/experiments/1q/model_5.
Timesteps/1000: 310.0
Reward: 11.9322
Test set Fidelity: 0.9782 std: 0.0142
Saving new best model at 310000 timesteps.
Saving new best model in simulation/experiments/1q/model_5.
Timesteps/1000: 315.0
Reward: 8.6167
Test set Fidelity: 0.9730 std: 0.0149
Timesteps/1000: 320.0
Reward: 6.9570
Test set Fidelity: 0.9704 std: 0.0136
Timesteps/1000: 325.0
Reward: 9.9349
Test set Fidelity: 0.9801 std: 0.0097
Saving new best model at 325000 timesteps.
Saving new best model in simulation/experiments/1q/model_5.
Timesteps/1000: 330.0
Reward: 8.2468
Test set Fidelity: 0.9773 std: 0.0100
Timesteps/1000: 335.0
Reward: 9.9982
Test set Fidelity: 0.9797 std: 0.0100
Timesteps/1000: 340.0
Reward: 7.2870
Test set Fidelity: 0.9745 std: 0.0103
Timesteps/1000: 345.0
Reward: 5.2628
Test set Fidelity: 0.9612 std: 0.0127
Timesteps/1000: 350.0
Reward: 5.5365
Test set Fidelity: 0.9641 std: 0.0122
Timesteps/1000: 355.0
Reward: 6.9419
Test set Fidelity: 0.9731 std: 0.0110
Timesteps/1000: 360.0
Reward: 8.7679
Test set Fidelity: 0.9791 std: 0.0093
Timesteps/1000: 365.0
Reward: 7.7051
Test set Fidelity: 0.9756 std: 0.0110
Timesteps/1000: 370.0
Reward: 6.9992
Test set Fidelity: 0.9722 std: 0.0116
Timesteps/1000: 375.0
Reward: 10.5558
Test set Fidelity: 0.9825 std: 0.0085
Saving new best model at 375000 timesteps.
Saving new best model in simulation/experiments/1q/model_5.
Timesteps/1000: 380.0
Reward: 20.9199
Test set Fidelity: 0.9870 std: 0.0080
Saving new best model at 380000 timesteps.
Saving new best model in simulation/experiments/1q/model_5.
Timesteps/1000: 385.0
Reward: 29.3272
Test set Fidelity: 0.9852 std: 0.0103
Timesteps/1000: 390.0
Reward: 23.2882
Test set Fidelity: 0.9872 std: 0.0079
Saving new best model at 390000 timesteps.
Saving new best model in simulation/experiments/1q/model_5.
Timesteps/1000: 395.0
Reward: 21.3092
Test set Fidelity: 0.9884 std: 0.0068
Saving new best model at 395000 timesteps.
Saving new best model in simulation/experiments/1q/model_5.
Timesteps/1000: 400.0
Reward: 11.8012
Test set Fidelity: 0.9839 std: 0.0080
Timesteps/1000: 405.0
Reward: 9.9030
Test set Fidelity: 0.9809 std: 0.0089
Timesteps/1000: 410.0
Reward: 14.1505
Test set Fidelity: 0.9855 std: 0.0076
Timesteps/1000: 415.0
Reward: 14.7952
Test set Fidelity: 0.9858 std: 0.0076
Timesteps/1000: 420.0
Reward: 19.1397
Test set Fidelity: 0.9871 std: 0.0073
Timesteps/1000: 425.0
Reward: 21.6392
Test set Fidelity: 0.9886 std: 0.0063
Saving new best model at 425000 timesteps.
Saving new best model in simulation/experiments/1q/model_5.
Timesteps/1000: 430.0
Reward: 11.3878
Test set Fidelity: 0.9829 std: 0.0084
Timesteps/1000: 435.0
Reward: 11.0341
Test set Fidelity: 0.9813 std: 0.0094
Timesteps/1000: 440.0
Reward: 14.5797
Test set Fidelity: 0.9843 std: 0.0082
Timesteps/1000: 445.0
Reward: 18.7326
Test set Fidelity: 0.9868 std: 0.0074
Timesteps/1000: 450.0
Reward: 35.2028
Test set Fidelity: 0.9903 std: 0.0059
Saving new best model at 450000 timesteps.
Saving new best model in simulation/experiments/1q/model_5.
Timesteps/1000: 455.0
Reward: 15.7490
Test set Fidelity: 0.9849 std: 0.0082
Timesteps/1000: 460.0
Reward: 19.0860
Test set Fidelity: 0.9858 std: 0.0078
Timesteps/1000: 465.0
Reward: 23.1602
Test set Fidelity: 0.9880 std: 0.0068
Timesteps/1000: 470.0
Reward: 20.0656
Test set Fidelity: 0.9875 std: 0.0072
Timesteps/1000: 475.0
Reward: 16.5772
Test set Fidelity: 0.9860 std: 0.0076
Timesteps/1000: 480.0
Reward: 16.4102
Test set Fidelity: 0.9861 std: 0.0077
Timesteps/1000: 485.0
Reward: 12.1013
Test set Fidelity: 0.9841 std: 0.0084
Timesteps/1000: 490.0
Reward: 10.2862
Test set Fidelity: 0.9824 std: 0.0087
Timesteps/1000: 495.0
Reward: 27.1580
Test set Fidelity: 0.9876 std: 0.0079
Timesteps/1000: 500.0
Reward: 10.3593
Test set Fidelity: 0.9822 std: 0.0090
Timesteps/1000: 505.0
Reward: 14.4544
Test set Fidelity: 0.9864 std: 0.0078
Timesteps/1000: 510.0
Reward: 10.0152
Test set Fidelity: 0.9823 std: 0.0090
Timesteps/1000: 515.0
Reward: 28.2066
Test set Fidelity: 0.9897 std: 0.0067
Timesteps/1000: 520.0
Reward: 24.0336
Test set Fidelity: 0.9897 std: 0.0067
Timesteps/1000: 525.0
Reward: 17.7335
Test set Fidelity: 0.9882 std: 0.0072
Timesteps/1000: 530.0
Reward: 22.0885
Test set Fidelity: 0.9895 std: 0.0067
Timesteps/1000: 535.0
Reward: 15.5773
Test set Fidelity: 0.9870 std: 0.0075
Timesteps/1000: 540.0
Reward: 10.5137
Test set Fidelity: 0.9827 std: 0.0085
Timesteps/1000: 545.0
Reward: 13.1110
Test set Fidelity: 0.9853 std: 0.0081
Timesteps/1000: 550.0
Reward: 10.5006
Test set Fidelity: 0.9821 std: 0.0088
Timesteps/1000: 555.0
Reward: 8.0132
Test set Fidelity: 0.9769 std: 0.0108
Timesteps/1000: 560.0
Reward: 8.3155
Test set Fidelity: 0.9783 std: 0.0101
Timesteps/1000: 565.0
Reward: 11.3869
Test set Fidelity: 0.9838 std: 0.0087
Timesteps/1000: 570.0
Reward: 14.3251
Test set Fidelity: 0.9860 std: 0.0078
Timesteps/1000: 575.0
Reward: 17.5600
Test set Fidelity: 0.9877 std: 0.0072
Timesteps/1000: 580.0
Reward: 10.4500
Test set Fidelity: 0.9824 std: 0.0088
Timesteps/1000: 585.0
Reward: 12.4308
Test set Fidelity: 0.9848 std: 0.0082
Timesteps/1000: 590.0
Reward: 26.7375
Test set Fidelity: 0.9898 std: 0.0065
Timesteps/1000: 595.0
Reward: 19.1224
Test set Fidelity: 0.9883 std: 0.0072
Timesteps/1000: 600.0
Reward: 14.6361
Test set Fidelity: 0.9862 std: 0.0079
Timesteps/1000: 605.0
Reward: 36.1590
Test set Fidelity: 0.9887 std: 0.0071
Timesteps/1000: 610.0
Reward: 34.4822
Test set Fidelity: 0.9899 std: 0.0063
Timesteps/1000: 615.0
Reward: 18.4137
Test set Fidelity: 0.9881 std: 0.0073
Timesteps/1000: 620.0
Reward: 22.1295
Test set Fidelity: 0.9892 std: 0.0069
Timesteps/1000: 625.0
Reward: 20.3513
Test set Fidelity: 0.9887 std: 0.0070
Timesteps/1000: 630.0
Reward: 26.3884
Test set Fidelity: 0.9902 std: 0.0063
Timesteps/1000: 635.0
Reward: 15.5721
Test set Fidelity: 0.9863 std: 0.0078
Timesteps/1000: 640.0
Reward: 10.6611
Test set Fidelity: 0.9814 std: 0.0092
Timesteps/1000: 645.0
Reward: 25.7495
Test set Fidelity: 0.9892 std: 0.0065
Timesteps/1000: 650.0
Reward: 15.2362
Test set Fidelity: 0.9872 std: 0.0073
Timesteps/1000: 655.0
Reward: 10.3264
Test set Fidelity: 0.9824 std: 0.0089
Timesteps/1000: 660.0
Reward: 11.1933
Test set Fidelity: 0.9840 std: 0.0085
Timesteps/1000: 665.0
Reward: 10.5760
Test set Fidelity: 0.9835 std: 0.0085
Timesteps/1000: 670.0
Reward: 10.2853
Test set Fidelity: 0.9827 std: 0.0086
Timesteps/1000: 675.0
Reward: 13.8905
Test set Fidelity: 0.9857 std: 0.0083
Timesteps/1000: 680.0
Reward: 16.7059
Test set Fidelity: 0.9879 std: 0.0076
Timesteps/1000: 685.0
Reward: 15.2101
Test set Fidelity: 0.9870 std: 0.0079
Timesteps/1000: 690.0
Reward: 16.4220
Test set Fidelity: 0.9874 std: 0.0079
Timesteps/1000: 695.0
Reward: 18.9177
Test set Fidelity: 0.9844 std: 0.0110
Timesteps/1000: 700.0
Reward: 16.0742
Test set Fidelity: 0.9829 std: 0.0121
Timesteps/1000: 705.0
Reward: 15.8853
Test set Fidelity: 0.9825 std: 0.0125
Timesteps/1000: 710.0
Reward: 12.9149
Test set Fidelity: 0.9802 std: 0.0137
Timesteps/1000: 715.0
Reward: 18.3370
Test set Fidelity: 0.9809 std: 0.0142
Timesteps/1000: 720.0
Reward: 34.5958
Test set Fidelity: 0.9850 std: 0.0112
Timesteps/1000: 725.0
Reward: 10.8572
Test set Fidelity: 0.9806 std: 0.0111
Timesteps/1000: 730.0
Reward: 10.7575
Test set Fidelity: 0.9824 std: 0.0091
Timesteps/1000: 735.0
Reward: 9.9317
Test set Fidelity: 0.9818 std: 0.0086
Timesteps/1000: 740.0
Reward: 16.5253
Test set Fidelity: 0.9853 std: 0.0089
Timesteps/1000: 745.0
Reward: 22.8981
Test set Fidelity: 0.9836 std: 0.0112
Timesteps/1000: 750.0
Reward: 87.4469
Test set Fidelity: 0.9842 std: 0.0122
Timesteps/1000: 755.0
Reward: 38.7709
Test set Fidelity: 0.9846 std: 0.0114
Timesteps/1000: 760.0
Reward: 170.1059
Test set Fidelity: 0.9855 std: 0.0124
Timesteps/1000: 765.0
Reward: 100.1982
Test set Fidelity: 0.9873 std: 0.0099
Timesteps/1000: 770.0
Reward: 23.6216
Test set Fidelity: 0.9842 std: 0.0105
Timesteps/1000: 775.0
Reward: 21.5036
Test set Fidelity: 0.9848 std: 0.0096
Timesteps/1000: 780.0
Reward: 22.7406
Test set Fidelity: 0.9835 std: 0.0107
Timesteps/1000: 785.0
Reward: 24.9780
Test set Fidelity: 0.9859 std: 0.0089
Timesteps/1000: 790.0
Reward: 16.6835
Test set Fidelity: 0.9840 std: 0.0090
Timesteps/1000: 795.0
Reward: 13.9872
Test set Fidelity: 0.9799 std: 0.0115
Timesteps/1000: 800.0
Reward: 16.3796
Test set Fidelity: 0.9799 std: 0.0127
Timesteps/1000: 805.0
Reward: 18.5913
Test set Fidelity: 0.9796 std: 0.0136
Timesteps/1000: 810.0
Reward: 30.9076
Test set Fidelity: 0.9830 std: 0.0118
Timesteps/1000: 815.0
Reward: 30.4395
Test set Fidelity: 0.9845 std: 0.0103
Timesteps/1000: 820.0
Reward: 35.9979
Test set Fidelity: 0.9856 std: 0.0093
Timesteps/1000: 825.0
Reward: 107.6259
Test set Fidelity: 0.9878 std: 0.0087
Timesteps/1000: 830.0
Reward: 110.1302
Test set Fidelity: 0.9882 std: 0.0085
Timesteps/1000: 835.0
Reward: 38.0593
Test set Fidelity: 0.9844 std: 0.0113
Timesteps/1000: 840.0
Reward: 20.6039
Test set Fidelity: 0.9809 std: 0.0130
Timesteps/1000: 845.0
Reward: 20.2704
Test set Fidelity: 0.9842 std: 0.0096
Timesteps/1000: 850.0
Reward: 18.9328
Test set Fidelity: 0.9820 std: 0.0116
Timesteps/1000: 855.0
Reward: 17.4673
Test set Fidelity: 0.9805 std: 0.0122
Timesteps/1000: 860.0
Reward: 51.6399
Test set Fidelity: 0.9856 std: 0.0101
Timesteps/1000: 865.0
Reward: 53.3202
Test set Fidelity: 0.9888 std: 0.0082
Timesteps/1000: 870.0
Reward: 56.5116
Test set Fidelity: 0.9918 std: 0.0065
Saving new best model at 870000 timesteps.
Saving new best model in simulation/experiments/1q/model_5.
Timesteps/1000: 875.0
Reward: 70.9955
Test set Fidelity: 0.9917 std: 0.0065
Timesteps/1000: 880.0
Reward: 49.1915
Test set Fidelity: 0.9891 std: 0.0073
Timesteps/1000: 885.0
Reward: 32.0876
Test set Fidelity: 0.9889 std: 0.0068
Timesteps/1000: 890.0
Reward: 73.7888
Test set Fidelity: 0.9907 std: 0.0058
Timesteps/1000: 895.0
Reward: 49.4205
Test set Fidelity: 0.9901 std: 0.0063
Timesteps/1000: 900.0
Reward: 46.0024
Test set Fidelity: 0.9901 std: 0.0063
Timesteps/1000: 905.0
Reward: 40.5730
Test set Fidelity: 0.9899 std: 0.0063
Timesteps/1000: 910.0
Reward: 57.7581
Test set Fidelity: 0.9900 std: 0.0058
Timesteps/1000: 915.0
Reward: 68.3627
Test set Fidelity: 0.9926 std: 0.0054
Saving new best model at 915000 timesteps.
Saving new best model in simulation/experiments/1q/model_5.
Timesteps/1000: 920.0
Reward: 78.6801
Test set Fidelity: 0.9931 std: 0.0051
Saving new best model at 920000 timesteps.
Saving new best model in simulation/experiments/1q/model_5.
Timesteps/1000: 925.0
Reward: 49.5580
Test set Fidelity: 0.9924 std: 0.0051
Timesteps/1000: 930.0
Reward: 48.1266
Test set Fidelity: 0.9918 std: 0.0053
Timesteps/1000: 935.0
Reward: 147.6999
Test set Fidelity: 0.9905 std: 0.0058
Timesteps/1000: 940.0
Reward: 105.6722
Test set Fidelity: 0.9905 std: 0.0060
Timesteps/1000: 945.0
Reward: 29.0578
Test set Fidelity: 0.9885 std: 0.0068
Timesteps/1000: 950.0
Reward: 110.3136
Test set Fidelity: 0.9905 std: 0.0063
Timesteps/1000: 955.0
Reward: 74.2077
Test set Fidelity: 0.9921 std: 0.0058
Timesteps/1000: 960.0
Reward: 69.3867
Test set Fidelity: 0.9920 std: 0.0060
Timesteps/1000: 965.0
Reward: 36.2526
Test set Fidelity: 0.9893 std: 0.0068
Timesteps/1000: 970.0
Reward: 73.7171
Test set Fidelity: 0.9903 std: 0.0068
Timesteps/1000: 975.0
Reward: 21.0925
Test set Fidelity: 0.9877 std: 0.0070
Timesteps/1000: 980.0
Reward: 21.1307
Test set Fidelity: 0.9865 std: 0.0080
Timesteps/1000: 985.0
Reward: 53.5569
Test set Fidelity: 0.9886 std: 0.0075
Timesteps/1000: 990.0
Reward: 30.2558
Test set Fidelity: 0.9872 std: 0.0080
Timesteps/1000: 995.0
Reward: 53.8708
Test set Fidelity: 0.9887 std: 0.0085
Timesteps/1000: 1000.0
Reward: 64.7810
Test set Fidelity: 0.9893 std: 0.0081
 100% ━━━━━━━━━━━━━━━━━━━━ 1,000,000/1,000,000  [ 0:26:49 < 0:00:00 , 639 it/s ]
