[Qibo 0.2.7|INFO|2024-05-24 13:08:12]: Using qibojit (numba) backend on /CPU:0
Timesteps/1000: 0.001
Reward: 0.3059
Test set Fidelity: 0.6092 std: 0.0950
Saving new best model at 1 timesteps.
Saving new best model in simulation/experiments/3q_2conv_2/model.
Timesteps/1000: 10.0
Reward: 0.3046
Test set Fidelity: 0.5677 std: 0.0995
Timesteps/1000: 20.0
Reward: 0.3201
Test set Fidelity: 0.6087 std: 0.0903
Timesteps/1000: 30.0
Reward: 0.3224
Test set Fidelity: 0.6238 std: 0.0909
Saving new best model at 30000 timesteps.
Saving new best model in simulation/experiments/3q_2conv_2/model.
Timesteps/1000: 40.0
Reward: 0.3326
Test set Fidelity: 0.6488 std: 0.0844
Saving new best model at 40000 timesteps.
Saving new best model in simulation/experiments/3q_2conv_2/model.
Timesteps/1000: 50.0
Reward: 0.3421
Test set Fidelity: 0.6697 std: 0.0848
Saving new best model at 50000 timesteps.
Saving new best model in simulation/experiments/3q_2conv_2/model.
Timesteps/1000: 60.0
Reward: 0.3617
Test set Fidelity: 0.7001 std: 0.0854
Saving new best model at 60000 timesteps.
Saving new best model in simulation/experiments/3q_2conv_2/model.
Timesteps/1000: 70.0
Reward: 0.3670
Test set Fidelity: 0.7037 std: 0.0848
Saving new best model at 70000 timesteps.
Saving new best model in simulation/experiments/3q_2conv_2/model.
Timesteps/1000: 80.0
Reward: 0.3786
Test set Fidelity: 0.7097 std: 0.0889
Saving new best model at 80000 timesteps.
Saving new best model in simulation/experiments/3q_2conv_2/model.
Timesteps/1000: 90.0
Reward: 0.4304
Test set Fidelity: 0.7522 std: 0.0826
Saving new best model at 90000 timesteps.
Saving new best model in simulation/experiments/3q_2conv_2/model.
Timesteps/1000: 100.0
Reward: 0.4403
Test set Fidelity: 0.7582 std: 0.0772
Saving new best model at 100000 timesteps.
Saving new best model in simulation/experiments/3q_2conv_2/model.
Timesteps/1000: 110.0
Reward: 0.5398
Test set Fidelity: 0.7973 std: 0.0781
Saving new best model at 110000 timesteps.
Saving new best model in simulation/experiments/3q_2conv_2/model.
Timesteps/1000: 120.0
Reward: 0.5381
Test set Fidelity: 0.8026 std: 0.0821
Saving new best model at 120000 timesteps.
Saving new best model in simulation/experiments/3q_2conv_2/model.
Timesteps/1000: 130.0
Reward: 0.5114
Test set Fidelity: 0.7869 std: 0.0933
Timesteps/1000: 140.0
Reward: 0.5492
Test set Fidelity: 0.8121 std: 0.0791
Saving new best model at 140000 timesteps.
Saving new best model in simulation/experiments/3q_2conv_2/model.
Timesteps/1000: 150.0
Reward: 0.5404
Test set Fidelity: 0.8127 std: 0.0761
Saving new best model at 150000 timesteps.
Saving new best model in simulation/experiments/3q_2conv_2/model.
Timesteps/1000: 160.0
Reward: 0.5937
Test set Fidelity: 0.8268 std: 0.0771
Saving new best model at 160000 timesteps.
Saving new best model in simulation/experiments/3q_2conv_2/model.
Timesteps/1000: 170.0
Reward: 0.7775
Test set Fidelity: 0.8718 std: 0.0585
Saving new best model at 170000 timesteps.
Saving new best model in simulation/experiments/3q_2conv_2/model.
Timesteps/1000: 180.0
Reward: 0.7300
Test set Fidelity: 0.8619 std: 0.0609
Timesteps/1000: 190.0
Reward: 0.8052
Test set Fidelity: 0.8809 std: 0.0491
Saving new best model at 190000 timesteps.
Saving new best model in simulation/experiments/3q_2conv_2/model.
Timesteps/1000: 200.0
Reward: 0.8694
Test set Fidelity: 0.8912 std: 0.0424
Saving new best model at 200000 timesteps.
Saving new best model in simulation/experiments/3q_2conv_2/model.
Timesteps/1000: 210.0
Reward: 0.9881
Test set Fidelity: 0.9016 std: 0.0385
Saving new best model at 210000 timesteps.
Saving new best model in simulation/experiments/3q_2conv_2/model.
Timesteps/1000: 220.0
Reward: 0.9969
Test set Fidelity: 0.8996 std: 0.0416
Timesteps/1000: 230.0
Reward: 1.1791
Test set Fidelity: 0.9114 std: 0.0396
Saving new best model at 230000 timesteps.
Saving new best model in simulation/experiments/3q_2conv_2/model.
Timesteps/1000: 240.0
Reward: 1.1344
Test set Fidelity: 0.9102 std: 0.0396
Timesteps/1000: 250.0
Reward: 1.3043
Test set Fidelity: 0.9240 std: 0.0352
Saving new best model at 250000 timesteps.
Saving new best model in simulation/experiments/3q_2conv_2/model.
Timesteps/1000: 260.0
Reward: 1.2789
Test set Fidelity: 0.9218 std: 0.0353
Timesteps/1000: 270.0
Reward: 1.6781
Test set Fidelity: 0.9376 std: 0.0302
Saving new best model at 270000 timesteps.
Saving new best model in simulation/experiments/3q_2conv_2/model.
Timesteps/1000: 280.0
Reward: 1.9752
Test set Fidelity: 0.9454 std: 0.0298
Saving new best model at 280000 timesteps.
Saving new best model in simulation/experiments/3q_2conv_2/model.
Timesteps/1000: 290.0
Reward: 2.3368
Test set Fidelity: 0.9548 std: 0.0250
Saving new best model at 290000 timesteps.
Saving new best model in simulation/experiments/3q_2conv_2/model.
Timesteps/1000: 300.0
Reward: 2.2768
Test set Fidelity: 0.9541 std: 0.0227
Timesteps/1000: 310.0
Reward: 1.8600
Test set Fidelity: 0.9448 std: 0.0260
Timesteps/1000: 320.0
Reward: 2.0481
Test set Fidelity: 0.9476 std: 0.0283
Timesteps/1000: 330.0
Reward: 2.0443
Test set Fidelity: 0.9474 std: 0.0273
Timesteps/1000: 340.0
Reward: 2.0209
Test set Fidelity: 0.9483 std: 0.0271
Timesteps/1000: 350.0
Reward: 2.2966
Test set Fidelity: 0.9524 std: 0.0258
Timesteps/1000: 360.0
Reward: 2.6966
Test set Fidelity: 0.9587 std: 0.0235
Saving new best model at 360000 timesteps.
Saving new best model in simulation/experiments/3q_2conv_2/model.
Timesteps/1000: 370.0
Reward: 2.5148
Test set Fidelity: 0.9550 std: 0.0258
Timesteps/1000: 380.0
Reward: 2.1548
Test set Fidelity: 0.9480 std: 0.0286
Timesteps/1000: 390.0
Reward: 2.3859
Test set Fidelity: 0.9543 std: 0.0267
Timesteps/1000: 400.0
Reward: 2.4417
Test set Fidelity: 0.9563 std: 0.0257
Timesteps/1000: 410.0
Reward: 2.7577
Test set Fidelity: 0.9616 std: 0.0204
Saving new best model at 410000 timesteps.
Saving new best model in simulation/experiments/3q_2conv_2/model.
Timesteps/1000: 420.0
Reward: 2.8817
Test set Fidelity: 0.9636 std: 0.0188
Saving new best model at 420000 timesteps.
Saving new best model in simulation/experiments/3q_2conv_2/model.
Timesteps/1000: 430.0
Reward: 2.7107
Test set Fidelity: 0.9602 std: 0.0203
Timesteps/1000: 440.0
Reward: 2.9433
Test set Fidelity: 0.9643 std: 0.0187
Saving new best model at 440000 timesteps.
Saving new best model in simulation/experiments/3q_2conv_2/model.
Timesteps/1000: 450.0
Reward: 3.0449
Test set Fidelity: 0.9645 std: 0.0190
Saving new best model at 450000 timesteps.
Saving new best model in simulation/experiments/3q_2conv_2/model.
Timesteps/1000: 460.0
Reward: 2.9006
Test set Fidelity: 0.9632 std: 0.0199
Timesteps/1000: 470.0
Reward: 3.1559
Test set Fidelity: 0.9663 std: 0.0189
Saving new best model at 470000 timesteps.
Saving new best model in simulation/experiments/3q_2conv_2/model.
Timesteps/1000: 480.0
Reward: 3.7723
Test set Fidelity: 0.9711 std: 0.0175
Saving new best model at 480000 timesteps.
Saving new best model in simulation/experiments/3q_2conv_2/model.
Timesteps/1000: 490.0
Reward: 3.1817
Test set Fidelity: 0.9655 std: 0.0197
Timesteps/1000: 500.0
Reward: 3.0224
Test set Fidelity: 0.9637 std: 0.0204
Timesteps/1000: 510.0
Reward: 3.0591
Test set Fidelity: 0.9645 std: 0.0188
Timesteps/1000: 520.0
Reward: 3.2132
Test set Fidelity: 0.9663 std: 0.0182
Timesteps/1000: 530.0
Reward: 3.0357
Test set Fidelity: 0.9631 std: 0.0218
Timesteps/1000: 540.0
Reward: 3.0286
Test set Fidelity: 0.9644 std: 0.0219
Timesteps/1000: 550.0
Reward: 3.1710
Test set Fidelity: 0.9642 std: 0.0227
Timesteps/1000: 560.0
Reward: 2.5224
Test set Fidelity: 0.9556 std: 0.0267
Timesteps/1000: 570.0
Reward: 3.0218
Test set Fidelity: 0.9618 std: 0.0239
Timesteps/1000: 580.0
Reward: 3.2228
Test set Fidelity: 0.9646 std: 0.0214
Timesteps/1000: 590.0
Reward: 3.4311
Test set Fidelity: 0.9671 std: 0.0211
Timesteps/1000: 600.0
Reward: 3.4386
Test set Fidelity: 0.9680 std: 0.0196
Timesteps/1000: 610.0
Reward: 3.0672
Test set Fidelity: 0.9648 std: 0.0202
Timesteps/1000: 620.0
Reward: 3.1982
Test set Fidelity: 0.9647 std: 0.0205
Timesteps/1000: 630.0
Reward: 3.4766
Test set Fidelity: 0.9662 std: 0.0188
Timesteps/1000: 640.0
Reward: 3.4551
Test set Fidelity: 0.9657 std: 0.0196
Timesteps/1000: 650.0
Reward: 3.3229
Test set Fidelity: 0.9659 std: 0.0182
Timesteps/1000: 660.0
Reward: 3.0501
Test set Fidelity: 0.9645 std: 0.0185
Timesteps/1000: 670.0
Reward: 3.2091
Test set Fidelity: 0.9669 std: 0.0174
Timesteps/1000: 680.0
Reward: 3.3895
Test set Fidelity: 0.9678 std: 0.0184
Timesteps/1000: 690.0
Reward: 3.4627
Test set Fidelity: 0.9685 std: 0.0175
Timesteps/1000: 700.0
Reward: 3.1307
Test set Fidelity: 0.9645 std: 0.0186
Timesteps/1000: 710.0
Reward: 3.3563
Test set Fidelity: 0.9662 std: 0.0187
Timesteps/1000: 720.0
Reward: 3.5531
Test set Fidelity: 0.9670 std: 0.0184
Timesteps/1000: 730.0
Reward: 3.4102
Test set Fidelity: 0.9664 std: 0.0189
Timesteps/1000: 740.0
Reward: 3.4942
Test set Fidelity: 0.9670 std: 0.0175
Timesteps/1000: 750.0
Reward: 3.5104
Test set Fidelity: 0.9675 std: 0.0189
Timesteps/1000: 760.0
Reward: 3.6653
Test set Fidelity: 0.9693 std: 0.0172
Timesteps/1000: 770.0
Reward: 3.7523
Test set Fidelity: 0.9691 std: 0.0189
Timesteps/1000: 780.0
Reward: 3.7190
Test set Fidelity: 0.9692 std: 0.0178
Timesteps/1000: 790.0
Reward: 3.7144
Test set Fidelity: 0.9683 std: 0.0190
Timesteps/1000: 800.0
Reward: 3.9814
Test set Fidelity: 0.9708 std: 0.0173
Timesteps/1000: 810.0
Reward: 3.9637
Test set Fidelity: 0.9704 std: 0.0174
Timesteps/1000: 820.0
Reward: 3.9937
Test set Fidelity: 0.9701 std: 0.0192
Timesteps/1000: 830.0
Reward: 3.9216
Test set Fidelity: 0.9707 std: 0.0177
Timesteps/1000: 840.0
Reward: 4.0185
Test set Fidelity: 0.9712 std: 0.0166
Saving new best model at 840000 timesteps.
Saving new best model in simulation/experiments/3q_2conv_2/model.
Timesteps/1000: 850.0
Reward: 3.8370
Test set Fidelity: 0.9697 std: 0.0174
Timesteps/1000: 860.0
Reward: 3.8998
Test set Fidelity: 0.9713 std: 0.0164
Saving new best model at 860000 timesteps.
Saving new best model in simulation/experiments/3q_2conv_2/model.
Timesteps/1000: 870.0
Reward: 3.8831
Test set Fidelity: 0.9706 std: 0.0163
Timesteps/1000: 880.0
Reward: 4.0590
Test set Fidelity: 0.9711 std: 0.0157
Timesteps/1000: 890.0
Reward: 3.9437
Test set Fidelity: 0.9704 std: 0.0168
Timesteps/1000: 900.0
Reward: 4.0029
Test set Fidelity: 0.9697 std: 0.0167
Timesteps/1000: 910.0
Reward: 4.1967
Test set Fidelity: 0.9706 std: 0.0163
Timesteps/1000: 920.0
Reward: 4.1739
Test set Fidelity: 0.9710 std: 0.0162
Timesteps/1000: 930.0
Reward: 3.9074
Test set Fidelity: 0.9698 std: 0.0173
Timesteps/1000: 940.0
Reward: 3.9605
Test set Fidelity: 0.9706 std: 0.0161
Timesteps/1000: 950.0
Reward: 3.7166
Test set Fidelity: 0.9691 std: 0.0162
Timesteps/1000: 960.0
Reward: 3.7393
Test set Fidelity: 0.9702 std: 0.0163
Timesteps/1000: 970.0
Reward: 3.7158
Test set Fidelity: 0.9704 std: 0.0157
Timesteps/1000: 980.0
Reward: 3.9734
Test set Fidelity: 0.9718 std: 0.0154
Saving new best model at 980000 timesteps.
Saving new best model in simulation/experiments/3q_2conv_2/model.
Timesteps/1000: 990.0
Reward: 4.0223
Test set Fidelity: 0.9717 std: 0.0167
Timesteps/1000: 1000.0
Reward: 4.0707
Test set Fidelity: 0.9719 std: 0.0167
Saving new best model at 1000000 timesteps.
Saving new best model in simulation/experiments/3q_2conv_2/model.
Timesteps/1000: 1010.0
Reward: 4.2157
Test set Fidelity: 0.9726 std: 0.0167
Saving new best model at 1010000 timesteps.
Saving new best model in simulation/experiments/3q_2conv_2/model.
Timesteps/1000: 1020.0
Reward: 4.0076
Test set Fidelity: 0.9718 std: 0.0167
Timesteps/1000: 1030.0
Reward: 4.1132
Test set Fidelity: 0.9726 std: 0.0159
Saving new best model at 1030000 timesteps.
Saving new best model in simulation/experiments/3q_2conv_2/model.
Timesteps/1000: 1040.0
Reward: 4.0986
Test set Fidelity: 0.9728 std: 0.0157
Saving new best model at 1040000 timesteps.
Saving new best model in simulation/experiments/3q_2conv_2/model.
Timesteps/1000: 1050.0
Reward: 4.1323
Test set Fidelity: 0.9729 std: 0.0148
Saving new best model at 1050000 timesteps.
Saving new best model in simulation/experiments/3q_2conv_2/model.
Timesteps/1000: 1060.0
Reward: 4.4828
Test set Fidelity: 0.9737 std: 0.0148
Saving new best model at 1060000 timesteps.
Saving new best model in simulation/experiments/3q_2conv_2/model.
Timesteps/1000: 1070.0
Reward: 4.5122
Test set Fidelity: 0.9741 std: 0.0139
Saving new best model at 1070000 timesteps.
Saving new best model in simulation/experiments/3q_2conv_2/model.
Timesteps/1000: 1080.0
Reward: 4.3067
Test set Fidelity: 0.9737 std: 0.0136
Timesteps/1000: 1090.0
Reward: 4.2383
Test set Fidelity: 0.9737 std: 0.0142
Timesteps/1000: 1100.0
Reward: 4.3266
Test set Fidelity: 0.9743 std: 0.0138
Saving new best model at 1100000 timesteps.
Saving new best model in simulation/experiments/3q_2conv_2/model.
Timesteps/1000: 1110.0
Reward: 4.2629
Test set Fidelity: 0.9735 std: 0.0145
Timesteps/1000: 1120.0
Reward: 4.2262
Test set Fidelity: 0.9733 std: 0.0147
Timesteps/1000: 1130.0
Reward: 4.3379
Test set Fidelity: 0.9734 std: 0.0150
Timesteps/1000: 1140.0
Reward: 4.1863
Test set Fidelity: 0.9727 std: 0.0143
Timesteps/1000: 1150.0
Reward: 4.2454
Test set Fidelity: 0.9736 std: 0.0147
Timesteps/1000: 1160.0
Reward: 4.0335
Test set Fidelity: 0.9725 std: 0.0146
Timesteps/1000: 1170.0
Reward: 4.1963
Test set Fidelity: 0.9738 std: 0.0145
Timesteps/1000: 1180.0
Reward: 4.4417
Test set Fidelity: 0.9735 std: 0.0148
Timesteps/1000: 1190.0
Reward: 4.4346
Test set Fidelity: 0.9737 std: 0.0151
Timesteps/1000: 1200.0
Reward: 4.2081
Test set Fidelity: 0.9729 std: 0.0144
Timesteps/1000: 1210.0
Reward: 4.4258
Test set Fidelity: 0.9735 std: 0.0151
Timesteps/1000: 1220.0
Reward: 4.4469
Test set Fidelity: 0.9731 std: 0.0154
Timesteps/1000: 1230.0
Reward: 4.4975
Test set Fidelity: 0.9725 std: 0.0156
Timesteps/1000: 1240.0
Reward: 4.6128
Test set Fidelity: 0.9729 std: 0.0159
Timesteps/1000: 1250.0
Reward: 4.5106
Test set Fidelity: 0.9732 std: 0.0152
Timesteps/1000: 1260.0
Reward: 4.4357
Test set Fidelity: 0.9737 std: 0.0154
Timesteps/1000: 1270.0
Reward: 4.4729
Test set Fidelity: 0.9736 std: 0.0149
Timesteps/1000: 1280.0
Reward: 4.4467
Test set Fidelity: 0.9733 std: 0.0157
Timesteps/1000: 1290.0
Reward: 4.3924
Test set Fidelity: 0.9732 std: 0.0160
Timesteps/1000: 1300.0
Reward: 4.2773
Test set Fidelity: 0.9726 std: 0.0159
Timesteps/1000: 1310.0
Reward: 4.3619
Test set Fidelity: 0.9727 std: 0.0173
Timesteps/1000: 1320.0
Reward: 4.1290
Test set Fidelity: 0.9716 std: 0.0177
Timesteps/1000: 1330.0
Reward: 3.9098
Test set Fidelity: 0.9708 std: 0.0180
Timesteps/1000: 1340.0
Reward: 4.0535
Test set Fidelity: 0.9712 std: 0.0179
Timesteps/1000: 1350.0
Reward: 3.8738
Test set Fidelity: 0.9704 std: 0.0183
Timesteps/1000: 1360.0
Reward: 3.8620
Test set Fidelity: 0.9705 std: 0.0188
Timesteps/1000: 1370.0
Reward: 3.8234
Test set Fidelity: 0.9702 std: 0.0185
Timesteps/1000: 1380.0
Reward: 3.9124
Test set Fidelity: 0.9707 std: 0.0184
Timesteps/1000: 1390.0
Reward: 3.8940
Test set Fidelity: 0.9703 std: 0.0191
Timesteps/1000: 1400.0
Reward: 3.7805
Test set Fidelity: 0.9704 std: 0.0181
Timesteps/1000: 1410.0
Reward: 3.6733
Test set Fidelity: 0.9694 std: 0.0192
Timesteps/1000: 1420.0
Reward: 3.6661
Test set Fidelity: 0.9694 std: 0.0189
Timesteps/1000: 1430.0
Reward: 3.7368
Test set Fidelity: 0.9706 std: 0.0181
Timesteps/1000: 1440.0
Reward: 3.9708
Test set Fidelity: 0.9704 std: 0.0190
Timesteps/1000: 1450.0
Reward: 3.8659
Test set Fidelity: 0.9701 std: 0.0187
Timesteps/1000: 1460.0
Reward: 3.7685
Test set Fidelity: 0.9698 std: 0.0186
Timesteps/1000: 1470.0
Reward: 3.5899
Test set Fidelity: 0.9686 std: 0.0192
Timesteps/1000: 1480.0
Reward: 3.5983
Test set Fidelity: 0.9683 std: 0.0199
Timesteps/1000: 1490.0
Reward: 3.5851
Test set Fidelity: 0.9691 std: 0.0185
Timesteps/1000: 1500.0
Reward: 3.5568
Test set Fidelity: 0.9694 std: 0.0183
Timesteps/1000: 1510.0
Reward: 3.6040
Test set Fidelity: 0.9692 std: 0.0178
Timesteps/1000: 1520.0
Reward: 3.5067
Test set Fidelity: 0.9688 std: 0.0179
Timesteps/1000: 1530.0
Reward: 3.6119
Test set Fidelity: 0.9692 std: 0.0180
Timesteps/1000: 1540.0
Reward: 3.5383
Test set Fidelity: 0.9685 std: 0.0190
Timesteps/1000: 1550.0
Reward: 3.3396
Test set Fidelity: 0.9672 std: 0.0190
Timesteps/1000: 1560.0
Reward: 3.3549
Test set Fidelity: 0.9680 std: 0.0176
Timesteps/1000: 1570.0
Reward: 3.4168
Test set Fidelity: 0.9681 std: 0.0180
Timesteps/1000: 1580.0
Reward: 3.4415
Test set Fidelity: 0.9687 std: 0.0172
Timesteps/1000: 1590.0
Reward: 3.5160
Test set Fidelity: 0.9692 std: 0.0172
Timesteps/1000: 1600.0
Reward: 3.4393
Test set Fidelity: 0.9686 std: 0.0176
Timesteps/1000: 1610.0
Reward: 3.4834
Test set Fidelity: 0.9682 std: 0.0183
Timesteps/1000: 1620.0
Reward: 3.4201
Test set Fidelity: 0.9678 std: 0.0185
Timesteps/1000: 1630.0
Reward: 3.3583
Test set Fidelity: 0.9677 std: 0.0179
Timesteps/1000: 1640.0
Reward: 3.4608
Test set Fidelity: 0.9677 std: 0.0186
Timesteps/1000: 1650.0
Reward: 3.4537
Test set Fidelity: 0.9682 std: 0.0181
Timesteps/1000: 1660.0
Reward: 3.3870
Test set Fidelity: 0.9672 std: 0.0189
Timesteps/1000: 1670.0
Reward: 3.3719
Test set Fidelity: 0.9665 std: 0.0191
Timesteps/1000: 1680.0
Reward: 3.3579
Test set Fidelity: 0.9664 std: 0.0191
Timesteps/1000: 1690.0
Reward: 3.3671
Test set Fidelity: 0.9666 std: 0.0185
Timesteps/1000: 1700.0
Reward: 3.3729
Test set Fidelity: 0.9672 std: 0.0177
Timesteps/1000: 1710.0
Reward: 3.3520
Test set Fidelity: 0.9675 std: 0.0177
Timesteps/1000: 1720.0
Reward: 3.3304
Test set Fidelity: 0.9677 std: 0.0172
Timesteps/1000: 1730.0
Reward: 3.5660
Test set Fidelity: 0.9689 std: 0.0173
Timesteps/1000: 1740.0
Reward: 3.5309
Test set Fidelity: 0.9686 std: 0.0178
Timesteps/1000: 1750.0
Reward: 3.6080
Test set Fidelity: 0.9694 std: 0.0170
Timesteps/1000: 1760.0
Reward: 3.5309
Test set Fidelity: 0.9686 std: 0.0169
Timesteps/1000: 1770.0
Reward: 3.3904
Test set Fidelity: 0.9686 std: 0.0165
Timesteps/1000: 1780.0
Reward: 3.3804
Test set Fidelity: 0.9682 std: 0.0168
Timesteps/1000: 1790.0
Reward: 3.4378
Test set Fidelity: 0.9685 std: 0.0163
Timesteps/1000: 1800.0
Reward: 3.4056
Test set Fidelity: 0.9687 std: 0.0163
Timesteps/1000: 1810.0
Reward: 3.3472
Test set Fidelity: 0.9676 std: 0.0164
Timesteps/1000: 1820.0
Reward: 3.3275
Test set Fidelity: 0.9674 std: 0.0167
Timesteps/1000: 1830.0
Reward: 3.3774
Test set Fidelity: 0.9679 std: 0.0168
Timesteps/1000: 1840.0
Reward: 3.3115
Test set Fidelity: 0.9667 std: 0.0171
Timesteps/1000: 1850.0
Reward: 3.2678
Test set Fidelity: 0.9669 std: 0.0170
Timesteps/1000: 1860.0
Reward: 3.2474
Test set Fidelity: 0.9674 std: 0.0173
Timesteps/1000: 1870.0
Reward: 3.3515
Test set Fidelity: 0.9683 std: 0.0174
Timesteps/1000: 1880.0
Reward: 3.3875
Test set Fidelity: 0.9683 std: 0.0165
Timesteps/1000: 1890.0
Reward: 3.3925
Test set Fidelity: 0.9676 std: 0.0167
Timesteps/1000: 1900.0
Reward: 3.2701
Test set Fidelity: 0.9675 std: 0.0174
Timesteps/1000: 1910.0
Reward: 3.2159
Test set Fidelity: 0.9677 std: 0.0169
Timesteps/1000: 1920.0
Reward: 3.3239
Test set Fidelity: 0.9679 std: 0.0173
Timesteps/1000: 1930.0
Reward: 3.3118
Test set Fidelity: 0.9663 std: 0.0186
Timesteps/1000: 1940.0
Reward: 3.3355
Test set Fidelity: 0.9665 std: 0.0176
Timesteps/1000: 1950.0
Reward: 3.4327
Test set Fidelity: 0.9670 std: 0.0176
Timesteps/1000: 1960.0
Reward: 3.4115
Test set Fidelity: 0.9673 std: 0.0180
Timesteps/1000: 1970.0
Reward: 3.4289
Test set Fidelity: 0.9674 std: 0.0191
Timesteps/1000: 1980.0
Reward: 3.4696
Test set Fidelity: 0.9671 std: 0.0192
Timesteps/1000: 1990.0
Reward: 3.4761
Test set Fidelity: 0.9673 std: 0.0200
Timesteps/1000: 2000.0
Reward: 3.5039
Test set Fidelity: 0.9672 std: 0.0201
Timesteps/1000: 2010.0
Reward: 3.4991
Test set Fidelity: 0.9672 std: 0.0198
Timesteps/1000: 2020.0
Reward: 3.4749
Test set Fidelity: 0.9674 std: 0.0199
Timesteps/1000: 2030.0
Reward: 3.5117
Test set Fidelity: 0.9676 std: 0.0199
Timesteps/1000: 2040.0
Reward: 3.4919
Test set Fidelity: 0.9682 std: 0.0187
Timesteps/1000: 2050.0
Reward: 3.6603
Test set Fidelity: 0.9687 std: 0.0189
Timesteps/1000: 2060.0
Reward: 3.6247
Test set Fidelity: 0.9692 std: 0.0180
Timesteps/1000: 2070.0
Reward: 3.6128
Test set Fidelity: 0.9684 std: 0.0187
Timesteps/1000: 2080.0
Reward: 3.5783
Test set Fidelity: 0.9679 std: 0.0185
Timesteps/1000: 2090.0
Reward: 3.6549
Test set Fidelity: 0.9689 std: 0.0178
Timesteps/1000: 2100.0
Reward: 3.6926
Test set Fidelity: 0.9684 std: 0.0183
Timesteps/1000: 2110.0
Reward: 3.7000
Test set Fidelity: 0.9689 std: 0.0183
Timesteps/1000: 2120.0
Reward: 3.6586
Test set Fidelity: 0.9686 std: 0.0182
Timesteps/1000: 2130.0
Reward: 3.6773
Test set Fidelity: 0.9683 std: 0.0183
Timesteps/1000: 2140.0
Reward: 3.6344
Test set Fidelity: 0.9678 std: 0.0194
Timesteps/1000: 2150.0
Reward: 3.6262
Test set Fidelity: 0.9677 std: 0.0195
Timesteps/1000: 2160.0
Reward: 3.7671
Test set Fidelity: 0.9680 std: 0.0198
Timesteps/1000: 2170.0
Reward: 3.7935
Test set Fidelity: 0.9678 std: 0.0199
Timesteps/1000: 2180.0
Reward: 3.7023
Test set Fidelity: 0.9675 std: 0.0200
Timesteps/1000: 2190.0
Reward: 3.7302
Test set Fidelity: 0.9673 std: 0.0205
Timesteps/1000: 2200.0
Reward: 3.8121
Test set Fidelity: 0.9686 std: 0.0196
Timesteps/1000: 2210.0
Reward: 3.8749
Test set Fidelity: 0.9678 std: 0.0198
Timesteps/1000: 2220.0
Reward: 3.7497
Test set Fidelity: 0.9681 std: 0.0194
Timesteps/1000: 2230.0
Reward: 3.6997
Test set Fidelity: 0.9685 std: 0.0192
Timesteps/1000: 2240.0
Reward: 3.8108
Test set Fidelity: 0.9689 std: 0.0192
Timesteps/1000: 2250.0
Reward: 3.7876
Test set Fidelity: 0.9695 std: 0.0190
Timesteps/1000: 2260.0
Reward: 3.8063
Test set Fidelity: 0.9697 std: 0.0185
Timesteps/1000: 2270.0
Reward: 3.6893
Test set Fidelity: 0.9690 std: 0.0189
Timesteps/1000: 2280.0
Reward: 3.7374
Test set Fidelity: 0.9695 std: 0.0187
Timesteps/1000: 2290.0
Reward: 3.8152
Test set Fidelity: 0.9695 std: 0.0181
Timesteps/1000: 2300.0
Reward: 3.7461
Test set Fidelity: 0.9690 std: 0.0178
Timesteps/1000: 2310.0
Reward: 3.7436
Test set Fidelity: 0.9683 std: 0.0185
Timesteps/1000: 2320.0
Reward: 3.6897
Test set Fidelity: 0.9682 std: 0.0185
Timesteps/1000: 2330.0
Reward: 3.7536
Test set Fidelity: 0.9687 std: 0.0179
Timesteps/1000: 2340.0
Reward: 3.6837
Test set Fidelity: 0.9685 std: 0.0181
Timesteps/1000: 2350.0
Reward: 3.8216
Test set Fidelity: 0.9693 std: 0.0179
Timesteps/1000: 2360.0
Reward: 3.7559
Test set Fidelity: 0.9691 std: 0.0174
Timesteps/1000: 2370.0
Reward: 3.7528
Test set Fidelity: 0.9692 std: 0.0179
Timesteps/1000: 2380.0
Reward: 3.7152
Test set Fidelity: 0.9696 std: 0.0176
Timesteps/1000: 2390.0
Reward: 3.6641
Test set Fidelity: 0.9690 std: 0.0181
Timesteps/1000: 2400.0
Reward: 3.6295
Test set Fidelity: 0.9687 std: 0.0184
Timesteps/1000: 2410.0
Reward: 3.7349
Test set Fidelity: 0.9696 std: 0.0183
Timesteps/1000: 2420.0
Reward: 3.7436
Test set Fidelity: 0.9692 std: 0.0184
Timesteps/1000: 2430.0
Reward: 3.7755
Test set Fidelity: 0.9694 std: 0.0188
Timesteps/1000: 2440.0
Reward: 3.8342
Test set Fidelity: 0.9694 std: 0.0186
Timesteps/1000: 2450.0
Reward: 3.8051
Test set Fidelity: 0.9694 std: 0.0191
Timesteps/1000: 2460.0
Reward: 3.7764
Test set Fidelity: 0.9698 std: 0.0186
Timesteps/1000: 2470.0
Reward: 3.8112
Test set Fidelity: 0.9708 std: 0.0179
Timesteps/1000: 2480.0
Reward: 3.8930
Test set Fidelity: 0.9710 std: 0.0174
Timesteps/1000: 2490.0
Reward: 3.8401
Test set Fidelity: 0.9704 std: 0.0177
Timesteps/1000: 2500.0
Reward: 3.8415
Test set Fidelity: 0.9706 std: 0.0172
Timesteps/1000: 2510.0
Reward: 3.8573
Test set Fidelity: 0.9703 std: 0.0180
Timesteps/1000: 2520.0
Reward: 3.7872
Test set Fidelity: 0.9704 std: 0.0178
Timesteps/1000: 2530.0
Reward: 3.7500
Test set Fidelity: 0.9701 std: 0.0180
Timesteps/1000: 2540.0
Reward: 3.6898
Test set Fidelity: 0.9693 std: 0.0184
Timesteps/1000: 2550.0
Reward: 3.7743
Test set Fidelity: 0.9700 std: 0.0182
Timesteps/1000: 2560.0
Reward: 3.7522
Test set Fidelity: 0.9696 std: 0.0187
Timesteps/1000: 2570.0
Reward: 3.7322
Test set Fidelity: 0.9694 std: 0.0184
Timesteps/1000: 2580.0
Reward: 3.7723
Test set Fidelity: 0.9695 std: 0.0185
Timesteps/1000: 2590.0
Reward: 3.8179
Test set Fidelity: 0.9696 std: 0.0189
Timesteps/1000: 2600.0
Reward: 3.8620
Test set Fidelity: 0.9693 std: 0.0190
Timesteps/1000: 2610.0
Reward: 3.8441
Test set Fidelity: 0.9699 std: 0.0183
Timesteps/1000: 2620.0
Reward: 3.8612
Test set Fidelity: 0.9693 std: 0.0190
Timesteps/1000: 2630.0
Reward: 3.7133
Test set Fidelity: 0.9685 std: 0.0195
Timesteps/1000: 2640.0
Reward: 3.7643
Test set Fidelity: 0.9681 std: 0.0201
Timesteps/1000: 2650.0
Reward: 3.6814
Test set Fidelity: 0.9674 std: 0.0210
Timesteps/1000: 2660.0
Reward: 3.7403
Test set Fidelity: 0.9674 std: 0.0202
Timesteps/1000: 2670.0
Reward: 3.6636
Test set Fidelity: 0.9670 std: 0.0208
Timesteps/1000: 2680.0
Reward: 3.6438
Test set Fidelity: 0.9670 std: 0.0210
Timesteps/1000: 2690.0
Reward: 3.6239
Test set Fidelity: 0.9675 std: 0.0208
Timesteps/1000: 2700.0
Reward: 3.6920
Test set Fidelity: 0.9672 std: 0.0219
Timesteps/1000: 2710.0
Reward: 3.7468
Test set Fidelity: 0.9678 std: 0.0208
Timesteps/1000: 2720.0
Reward: 3.7066
Test set Fidelity: 0.9682 std: 0.0207
Timesteps/1000: 2730.0
Reward: 3.6715
Test set Fidelity: 0.9679 std: 0.0213
Timesteps/1000: 2740.0
Reward: 3.7807
Test set Fidelity: 0.9681 std: 0.0214
Timesteps/1000: 2750.0
Reward: 3.8043
Test set Fidelity: 0.9676 std: 0.0214
Timesteps/1000: 2760.0
Reward: 3.8544
Test set Fidelity: 0.9676 std: 0.0218
Timesteps/1000: 2770.0
Reward: 3.8973
Test set Fidelity: 0.9679 std: 0.0212
Timesteps/1000: 2780.0
Reward: 3.8332
Test set Fidelity: 0.9671 std: 0.0215
Timesteps/1000: 2790.0
Reward: 3.7404
Test set Fidelity: 0.9670 std: 0.0214
Timesteps/1000: 2800.0
Reward: 3.8011
Test set Fidelity: 0.9670 std: 0.0215
Timesteps/1000: 2810.0
Reward: 3.7618
Test set Fidelity: 0.9664 std: 0.0213
Timesteps/1000: 2820.0
Reward: 3.8328
Test set Fidelity: 0.9668 std: 0.0216
Timesteps/1000: 2830.0
Reward: 3.8517
Test set Fidelity: 0.9677 std: 0.0211
Timesteps/1000: 2840.0
Reward: 3.7388
Test set Fidelity: 0.9672 std: 0.0218
Timesteps/1000: 2850.0
Reward: 3.7506
Test set Fidelity: 0.9669 std: 0.0221
Timesteps/1000: 2860.0
Reward: 3.7619
Test set Fidelity: 0.9669 std: 0.0227
Timesteps/1000: 2870.0
Reward: 3.7349
Test set Fidelity: 0.9671 std: 0.0222
Timesteps/1000: 2880.0
Reward: 3.7136
Test set Fidelity: 0.9671 std: 0.0219
Timesteps/1000: 2890.0
Reward: 3.6093
Test set Fidelity: 0.9666 std: 0.0223
Timesteps/1000: 2900.0
Reward: 3.5795
Test set Fidelity: 0.9670 std: 0.0224
Timesteps/1000: 2910.0
Reward: 3.5790
Test set Fidelity: 0.9669 std: 0.0221
Timesteps/1000: 2920.0
Reward: 3.6152
Test set Fidelity: 0.9667 std: 0.0222
Timesteps/1000: 2930.0
Reward: 3.7174
Test set Fidelity: 0.9670 std: 0.0220
Timesteps/1000: 2940.0
Reward: 3.7697
Test set Fidelity: 0.9671 std: 0.0219
Timesteps/1000: 2950.0
Reward: 3.7448
Test set Fidelity: 0.9671 std: 0.0211
Timesteps/1000: 2960.0
Reward: 3.6858
Test set Fidelity: 0.9675 std: 0.0208
Timesteps/1000: 2970.0
Reward: 3.6718
Test set Fidelity: 0.9674 std: 0.0207
Timesteps/1000: 2980.0
Reward: 3.7040
Test set Fidelity: 0.9669 std: 0.0210
Timesteps/1000: 2990.0
Reward: 3.6601
Test set Fidelity: 0.9668 std: 0.0210
Timesteps/1000: 3000.0
Reward: 3.6126
Test set Fidelity: 0.9659 std: 0.0220
Timesteps/1000: 3010.0
Reward: 3.6549
Test set Fidelity: 0.9663 std: 0.0222
Timesteps/1000: 3020.0
Reward: 3.7749
Test set Fidelity: 0.9660 std: 0.0221
Timesteps/1000: 3030.0
Reward: 3.6749
Test set Fidelity: 0.9662 std: 0.0215
Timesteps/1000: 3040.0
Reward: 3.6451
Test set Fidelity: 0.9664 std: 0.0215
Timesteps/1000: 3050.0
Reward: 3.6830
Test set Fidelity: 0.9666 std: 0.0213
Timesteps/1000: 3060.0
Reward: 3.6435
Test set Fidelity: 0.9662 std: 0.0214
Timesteps/1000: 3070.0
Reward: 3.6707
Test set Fidelity: 0.9667 std: 0.0212
Timesteps/1000: 3080.0
Reward: 3.6451
Test set Fidelity: 0.9659 std: 0.0217
Timesteps/1000: 3090.0
Reward: 3.6115
Test set Fidelity: 0.9662 std: 0.0217
Timesteps/1000: 3100.0
Reward: 3.6041
Test set Fidelity: 0.9661 std: 0.0219
Timesteps/1000: 3110.0
Reward: 3.6431
Test set Fidelity: 0.9661 std: 0.0221
Timesteps/1000: 3120.0
Reward: 3.6273
Test set Fidelity: 0.9664 std: 0.0218
Timesteps/1000: 3130.0
Reward: 3.6971
Test set Fidelity: 0.9668 std: 0.0219
Timesteps/1000: 3140.0
Reward: 3.7142
Test set Fidelity: 0.9671 std: 0.0214
Timesteps/1000: 3150.0
Reward: 3.7503
Test set Fidelity: 0.9670 std: 0.0212
Timesteps/1000: 3160.0
Reward: 3.6676
Test set Fidelity: 0.9670 std: 0.0212
Timesteps/1000: 3170.0
Reward: 3.6460
Test set Fidelity: 0.9670 std: 0.0217
Timesteps/1000: 3180.0
Reward: 3.5993
Test set Fidelity: 0.9669 std: 0.0215
Timesteps/1000: 3190.0
Reward: 3.6561
Test set Fidelity: 0.9672 std: 0.0218
Timesteps/1000: 3200.0
Reward: 3.5802
Test set Fidelity: 0.9664 std: 0.0226
Timesteps/1000: 3210.0
Reward: 3.4757
Test set Fidelity: 0.9666 std: 0.0220
Timesteps/1000: 3220.0
Reward: 3.5838
Test set Fidelity: 0.9670 std: 0.0221
Timesteps/1000: 3230.0
Reward: 3.4369
Test set Fidelity: 0.9667 std: 0.0219
Timesteps/1000: 3240.0
Reward: 3.5087
Test set Fidelity: 0.9668 std: 0.0217
Timesteps/1000: 3250.0
Reward: 3.4360
Test set Fidelity: 0.9662 std: 0.0221
Timesteps/1000: 3260.0
Reward: 3.4900
Test set Fidelity: 0.9661 std: 0.0223
Timesteps/1000: 3270.0
Reward: 3.4131
Test set Fidelity: 0.9661 std: 0.0222
Timesteps/1000: 3280.0
Reward: 3.3787
Test set Fidelity: 0.9657 std: 0.0227
Timesteps/1000: 3290.0
Reward: 3.3042
Test set Fidelity: 0.9658 std: 0.0228
Timesteps/1000: 3300.0
Reward: 3.3098
Test set Fidelity: 0.9657 std: 0.0229
Timesteps/1000: 3310.0
Reward: 3.3224
Test set Fidelity: 0.9655 std: 0.0231
Timesteps/1000: 3320.0
Reward: 3.4446
Test set Fidelity: 0.9658 std: 0.0228
Timesteps/1000: 3330.0
Reward: 3.4018
Test set Fidelity: 0.9654 std: 0.0227
Timesteps/1000: 3340.0
Reward: 3.4096
Test set Fidelity: 0.9654 std: 0.0226
Timesteps/1000: 3350.0
Reward: 3.2969
Test set Fidelity: 0.9647 std: 0.0227
Timesteps/1000: 3360.0
Reward: 3.3475
Test set Fidelity: 0.9649 std: 0.0227
Timesteps/1000: 3370.0
Reward: 3.2895
Test set Fidelity: 0.9647 std: 0.0238
Timesteps/1000: 3380.0
Reward: 3.1962
Test set Fidelity: 0.9644 std: 0.0231
Timesteps/1000: 3390.0
Reward: 3.1989
Test set Fidelity: 0.9640 std: 0.0230
Timesteps/1000: 3400.0
Reward: 3.3132
Test set Fidelity: 0.9645 std: 0.0236
Timesteps/1000: 3410.0
Reward: 3.2739
Test set Fidelity: 0.9639 std: 0.0236
Timesteps/1000: 3420.0
Reward: 3.3404
Test set Fidelity: 0.9643 std: 0.0231
Timesteps/1000: 3430.0
Reward: 3.3478
Test set Fidelity: 0.9650 std: 0.0224
Timesteps/1000: 3440.0
Reward: 3.3898
Test set Fidelity: 0.9649 std: 0.0229
Timesteps/1000: 3450.0
Reward: 3.4624
Test set Fidelity: 0.9651 std: 0.0228
Timesteps/1000: 3460.0
Reward: 3.4626
Test set Fidelity: 0.9648 std: 0.0240
Timesteps/1000: 3470.0
Reward: 3.4836
Test set Fidelity: 0.9656 std: 0.0234
Timesteps/1000: 3480.0
Reward: 3.4605
Test set Fidelity: 0.9659 std: 0.0224
Timesteps/1000: 3490.0
Reward: 3.3604
Test set Fidelity: 0.9650 std: 0.0227
Timesteps/1000: 3500.0
Reward: 3.2965
Test set Fidelity: 0.9645 std: 0.0229
Timesteps/1000: 3510.0
Reward: 3.2344
Test set Fidelity: 0.9642 std: 0.0228
Timesteps/1000: 3520.0
Reward: 3.3317
Test set Fidelity: 0.9644 std: 0.0232
Timesteps/1000: 3530.0
Reward: 3.3285
Test set Fidelity: 0.9648 std: 0.0226
Timesteps/1000: 3540.0
Reward: 3.3391
Test set Fidelity: 0.9648 std: 0.0230
Timesteps/1000: 3550.0
Reward: 3.3217
Test set Fidelity: 0.9648 std: 0.0233
Timesteps/1000: 3560.0
Reward: 3.2849
Test set Fidelity: 0.9647 std: 0.0234
Timesteps/1000: 3570.0
Reward: 3.2879
Test set Fidelity: 0.9646 std: 0.0238
Timesteps/1000: 3580.0
Reward: 3.2371
Test set Fidelity: 0.9640 std: 0.0244
Timesteps/1000: 3590.0
Reward: 3.2612
Test set Fidelity: 0.9646 std: 0.0241
Timesteps/1000: 3600.0
Reward: 3.1866
Test set Fidelity: 0.9648 std: 0.0235
Timesteps/1000: 3610.0
Reward: 3.2441
Test set Fidelity: 0.9654 std: 0.0233
Timesteps/1000: 3620.0
Reward: 3.2904
Test set Fidelity: 0.9651 std: 0.0238
Timesteps/1000: 3630.0
Reward: 3.2840
Test set Fidelity: 0.9655 std: 0.0233
Timesteps/1000: 3640.0
Reward: 3.3140
Test set Fidelity: 0.9654 std: 0.0235
Timesteps/1000: 3650.0
Reward: 3.3194
Test set Fidelity: 0.9654 std: 0.0235
Timesteps/1000: 3660.0
Reward: 3.4197
Test set Fidelity: 0.9662 std: 0.0226
Timesteps/1000: 3670.0
Reward: 3.3576
Test set Fidelity: 0.9661 std: 0.0226
Timesteps/1000: 3680.0
Reward: 3.2968
Test set Fidelity: 0.9656 std: 0.0226
Timesteps/1000: 3690.0
Reward: 3.2979
Test set Fidelity: 0.9658 std: 0.0229
Timesteps/1000: 3700.0
Reward: 3.1566
Test set Fidelity: 0.9648 std: 0.0236
Timesteps/1000: 3710.0
Reward: 3.1433
Test set Fidelity: 0.9646 std: 0.0239
Timesteps/1000: 3720.0
Reward: 3.1582
Test set Fidelity: 0.9643 std: 0.0244
Timesteps/1000: 3730.0
Reward: 3.1935
Test set Fidelity: 0.9649 std: 0.0239
Timesteps/1000: 3740.0
Reward: 3.2497
Test set Fidelity: 0.9655 std: 0.0232
Timesteps/1000: 3750.0
Reward: 3.2737
Test set Fidelity: 0.9653 std: 0.0230
Timesteps/1000: 3760.0
Reward: 3.2978
Test set Fidelity: 0.9658 std: 0.0225
Timesteps/1000: 3770.0
Reward: 3.2809
Test set Fidelity: 0.9656 std: 0.0229
Timesteps/1000: 3780.0
Reward: 3.1960
Test set Fidelity: 0.9652 std: 0.0227
Timesteps/1000: 3790.0
Reward: 3.1660
Test set Fidelity: 0.9652 std: 0.0227
Timesteps/1000: 3800.0
Reward: 3.1479
Test set Fidelity: 0.9646 std: 0.0236
Timesteps/1000: 3810.0
Reward: 3.1292
Test set Fidelity: 0.9645 std: 0.0234
Timesteps/1000: 3820.0
Reward: 3.1756
Test set Fidelity: 0.9646 std: 0.0233
Timesteps/1000: 3830.0
Reward: 3.2146
Test set Fidelity: 0.9648 std: 0.0231
Timesteps/1000: 3840.0
Reward: 3.2042
Test set Fidelity: 0.9647 std: 0.0234
Timesteps/1000: 3850.0
Reward: 3.2080
Test set Fidelity: 0.9649 std: 0.0228
Timesteps/1000: 3860.0
Reward: 3.1831
Test set Fidelity: 0.9645 std: 0.0235
Timesteps/1000: 3870.0
Reward: 3.1726
Test set Fidelity: 0.9643 std: 0.0232
Timesteps/1000: 3880.0
Reward: 3.1335
Test set Fidelity: 0.9642 std: 0.0231
Timesteps/1000: 3890.0
Reward: 3.1573
Test set Fidelity: 0.9646 std: 0.0232
Timesteps/1000: 3900.0
Reward: 3.1251
Test set Fidelity: 0.9641 std: 0.0233
Timesteps/1000: 3910.0
Reward: 3.1014
Test set Fidelity: 0.9639 std: 0.0229
Timesteps/1000: 3920.0
Reward: 3.0428
Test set Fidelity: 0.9634 std: 0.0229
Timesteps/1000: 3930.0
Reward: 3.0803
Test set Fidelity: 0.9641 std: 0.0226
Timesteps/1000: 3940.0
Reward: 3.1086
Test set Fidelity: 0.9644 std: 0.0226
Timesteps/1000: 3950.0
Reward: 3.1343
Test set Fidelity: 0.9651 std: 0.0224
Timesteps/1000: 3960.0
Reward: 3.1032
Test set Fidelity: 0.9652 std: 0.0223
Timesteps/1000: 3970.0
Reward: 3.1071
Test set Fidelity: 0.9647 std: 0.0227
Timesteps/1000: 3980.0
Reward: 3.1577
Test set Fidelity: 0.9650 std: 0.0224
Timesteps/1000: 3990.0
Reward: 3.1287
Test set Fidelity: 0.9647 std: 0.0229
Timesteps/1000: 4000.0
Reward: 3.1840
Test set Fidelity: 0.9653 std: 0.0229
Timesteps/1000: 4010.0
Reward: 3.1532
Test set Fidelity: 0.9646 std: 0.0235
Timesteps/1000: 4020.0
Reward: 3.0774
Test set Fidelity: 0.9644 std: 0.0232
Timesteps/1000: 4030.0
Reward: 3.1015
Test set Fidelity: 0.9646 std: 0.0230
Timesteps/1000: 4040.0
Reward: 3.1645
Test set Fidelity: 0.9645 std: 0.0234
Timesteps/1000: 4050.0
Reward: 3.2327
Test set Fidelity: 0.9652 std: 0.0227
Timesteps/1000: 4060.0
Reward: 3.2355
Test set Fidelity: 0.9653 std: 0.0223
Timesteps/1000: 4070.0
Reward: 3.1824
Test set Fidelity: 0.9650 std: 0.0228
Timesteps/1000: 4080.0
Reward: 3.1363
Test set Fidelity: 0.9646 std: 0.0227
Timesteps/1000: 4090.0
Reward: 3.1228
Test set Fidelity: 0.9646 std: 0.0228
Timesteps/1000: 4100.0
Reward: 3.1779
Test set Fidelity: 0.9652 std: 0.0225
Timesteps/1000: 4110.0
Reward: 3.1572
Test set Fidelity: 0.9650 std: 0.0223
Timesteps/1000: 4120.0
Reward: 3.1486
Test set Fidelity: 0.9653 std: 0.0226
Timesteps/1000: 4130.0
Reward: 3.1614
Test set Fidelity: 0.9651 std: 0.0226
Timesteps/1000: 4140.0
Reward: 3.1307
Test set Fidelity: 0.9647 std: 0.0229
Timesteps/1000: 4150.0
Reward: 3.1102
Test set Fidelity: 0.9645 std: 0.0229
Timesteps/1000: 4160.0
Reward: 3.1297
Test set Fidelity: 0.9648 std: 0.0230
Timesteps/1000: 4170.0
Reward: 3.1685
Test set Fidelity: 0.9650 std: 0.0226
Timesteps/1000: 4180.0
Reward: 3.1874
Test set Fidelity: 0.9647 std: 0.0228
Timesteps/1000: 4190.0
Reward: 3.1456
Test set Fidelity: 0.9645 std: 0.0228
Timesteps/1000: 4200.0
Reward: 3.1846
Test set Fidelity: 0.9644 std: 0.0229
Timesteps/1000: 4210.0
Reward: 3.2196
Test set Fidelity: 0.9648 std: 0.0227
Timesteps/1000: 4220.0
Reward: 3.1664
Test set Fidelity: 0.9644 std: 0.0232
Timesteps/1000: 4230.0
Reward: 3.1702
Test set Fidelity: 0.9646 std: 0.0230
Timesteps/1000: 4240.0
Reward: 3.1378
Test set Fidelity: 0.9646 std: 0.0229
Timesteps/1000: 4250.0
Reward: 3.1572
Test set Fidelity: 0.9644 std: 0.0237
Timesteps/1000: 4260.0
Reward: 3.1163
Test set Fidelity: 0.9643 std: 0.0238
Timesteps/1000: 4270.0
Reward: 3.1643
Test set Fidelity: 0.9644 std: 0.0243
Timesteps/1000: 4280.0
Reward: 3.1910
Test set Fidelity: 0.9645 std: 0.0238
Timesteps/1000: 4290.0
Reward: 3.1727
Test set Fidelity: 0.9645 std: 0.0240
Timesteps/1000: 4300.0
Reward: 3.1510
Test set Fidelity: 0.9643 std: 0.0240
Timesteps/1000: 4310.0
Reward: 3.1783
Test set Fidelity: 0.9647 std: 0.0241
Timesteps/1000: 4320.0
Reward: 3.1460
Test set Fidelity: 0.9640 std: 0.0246
Timesteps/1000: 4330.0
Reward: 3.0920
Test set Fidelity: 0.9638 std: 0.0248
Timesteps/1000: 4340.0
Reward: 3.1909
Test set Fidelity: 0.9641 std: 0.0248
Timesteps/1000: 4350.0
Reward: 3.2125
Test set Fidelity: 0.9643 std: 0.0247
Timesteps/1000: 4360.0
Reward: 3.1716
Test set Fidelity: 0.9641 std: 0.0246
Timesteps/1000: 4370.0
Reward: 3.1792
Test set Fidelity: 0.9639 std: 0.0247
Timesteps/1000: 4380.0
Reward: 3.0762
Test set Fidelity: 0.9631 std: 0.0253
Timesteps/1000: 4390.0
Reward: 3.0191
Test set Fidelity: 0.9625 std: 0.0257
Timesteps/1000: 4400.0
Reward: 2.9546
Test set Fidelity: 0.9624 std: 0.0252
Timesteps/1000: 4410.0
Reward: 3.0310
Test set Fidelity: 0.9628 std: 0.0249
Timesteps/1000: 4420.0
Reward: 2.9831
Test set Fidelity: 0.9624 std: 0.0253
Timesteps/1000: 4430.0
Reward: 2.9939
Test set Fidelity: 0.9626 std: 0.0250
Timesteps/1000: 4440.0
Reward: 3.0492
Test set Fidelity: 0.9624 std: 0.0253
Timesteps/1000: 4450.0
Reward: 3.0545
Test set Fidelity: 0.9623 std: 0.0255
Timesteps/1000: 4460.0
Reward: 3.0583
Test set Fidelity: 0.9626 std: 0.0254
Timesteps/1000: 4470.0
Reward: 3.0231
Test set Fidelity: 0.9621 std: 0.0258
Timesteps/1000: 4480.0
Reward: 2.9947
Test set Fidelity: 0.9619 std: 0.0259
Timesteps/1000: 4490.0
Reward: 3.0101
Test set Fidelity: 0.9617 std: 0.0259
Timesteps/1000: 4500.0
Reward: 2.9821
Test set Fidelity: 0.9617 std: 0.0259
Timesteps/1000: 4510.0
Reward: 2.9960
Test set Fidelity: 0.9624 std: 0.0254
Timesteps/1000: 4520.0
Reward: 3.0251
Test set Fidelity: 0.9627 std: 0.0248
Timesteps/1000: 4530.0
Reward: 3.0155
Test set Fidelity: 0.9628 std: 0.0248
Timesteps/1000: 4540.0
Reward: 3.0365
Test set Fidelity: 0.9628 std: 0.0247
Timesteps/1000: 4550.0
Reward: 3.0452
Test set Fidelity: 0.9630 std: 0.0245
Timesteps/1000: 4560.0
Reward: 2.9868
Test set Fidelity: 0.9622 std: 0.0251
Timesteps/1000: 4570.0
Reward: 2.9605
Test set Fidelity: 0.9620 std: 0.0252
Timesteps/1000: 4580.0
Reward: 2.9450
Test set Fidelity: 0.9615 std: 0.0257
Timesteps/1000: 4590.0
Reward: 2.9327
Test set Fidelity: 0.9612 std: 0.0263
Timesteps/1000: 4600.0
Reward: 2.9488
Test set Fidelity: 0.9617 std: 0.0257
Timesteps/1000: 4610.0
Reward: 2.9775
Test set Fidelity: 0.9620 std: 0.0252
Timesteps/1000: 4620.0
Reward: 2.9653
Test set Fidelity: 0.9619 std: 0.0253
Timesteps/1000: 4630.0
Reward: 2.9173
Test set Fidelity: 0.9615 std: 0.0259
Timesteps/1000: 4640.0
Reward: 2.9114
Test set Fidelity: 0.9614 std: 0.0258
Timesteps/1000: 4650.0
Reward: 2.8837
Test set Fidelity: 0.9614 std: 0.0258
Timesteps/1000: 4660.0
Reward: 2.9038
Test set Fidelity: 0.9615 std: 0.0260
Timesteps/1000: 4670.0
Reward: 2.8565
Test set Fidelity: 0.9612 std: 0.0264
Timesteps/1000: 4680.0
Reward: 2.8178
Test set Fidelity: 0.9609 std: 0.0264
Timesteps/1000: 4690.0
Reward: 2.8502
Test set Fidelity: 0.9616 std: 0.0259
Timesteps/1000: 4700.0
Reward: 2.8623
Test set Fidelity: 0.9615 std: 0.0260
Timesteps/1000: 4710.0
Reward: 2.8577
Test set Fidelity: 0.9613 std: 0.0263
Timesteps/1000: 4720.0
Reward: 2.8355
Test set Fidelity: 0.9610 std: 0.0261
Timesteps/1000: 4730.0
Reward: 2.8371
Test set Fidelity: 0.9611 std: 0.0259
Timesteps/1000: 4740.0
Reward: 2.8184
Test set Fidelity: 0.9607 std: 0.0260
Timesteps/1000: 4750.0
Reward: 2.7982
Test set Fidelity: 0.9608 std: 0.0259
Timesteps/1000: 4760.0
Reward: 2.7504
Test set Fidelity: 0.9608 std: 0.0258
Timesteps/1000: 4770.0
Reward: 2.7233
Test set Fidelity: 0.9599 std: 0.0264
Timesteps/1000: 4780.0
Reward: 2.7208
Test set Fidelity: 0.9602 std: 0.0259
Timesteps/1000: 4790.0
Reward: 2.6799
Test set Fidelity: 0.9596 std: 0.0264
Timesteps/1000: 4800.0
Reward: 2.6869
Test set Fidelity: 0.9596 std: 0.0264
Timesteps/1000: 4810.0
Reward: 2.7184
Test set Fidelity: 0.9599 std: 0.0262
Timesteps/1000: 4820.0
Reward: 2.7235
Test set Fidelity: 0.9600 std: 0.0263
Timesteps/1000: 4830.0
Reward: 2.7086
Test set Fidelity: 0.9600 std: 0.0267
Timesteps/1000: 4840.0
Reward: 2.6991
Test set Fidelity: 0.9597 std: 0.0267
Timesteps/1000: 4850.0
Reward: 2.7358
Test set Fidelity: 0.9595 std: 0.0265
Timesteps/1000: 4860.0
Reward: 2.7287
Test set Fidelity: 0.9596 std: 0.0265
Timesteps/1000: 4870.0
Reward: 2.6800
Test set Fidelity: 0.9592 std: 0.0269
Timesteps/1000: 4880.0
Reward: 2.6340
Test set Fidelity: 0.9588 std: 0.0271
Timesteps/1000: 4890.0
Reward: 2.6607
Test set Fidelity: 0.9594 std: 0.0266
Timesteps/1000: 4900.0
Reward: 2.6291
Test set Fidelity: 0.9591 std: 0.0264
Timesteps/1000: 4910.0
Reward: 2.6534
Test set Fidelity: 0.9591 std: 0.0271
Timesteps/1000: 4920.0
Reward: 2.6443
Test set Fidelity: 0.9589 std: 0.0276
Timesteps/1000: 4930.0
Reward: 2.6676
Test set Fidelity: 0.9590 std: 0.0270
Timesteps/1000: 4940.0
Reward: 2.6692
Test set Fidelity: 0.9591 std: 0.0272
Timesteps/1000: 4950.0
Reward: 2.6615
Test set Fidelity: 0.9589 std: 0.0272
Timesteps/1000: 4960.0
Reward: 2.6850
Test set Fidelity: 0.9592 std: 0.0264
Timesteps/1000: 4970.0
Reward: 2.6545
Test set Fidelity: 0.9590 std: 0.0266
Timesteps/1000: 4980.0
Reward: 2.6316
Test set Fidelity: 0.9587 std: 0.0269
Timesteps/1000: 4990.0
Reward: 2.6231
Test set Fidelity: 0.9585 std: 0.0268
Timesteps/1000: 5000.0
Reward: 2.6249
Test set Fidelity: 0.9585 std: 0.0268
 100% ━━━━━━━━━━━━━━━━━━ 5,000,000/5,000,… [ 1 day, 0:03:57 < 0:00:00 , ? it/s ]
